[00:22:39] Bot da chay. Nhan ESC de dung an toan.
[00:22:39] Da gan cua so BlueStacks: 'BlueStacks App Player' tai (1391, 718) kich thuoc 528x312
[00:22:39] State -> OPEN_HOME
[00:22:39] Da o san trong danh sach trai cay. Chuyen thang sang buoc tim dong can thu hoach.
[00:22:39] State -> SEARCH_TARGET_ROWS
[00:22:40] State -> HARVEST_ROW
[00:22:40] Harvest 'starfruit' tai button (213, 105) (label_score=0.854, button_score=0.919)
[00:22:41] State -> SEARCH_TARGET_ROWS
[00:22:42] State -> HARVEST_ROW
[00:22:42] Harvest 'starfruit' tai button (439, 105) (label_score=0.812, button_score=0.915)
[00:22:43] State -> SEARCH_TARGET_ROWS
[00:22:43] State -> HARVEST_ROW
[00:22:43] Harvest 'starfruit' tai button (213, 105) (label_score=0.854, button_score=0.905)
[00:22:44] State -> SEARCH_TARGET_ROWS
[00:22:44] State -> HARVEST_ROW
[00:22:44] Harvest 'starfruit' tai button (439, 105) (label_score=0.812, button_score=0.915)
[00:22:45] State -> SEARCH_TARGET_ROWS
[00:22:46] State -> HARVEST_ROW
[00:22:46] Harvest 'starfruit' tai button (439, 105) (label_score=0.812, button_score=0.915)
[00:22:47] State -> SEARCH_TARGET_ROWS
[00:22:47] State -> HARVEST_ROW
[00:22:47] Harvest 'starfruit' tai button (439, 105) (label_score=0.812, button_score=0.915)
[00:22:48] State -> SEARCH_TARGET_ROWS
[00:22:49] State -> HARVEST_ROW
[00:22:49] Harvest 'starfruit' tai button (439, 105) (label_score=0.812, button_score=0.915)
[00:22:50] State -> SEARCH_TARGET_ROWS
[00:22:50] State -> HARVEST_ROW
[00:22:50] Harvest 'starfruit' tai button (439, 105) (label_score=0.812, button_score=0.915)
[00:22:51] State -> SEARCH_TARGET_ROWS
[00:22:52] State -> HARVEST_ROW
[00:22:52] Harvest 'starfruit' tai button (439, 105) (label_score=0.812, button_score=0.915)
[00:22:53] State -> SEARCH_TARGET_ROWS
[00:22:53] State -> HARVEST_ROW
[00:22:53] Harvest 'starfruit' tai button (439, 105) (label_score=0.812, button_score=0.915)
[00:22:54] State -> SEARCH_TARGET_ROWS
[00:22:55] State -> HARVEST_ROW
[00:22:55] Harvest 'starfruit' tai button (439, 105) (label_score=0.812, button_score=0.915)
[00:22:56] State -> SEARCH_TARGET_ROWS
[00:22:56] State -> HARVEST_ROW
[00:22:56] Harvest 'starfruit' tai button (439, 105) (label_score=0.812, button_score=0.915)
[00:22:57] State -> SEARCH_TARGET_ROWS
[00:22:58] State -> HARVEST_ROW
[00:22:58] Harvest 'starfruit' tai button (439, 105) (label_score=0.812, button_score=0.915)
[00:22:59] State -> SEARCH_TARGET_ROWS
[00:22:59] State -> HARVEST_ROW
[00:22:59] Harvest 'starfruit' tai button (439, 105) (label_score=0.812, button_score=0.915)
[00:23:00] State -> SEARCH_TARGET_ROWS
[00:23:00] State -> HARVEST_ROW
[00:23:00] Harvest 'starfruit' tai button (439, 105) (label_score=0.812, button_score=0.915)
[00:23:01] State -> SEARCH_TARGET_ROWS
[00:23:02] State -> HARVEST_ROW
[00:23:02] Harvest 'starfruit' tai button (439, 105) (label_score=0.812, button_score=0.915)
[00:23:03] State -> SEARCH_TARGET_ROWS
[00:23:03] State -> HARVEST_ROW
[00:23:03] Harvest 'starfruit' tai button (439, 105) (label_score=0.812, button_score=0.915)
[00:23:04] State -> SEARCH_TARGET_ROWS
[00:23:04] State -> HARVEST_ROW
[00:23:04] Harvest 'starfruit' tai button (439, 105) (label_score=0.812, button_score=0.915)
[00:23:05] State -> SEARCH_TARGET_ROWS
[00:23:06] State -> HARVEST_ROW
[00:23:06] Harvest 'starfruit' tai button (439, 105) (label_score=0.812, button_score=0.915)
[00:23:07] State -> SEARCH_TARGET_ROWS
[00:23:07] State -> HARVEST_ROW
[00:23:07] Harvest 'starfruit' tai button (439, 105) (label_score=0.812, button_score=0.915)
[00:23:08] State -> SEARCH_TARGET_ROWS
[00:23:09] State -> HARVEST_ROW
[00:23:09] Harvest 'starfruit' tai button (439, 105) (label_score=0.812, button_score=0.915)
[00:23:10] State -> SEARCH_TARGET_ROWS
[00:23:10] State -> HARVEST_ROW
[00:23:10] Harvest 'starfruit' tai button (439, 105) (label_score=0.812, button_score=0.915)
[00:23:11] State -> SEARCH_TARGET_ROWS
[00:23:12] State -> HARVEST_ROW
[00:23:12] Harvest 'starfruit' tai button (439, 105) (label_score=0.812, button_score=0.915)
[00:23:13] State -> SEARCH_TARGET_ROWS
[00:23:13] State -> HARVEST_ROW
[00:23:13] Harvest 'starfruit' tai button (439, 105) (label_score=0.812, button_score=0.915)
[00:23:14] State -> SEARCH_TARGET_ROWS
[00:23:15] State -> HARVEST_ROW
[00:23:15] Harvest 'starfruit' tai button (439, 105) (label_score=0.812, button_score=0.915)
[00:23:16] State -> SEARCH_TARGET_ROWS
[00:23:16] State -> HARVEST_ROW
[00:23:16] Harvest 'starfruit' tai button (439, 105) (label_score=0.812, button_score=0.915)
[00:23:17] State -> SEARCH_TARGET_ROWS
[00:23:18] State -> HARVEST_ROW
[00:23:18] Harvest 'starfruit' tai button (439, 105) (label_score=0.812, button_score=0.915)
[00:23:19] State -> SEARCH_TARGET_ROWS
[00:23:19] State -> HARVEST_ROW
[00:23:19] Harvest 'starfruit' tai button (439, 105) (label_score=0.812, button_score=0.915)
[00:23:20] State -> SEARCH_TARGET_ROWS
[00:23:21] State -> HARVEST_ROW
[00:23:21] Harvest 'starfruit' tai button (439, 105) (label_score=0.812, button_score=0.915)
[00:23:22] State -> SEARCH_TARGET_ROWS
[00:23:22] Loi nghiem trong: (0, 'SetForegroundWindow', 'No error message is available')
[00:23:22] Da tat bot.
