[07:41:11] Bot da chay. Nhan ESC de dung an toan.
[07:41:11] Da gan cua so BlueStacks: 'BlueStacks App Player' tai (1391, 720) kich thuoc 528x312
[07:41:11] State -> OPEN_HOME
[07:41:11] Da o san trong danh sach trai cay. Chuyen thang sang buoc tim dong can thu hoach.
[07:41:11] State -> SEARCH_TARGET_ROWS
[07:41:12] State -> HARVEST_ROW
[07:41:12] Harvest 'starfruit' tai button (213, 105) (label_score=0.914, button_score=0.919)
[07:41:13] State -> SEARCH_TARGET_ROWS
[07:41:14] State -> HARVEST_ROW
[07:41:14] Harvest 'starfruit' tai button (439, 105) (label_score=0.862, button_score=0.915)
[07:41:15] State -> SEARCH_TARGET_ROWS
[07:41:15] State -> HARVEST_ROW
[07:41:15] Harvest 'starfruit' tai button (213, 105) (label_score=0.914, button_score=0.919)
[07:41:16] State -> SEARCH_TARGET_ROWS
[07:41:16] State -> HARVEST_ROW
[07:41:16] Harvest 'starfruit' tai button (439, 105) (label_score=0.862, button_score=0.915)
[07:41:17] State -> SEARCH_TARGET_ROWS
[07:41:18] State -> HARVEST_ROW
[07:41:18] Harvest 'starfruit' tai button (213, 105) (label_score=0.914, button_score=0.919)
[07:41:19] State -> SEARCH_TARGET_ROWS
[07:41:19] State -> HARVEST_ROW
[07:41:19] Harvest 'starfruit' tai button (213, 105) (label_score=0.914, button_score=0.919)
[07:41:20] State -> SEARCH_TARGET_ROWS
[07:41:21] State -> HARVEST_ROW
[07:41:21] Harvest 'starfruit' tai button (439, 105) (label_score=0.862, button_score=0.915)
[07:41:22] State -> SEARCH_TARGET_ROWS
[07:41:22] State -> HARVEST_ROW
[07:41:22] Harvest 'starfruit' tai button (213, 105) (label_score=0.914, button_score=0.919)
[07:41:23] State -> SEARCH_TARGET_ROWS
[07:41:23] State -> HARVEST_ROW
[07:41:23] Harvest 'starfruit' tai button (439, 105) (label_score=0.862, button_score=0.915)
[07:41:24] State -> SEARCH_TARGET_ROWS
[07:41:25] State -> HARVEST_ROW
[07:41:25] Harvest 'starfruit' tai button (213, 105) (label_score=0.914, button_score=0.919)
[07:41:25] State -> SEARCH_TARGET_ROWS
[07:41:26] State -> HARVEST_ROW
[07:41:26] Harvest 'starfruit' tai button (439, 105) (label_score=0.862, button_score=0.915)
[07:41:27] State -> SEARCH_TARGET_ROWS
[07:41:27] State -> HARVEST_ROW
[07:41:27] Harvest 'starfruit' tai button (213, 105) (label_score=0.914, button_score=0.919)
[07:41:28] State -> SEARCH_TARGET_ROWS
[07:41:29] State -> HARVEST_ROW
[07:41:29] Harvest 'starfruit' tai button (213, 105) (label_score=0.912, button_score=0.919)
[07:41:30] State -> SEARCH_TARGET_ROWS
[07:41:30] State -> HARVEST_ROW
[07:41:30] Harvest 'starfruit' tai button (439, 105) (label_score=0.859, button_score=0.915)
[07:41:31] State -> SEARCH_TARGET_ROWS
[07:41:31] State -> HARVEST_ROW
[07:41:31] Harvest 'starfruit' tai button (213, 105) (label_score=0.912, button_score=0.919)
[07:41:32] State -> SEARCH_TARGET_ROWS
[07:41:33] State -> HARVEST_ROW
[07:41:33] Harvest 'starfruit' tai button (439, 105) (label_score=0.859, button_score=0.915)
[07:41:33] State -> SEARCH_TARGET_ROWS
[07:41:34] State -> HARVEST_ROW
[07:41:34] Harvest 'starfruit' tai button (213, 105) (label_score=0.912, button_score=0.919)
[07:41:35] State -> SEARCH_TARGET_ROWS
[07:41:35] State -> HARVEST_ROW
[07:41:35] Harvest 'starfruit' tai button (439, 105) (label_score=0.859, button_score=0.915)
[07:41:36] State -> SEARCH_TARGET_ROWS
[07:41:36] State -> HARVEST_ROW
[07:41:36] Harvest 'starfruit' tai button (213, 105) (label_score=0.912, button_score=0.919)
[07:41:37] State -> SEARCH_TARGET_ROWS
[07:41:37] State -> HARVEST_ROW
[07:41:37] Harvest 'starfruit' tai button (439, 105) (label_score=0.859, button_score=0.915)
[07:41:38] State -> SEARCH_TARGET_ROWS
[07:41:39] State -> HARVEST_ROW
[07:41:39] Harvest 'starfruit' tai button (213, 105) (label_score=0.912, button_score=0.919)
[07:41:40] State -> SEARCH_TARGET_ROWS
[07:41:40] State -> HARVEST_ROW
[07:41:40] Harvest 'starfruit' tai button (213, 105) (label_score=0.912, button_score=0.919)
[07:41:41] State -> SEARCH_TARGET_ROWS
[07:41:42] State -> HARVEST_ROW
[07:41:42] Harvest 'starfruit' tai button (213, 105) (label_score=0.912, button_score=0.919)
[07:41:43] State -> SEARCH_TARGET_ROWS
[07:41:43] State -> HARVEST_ROW
[07:41:43] Harvest 'starfruit' tai button (439, 105) (label_score=0.859, button_score=0.915)
[07:41:44] State -> SEARCH_TARGET_ROWS
[07:41:44] State -> HARVEST_ROW
[07:41:44] Harvest 'starfruit' tai button (213, 105) (label_score=0.912, button_score=0.919)
[07:41:45] State -> SEARCH_TARGET_ROWS
[07:41:46] State -> HARVEST_ROW
[07:41:46] Harvest 'starfruit' tai button (213, 105) (label_score=0.914, button_score=0.919)
[07:41:47] State -> SEARCH_TARGET_ROWS
[07:41:47] State -> HARVEST_ROW
[07:41:47] Harvest 'starfruit' tai button (439, 105) (label_score=0.862, button_score=0.915)
[07:41:48] State -> SEARCH_TARGET_ROWS
[07:41:48] State -> HARVEST_ROW
[07:41:48] Harvest 'starfruit' tai button (213, 105) (label_score=0.914, button_score=0.919)
[07:41:49] State -> SEARCH_TARGET_ROWS
[07:41:49] State -> HARVEST_ROW
[07:41:49] Harvest 'starfruit' tai button (439, 105) (label_score=0.862, button_score=0.915)
[07:41:50] State -> SEARCH_TARGET_ROWS
[07:41:51] State -> HARVEST_ROW
[07:41:51] Harvest 'starfruit' tai button (213, 105) (label_score=0.914, button_score=0.919)
[07:41:52] State -> SEARCH_TARGET_ROWS
[07:41:52] State -> HARVEST_ROW
[07:41:52] Harvest 'starfruit' tai button (213, 105) (label_score=0.914, button_score=0.919)
[07:41:53] State -> SEARCH_TARGET_ROWS
[07:41:53] State -> HARVEST_ROW
[07:41:53] Harvest 'starfruit' tai button (439, 105) (label_score=0.862, button_score=0.915)
[07:41:54] State -> SEARCH_TARGET_ROWS
[07:41:54] State -> HARVEST_ROW
[07:41:54] Harvest 'starfruit' tai button (213, 105) (label_score=0.914, button_score=0.919)
[07:41:55] State -> SEARCH_TARGET_ROWS
[07:41:56] State -> HARVEST_ROW
[07:41:56] Harvest 'starfruit' tai button (439, 105) (label_score=0.862, button_score=0.915)
[07:41:57] State -> SEARCH_TARGET_ROWS
[07:41:57] State -> HARVEST_ROW
[07:41:57] Harvest 'starfruit' tai button (213, 105) (label_score=0.914, button_score=0.919)
[07:41:58] State -> SEARCH_TARGET_ROWS
[07:41:58] State -> HARVEST_ROW
[07:41:58] Harvest 'starfruit' tai button (439, 105) (label_score=0.862, button_score=0.915)
[07:42:00] State -> SEARCH_TARGET_ROWS
[07:42:00] State -> HARVEST_ROW
[07:42:00] Harvest 'starfruit' tai button (213, 105) (label_score=0.914, button_score=0.919)
[07:42:01] State -> SEARCH_TARGET_ROWS
[07:42:01] State -> HARVEST_ROW
[07:42:01] Harvest 'starfruit' tai button (439, 105) (label_score=0.859, button_score=0.915)
[07:42:02] State -> SEARCH_TARGET_ROWS
[07:42:02] State -> HARVEST_ROW
[07:42:02] Harvest 'starfruit' tai button (213, 105) (label_score=0.912, button_score=0.919)
[07:42:03] State -> SEARCH_TARGET_ROWS
[07:42:04] State -> HARVEST_ROW
[07:42:04] Harvest 'starfruit' tai button (213, 105) (label_score=0.912, button_score=0.919)
[07:42:04] State -> SEARCH_TARGET_ROWS
[07:42:05] State -> HARVEST_ROW
[07:42:05] Harvest 'starfruit' tai button (439, 105) (label_score=0.859, button_score=0.915)
[07:42:06] State -> SEARCH_TARGET_ROWS
[07:42:06] State -> HARVEST_ROW
[07:42:06] Harvest 'starfruit' tai button (213, 105) (label_score=0.912, button_score=0.919)
[07:42:07] State -> SEARCH_TARGET_ROWS
[07:42:08] State -> HARVEST_ROW
[07:42:08] Harvest 'starfruit' tai button (213, 105) (label_score=0.912, button_score=0.919)
[07:42:08] State -> SEARCH_TARGET_ROWS
[07:42:09] State -> HARVEST_ROW
[07:42:09] Harvest 'starfruit' tai button (439, 105) (label_score=0.859, button_score=0.915)
[07:42:10] State -> SEARCH_TARGET_ROWS
[07:42:10] State -> HARVEST_ROW
[07:42:10] Harvest 'starfruit' tai button (213, 105) (label_score=0.912, button_score=0.919)
[07:42:11] State -> SEARCH_TARGET_ROWS
[07:42:11] State -> HARVEST_ROW
[07:42:11] Harvest 'starfruit' tai button (439, 105) (label_score=0.862, button_score=0.915)
[07:42:12] State -> SEARCH_TARGET_ROWS
[07:42:12] State -> HARVEST_ROW
[07:42:12] Harvest 'starfruit' tai button (213, 105) (label_score=0.914, button_score=0.919)
[07:42:13] State -> SEARCH_TARGET_ROWS
[07:42:14] State -> HARVEST_ROW
[07:42:14] Harvest 'starfruit' tai button (213, 105) (label_score=0.914, button_score=0.919)
[07:42:15] State -> SEARCH_TARGET_ROWS
[07:42:15] State -> HARVEST_ROW
[07:42:15] Harvest 'starfruit' tai button (439, 105) (label_score=0.862, button_score=0.915)
[07:42:16] State -> SEARCH_TARGET_ROWS
[07:42:16] State -> BAG_FULL
[07:42:16] Da luu anh runtime: bag_full_live_detected.png
[07:42:16] Phat hien thong bao day tui. Thu dong popup bang nut X.
[07:42:16] Clicked 'close_harvest_popup' bang template tai (470, 58).
[07:42:18] Da luu anh runtime: after_bag_full_close.png
[07:42:18] Bat dau quy trinh ban nong san sau khi day tui.
[07:42:18] State -> OPEN_SELL_ENTRY
[07:42:18] Clicked 'sell_entry' bang template tai (428, 103).
[07:42:18] State -> OPEN_SELL_CART
[07:42:19] Da o san man hinh chinh co nut 'Ban'.
[07:42:19] State -> OPEN_SELL_ENTRY
[07:42:20] Clicked 'sell_entry' bang template tai (428, 103).
[07:42:21] State -> OPEN_SELL_CART
[07:42:22] Da o san man hinh chinh co nut 'Ban'.
[07:42:22] State -> OPEN_SELL_ENTRY
[07:42:23] Clicked 'sell_entry' bang template tai (428, 103).
[07:42:23] State -> OPEN_SELL_CART
[07:42:24] Da o san man hinh chinh co nut 'Ban'.
[07:42:24] State -> OPEN_SELL_ENTRY
[07:42:26] Clicked 'sell_entry' bang template tai (428, 103).
[07:42:26] State -> OPEN_SELL_CART
[07:42:27] Da o san man hinh chinh co nut 'Ban'.
[07:42:27] State -> OPEN_SELL_ENTRY
[07:42:28] Clicked 'sell_entry' bang template tai (428, 103).
[07:42:29] State -> OPEN_SELL_CART
[07:42:30] Da o san man hinh chinh co nut 'Ban'.
[07:42:30] State -> OPEN_SELL_ENTRY
[07:42:31] Clicked 'sell_entry' bang template tai (428, 103).
[07:42:32] State -> OPEN_SELL_CART
[07:42:33] Da o san man hinh chinh co nut 'Ban'.
[07:42:33] State -> OPEN_SELL_ENTRY
[07:42:34] Clicked 'sell_entry' bang template tai (428, 103).
[07:42:34] State -> OPEN_SELL_CART
[07:42:36] Da o san man hinh chinh co nut 'Ban'.
[07:42:36] State -> OPEN_SELL_ENTRY
[07:42:37] Clicked 'sell_entry' bang template tai (428, 103).
[07:42:37] State -> OPEN_SELL_CART
[07:42:38] Da o san man hinh chinh co nut 'Ban'.
[07:42:38] State -> OPEN_SELL_ENTRY
[07:42:39] Clicked 'sell_entry' bang template tai (428, 103).
[07:42:40] State -> OPEN_SELL_CART
[07:42:41] Da o san man hinh chinh co nut 'Ban'.
[07:42:41] State -> OPEN_SELL_ENTRY
[07:42:42] Clicked 'sell_entry' bang template tai (428, 103).
[07:42:42] State -> OPEN_SELL_CART
[07:42:44] Da o san man hinh chinh co nut 'Ban'.
[07:42:44] State -> OPEN_SELL_ENTRY
[07:42:45] Clicked 'sell_entry' bang template tai (428, 103).
[07:42:45] State -> OPEN_SELL_CART
[07:42:46] Da o san man hinh chinh co nut 'Ban'.
[07:42:46] State -> OPEN_SELL_ENTRY
[07:42:48] Clicked 'sell_entry' bang template tai (428, 103).
[07:42:48] State -> OPEN_SELL_CART
[07:42:49] Da o san man hinh chinh co nut 'Ban'.
[07:42:49] State -> OPEN_SELL_ENTRY
