[07:23:43] Bot da chay. Nhan ESC de dung an toan.
[07:23:43] Da gan cua so BlueStacks: 'BlueStacks App Player' tai (1391, 720) kich thuoc 528x312
[07:23:43] Phat hien dang o giua quy trinh ban. Tiep tuc tu man hinh hien tai.
[07:23:43] Da o san giao dien 'Ban nong san'.
[07:23:43] State -> SELL_AUTO_SELECT
[07:23:44] Clicked 'sell_auto_select' bang template tai (336, 289).
[07:23:48] Sau buoc 'Chon tu dong' khong xuat hien nut xanh so tien. Xem nhu khong con nong san de ban.
[07:23:48] State -> SELL_CLOSE_SCREEN
[07:23:49] Clicked 'sell_screen_close' bang template tai (470, 49).
[07:23:49] State -> SELL_DISMISS_END_DIALOG
[07:23:50] Clicked 'npc_dialog_continue' bang template+offset tai (260, 273).
[07:23:52] Clicked 'npc_dialog_continue' bang template+offset tai (260, 273).
[07:23:53] Da thoat khoi quy trinh ban va quay lai man hinh chinh.
[07:23:53] State -> SESSION_DONE
[07:23:53] Hoan tat quy trinh tu dong.
[07:23:55] Ban xong. Bat dau lai vong thu hoach moi ngay.
[07:23:55] State -> OPEN_HOME
[07:23:55] Bo qua fallback cho 'open_home' vi allow_fallback_clicks=false.
[07:23:57] Bo qua fallback cho 'open_home' vi allow_fallback_clicks=false.
[07:23:58] Bo qua fallback cho 'open_home' vi allow_fallback_clicks=false.
[07:23:59] Bo qua fallback cho 'open_home' vi allow_fallback_clicks=false.
[07:24:01] Bo qua fallback cho 'open_home' vi allow_fallback_clicks=false.
[07:24:01] Khong mo duoc 'Nha ta'. Lan kiem tra tiep theo sau 151.0 giay.
[07:24:01] State -> WAIT_FOR_CHECK
