[07:48:42] Bot da chay. Nhan ESC de dung an toan.
[07:48:42] Da gan cua so BlueStacks: 'BlueStacks App Player' tai (1391, 720) kich thuoc 528x312
[07:48:42] State -> OPEN_HOME
[07:48:42] Da o san popup quan ly nha. Chuyen thang sang buoc click 'Thu hoach trai'.
[07:48:42] State -> OPEN_HARVEST_POPUP
[07:48:44] Clicked 'harvest_fruit_popup' bang template tai (248, 136).
[07:48:44] State -> SEARCH_TARGET_ROWS
[07:48:45] State -> HARVEST_ROW
[07:48:45] Harvest 'starfruit' tai button (213, 105) (label_score=0.914, button_score=0.919)
[07:48:46] State -> SEARCH_TARGET_ROWS
[07:48:46] State -> BAG_FULL
[07:48:46] Da luu anh runtime: bag_full_live_detected.png
[07:48:46] Phat hien thong bao day tui. Thu dong popup bang nut X.
[07:48:46] Clicked 'close_harvest_popup' bang template tai (470, 58).
[07:48:48] Da luu anh runtime: after_bag_full_close.png
[07:48:48] Bat dau quy trinh ban nong san sau khi day tui.
[07:48:48] State -> OPEN_SELL_ENTRY
[07:48:48] Clicked 'sell_entry' bang template tai (428, 103).
[07:48:48] State -> OPEN_SELL_CART
[07:48:49] Da o san man hinh chinh co nut 'Ban'.
[07:48:49] State -> OPEN_SELL_ENTRY
[07:48:51] Clicked 'sell_entry' bang template tai (428, 103).
[07:48:51] State -> OPEN_SELL_CART
[07:48:52] Da o san man hinh chinh co nut 'Ban'.
[07:48:52] State -> OPEN_SELL_ENTRY
[07:48:53] Clicked 'sell_entry' bang template tai (428, 103).
[07:48:54] State -> OPEN_SELL_CART
[07:48:55] Da o san man hinh chinh co nut 'Ban'.
[07:48:55] State -> OPEN_SELL_ENTRY
[07:48:56] Clicked 'sell_entry' bang template tai (428, 103).
[07:48:56] State -> OPEN_SELL_CART
[07:48:58] Da o san man hinh chinh co nut 'Ban'.
[07:48:58] State -> OPEN_SELL_ENTRY
[07:48:59] Clicked 'sell_entry' bang template tai (428, 103).
[07:48:59] State -> OPEN_SELL_CART
[07:49:01] Da o san man hinh chinh co nut 'Ban'.
[07:49:01] State -> OPEN_SELL_ENTRY
[07:49:02] Clicked 'sell_entry' bang template tai (428, 103).
[07:49:02] State -> OPEN_SELL_CART
[07:49:03] Da o san man hinh chinh co nut 'Ban'.
[07:49:03] State -> OPEN_SELL_ENTRY
[07:49:05] Clicked 'sell_entry' bang template tai (428, 103).
[07:49:05] State -> OPEN_SELL_CART
[07:49:06] Da o san man hinh chinh co nut 'Ban'.
[07:49:06] State -> OPEN_SELL_ENTRY
[07:49:07] Clicked 'sell_entry' bang template tai (428, 103).
[07:49:07] State -> OPEN_SELL_CART
[07:49:09] Da o san man hinh chinh co nut 'Ban'.
[07:49:09] State -> OPEN_SELL_ENTRY
[07:49:10] Clicked 'sell_entry' bang template tai (428, 103).
[07:49:10] State -> OPEN_SELL_CART
[07:49:12] Da o san man hinh chinh co nut 'Ban'.
[07:49:12] State -> OPEN_SELL_ENTRY
[07:49:13] Clicked 'sell_entry' bang template tai (428, 103).
[07:49:13] State -> OPEN_SELL_CART
[07:49:15] Da o san man hinh chinh co nut 'Ban'.
[07:49:15] State -> OPEN_SELL_ENTRY
[07:49:16] Clicked 'sell_entry' bang template tai (428, 103).
[07:49:16] State -> OPEN_SELL_CART
[07:49:17] Da o san man hinh chinh co nut 'Ban'.
[07:49:17] State -> OPEN_SELL_ENTRY
[07:49:18] Clicked 'sell_entry' bang template tai (428, 103).
[07:49:19] State -> OPEN_SELL_CART
[07:49:20] Da o san man hinh chinh co nut 'Ban'.
[07:49:20] State -> OPEN_SELL_ENTRY
[07:49:21] Clicked 'sell_entry' bang template tai (428, 103).
[07:49:21] State -> OPEN_SELL_CART
[07:49:22] Da o san man hinh chinh co nut 'Ban'.
[07:49:22] State -> OPEN_SELL_ENTRY
[07:49:23] Clicked 'sell_entry' bang template tai (428, 103).
[07:49:24] State -> OPEN_SELL_CART
[07:49:25] Da o san man hinh chinh co nut 'Ban'.
[07:49:25] State -> OPEN_SELL_ENTRY
[07:49:26] Clicked 'sell_entry' bang template tai (428, 103).
[07:49:26] State -> OPEN_SELL_CART
[07:49:27] Da o san man hinh chinh co nut 'Ban'.
[07:49:27] State -> OPEN_SELL_ENTRY
[07:49:29] Clicked 'sell_entry' bang template tai (428, 103).
[07:49:29] State -> OPEN_SELL_CART
[07:49:31] Da o san man hinh chinh co nut 'Ban'.
[07:49:31] State -> OPEN_SELL_ENTRY
[07:49:32] Clicked 'sell_entry' bang template tai (428, 103).
[07:49:32] State -> OPEN_SELL_CART
[07:49:33] Da o san man hinh chinh co nut 'Ban'.
[07:49:33] State -> OPEN_SELL_ENTRY
[07:49:34] Clicked 'sell_entry' bang template tai (428, 103).
[07:49:35] State -> OPEN_SELL_CART
[07:49:36] Da o san man hinh chinh co nut 'Ban'.
[07:49:36] State -> OPEN_SELL_ENTRY
[07:49:37] Clicked 'sell_entry' bang template tai (428, 103).
[07:49:37] State -> OPEN_SELL_CART
[07:49:39] Da o san man hinh chinh co nut 'Ban'.
[07:49:39] State -> OPEN_SELL_ENTRY
[07:49:40] Clicked 'sell_entry' bang template tai (428, 103).
[07:49:40] State -> OPEN_SELL_CART
[07:49:42] Da o san man hinh chinh co nut 'Ban'.
[07:49:42] State -> OPEN_SELL_ENTRY
[07:49:43] Clicked 'sell_entry' bang template tai (428, 103).
[07:49:43] State -> OPEN_SELL_CART
[07:49:44] Da o san man hinh chinh co nut 'Ban'.
[07:49:44] State -> OPEN_SELL_ENTRY
[07:49:45] Clicked 'sell_entry' bang template tai (428, 103).
[07:49:45] State -> OPEN_SELL_CART
[07:49:47] Da o san man hinh chinh co nut 'Ban'.
[07:49:47] State -> OPEN_SELL_ENTRY
[07:49:48] Clicked 'sell_entry' bang template tai (428, 103).
[07:49:48] State -> OPEN_SELL_CART
[07:49:49] Da o san man hinh chinh co nut 'Ban'.
[07:49:49] State -> OPEN_SELL_ENTRY
[07:49:51] Clicked 'sell_entry' bang template tai (428, 103).
[07:49:51] State -> OPEN_SELL_CART
[07:49:52] Da o san man hinh chinh co nut 'Ban'.
[07:49:52] State -> OPEN_SELL_ENTRY
[07:49:53] Clicked 'sell_entry' bang template tai (428, 103).
[07:49:54] State -> OPEN_SELL_CART
[07:49:55] Da o san man hinh chinh co nut 'Ban'.
[07:49:55] State -> OPEN_SELL_ENTRY
[07:49:56] Clicked 'sell_entry' bang template tai (428, 103).
[07:49:56] State -> OPEN_SELL_CART
[07:49:58] Da o san man hinh chinh co nut 'Ban'.
[07:49:58] State -> OPEN_SELL_ENTRY
[07:49:59] Clicked 'sell_entry' bang template tai (428, 103).
[07:49:59] State -> OPEN_SELL_CART
[07:50:00] Da o san man hinh chinh co nut 'Ban'.
[07:50:00] State -> OPEN_SELL_ENTRY
[07:50:02] Clicked 'sell_entry' bang template tai (428, 103).
[07:50:02] State -> OPEN_SELL_CART
[07:50:03] Da o san man hinh chinh co nut 'Ban'.
[07:50:03] State -> OPEN_SELL_ENTRY
[07:50:04] Clicked 'sell_entry' bang template tai (428, 103).
[07:50:05] State -> OPEN_SELL_CART
[07:50:06] Clicked 'sell_cart' bang template tai (229, 100).
[07:50:06] State -> ADVANCE_SELL_NPC_DIALOG
[07:50:07] Clicked 'npc_dialog_continue' bang template+offset tai (260, 273).
[07:50:07] State -> OPEN_SELL_PRODUCE_OPTION
[07:50:08] Clicked 'sell_produce_option' bang template tai (415, 190).
[07:50:09] State -> SELL_AUTO_SELECT
[07:50:10] Clicked 'sell_auto_select' bang template tai (336, 289).
[07:50:12] Da co nut xanh so tien sau buoc 'Chon tu dong'.
[07:50:12] State -> SELL_SUBMIT_SELECTION
[07:50:13] Clicked 'sell_bottom_submit' bang template tai (427, 286).
[07:50:15] Da o san popup xac nhan ban hang voi nut xanh so tien.
[07:50:15] State -> SELL_CONFIRM_POPUP_SUBMIT
[07:50:16] Clicked 'sell_popup_submit' bang template+offset tai (249, 261).
[07:50:16] State -> SELL_FINAL_CONFIRM
[07:50:18] Clicked 'sell_final_confirm' bang template tai (314, 248).
[07:50:18] State -> SELL_SUCCESS_OK
[07:50:19] Clicked 'sell_success_ok' bang template tai (249, 246).
[07:50:19] State -> SELL_CLOSE_SCREEN
[07:50:20] Clicked 'sell_screen_close' bang template tai (470, 49).
[07:50:21] State -> SELL_DISMISS_END_DIALOG
[07:50:22] Clicked 'npc_dialog_continue' bang template+offset tai (260, 273).
[07:50:24] Clicked 'npc_dialog_continue' bang template+offset tai (260, 273).
[07:50:25] Da thoat khoi quy trinh ban va quay lai man hinh chinh.
[07:50:25] State -> SESSION_DONE
[07:50:25] Hoan tat quy trinh tu dong.
[07:50:26] Ban xong. Bat dau lai vong thu hoach moi ngay.
[07:50:26] State -> OPEN_HOME
[07:50:26] Bo qua fallback cho 'open_home' vi allow_fallback_clicks=false.
[07:50:28] Bo qua fallback cho 'open_home' vi allow_fallback_clicks=false.
[07:50:29] Bo qua fallback cho 'open_home' vi allow_fallback_clicks=false.
[07:50:30] Bo qua fallback cho 'open_home' vi allow_fallback_clicks=false.
