[00:11:10] Bot da chay. Nhan ESC de dung an toan.
[00:11:10] Da gan cua so BlueStacks: 'BlueStacks App Player' tai (1391, 718) kich thuoc 528x312
[00:11:10] State -> OPEN_HOME
[00:11:10] Da o san trong danh sach trai cay. Chuyen thang sang buoc tim dong can thu hoach.
[00:11:10] State -> SEARCH_TARGET_ROWS
[00:11:12] State -> HARVEST_ROW
[00:11:12] Harvest 'bean' tai button (213, 152) (label_score=1.000, button_score=0.927)
[00:11:12] State -> SEARCH_TARGET_ROWS
[00:11:13] State -> HARVEST_ROW
[00:11:13] Harvest 'bean' tai button (439, 152) (label_score=0.991, button_score=0.922)
[00:11:14] State -> SEARCH_TARGET_ROWS
[00:11:14] State -> HARVEST_ROW
[00:11:14] Harvest 'bean' tai button (213, 152) (label_score=1.000, button_score=0.927)
[00:11:15] State -> SEARCH_TARGET_ROWS
[00:11:15] State -> HARVEST_ROW
[00:11:15] Harvest 'bean' tai button (439, 152) (label_score=0.990, button_score=0.922)
[00:11:16] State -> SEARCH_TARGET_ROWS
[00:11:17] State -> HARVEST_ROW
[00:11:17] Harvest 'bean' tai button (213, 152) (label_score=0.999, button_score=0.927)
[00:11:18] State -> SEARCH_TARGET_ROWS
[00:11:19] State -> HARVEST_ROW
[00:11:19] Harvest 'bean' tai button (213, 152) (label_score=1.000, button_score=0.927)
