[21:08:39] Bot da chay. Nhan ESC de dung an toan.
[21:08:39] Da gan cua so BlueStacks: 'BlueStacks App Player' tai (1392, 720) kich thuoc 528x312
[21:08:40] State -> OPEN_HOME
[21:08:40] Da o san trong danh sach trai cay. Chuyen thang sang buoc tim dong can thu hoach.
[21:08:40] State -> SEARCH_TARGET_ROWS
[21:08:41] State -> HARVEST_ROW
[21:08:41] Harvest 'durian' tai button (213, 105) (label_score=0.853, button_score=0.919)
[21:08:42] State -> SEARCH_TARGET_ROWS
[21:08:43] State -> HARVEST_ROW
[21:08:43] Harvest 'durian' tai button (439, 105) (label_score=0.850, button_score=0.915)
[21:08:43] State -> SEARCH_TARGET_ROWS
[21:08:44] State -> HARVEST_ROW
[21:08:44] Harvest 'durian' tai button (213, 105) (label_score=0.853, button_score=0.919)
[21:08:45] State -> SEARCH_TARGET_ROWS
[21:08:45] State -> HARVEST_ROW
[21:08:45] Harvest 'durian' tai button (439, 105) (label_score=0.846, button_score=0.915)
[21:08:46] State -> SEARCH_TARGET_ROWS
[21:08:46] State -> HARVEST_ROW
[21:08:46] Harvest 'durian' tai button (213, 105) (label_score=0.854, button_score=0.919)
[21:08:47] State -> SEARCH_TARGET_ROWS
[21:08:48] State -> HARVEST_ROW
[21:08:48] Harvest 'durian' tai button (439, 105) (label_score=0.848, button_score=0.915)
[21:08:49] State -> SEARCH_TARGET_ROWS
[21:08:49] State -> HARVEST_ROW
[21:08:49] Harvest 'durian' tai button (213, 105) (label_score=0.850, button_score=0.919)
[21:08:50] State -> SEARCH_TARGET_ROWS
[21:08:50] State -> HARVEST_ROW
[21:08:50] Harvest 'durian' tai button (439, 105) (label_score=0.843, button_score=0.915)
[21:08:51] State -> SEARCH_TARGET_ROWS
[21:08:52] State -> HARVEST_ROW
[21:08:52] Harvest 'durian' tai button (213, 105) (label_score=0.849, button_score=0.919)
[21:08:53] State -> SEARCH_TARGET_ROWS
[21:08:53] State -> HARVEST_ROW
[21:08:53] Harvest 'durian' tai button (213, 105) (label_score=0.854, button_score=0.919)
[21:08:54] State -> SEARCH_TARGET_ROWS
[21:08:55] State -> HARVEST_ROW
[21:08:55] Harvest 'durian' tai button (213, 105) (label_score=0.871, button_score=0.919)
[21:08:56] State -> SEARCH_TARGET_ROWS
[21:08:56] State -> HARVEST_ROW
[21:08:56] Harvest 'durian' tai button (213, 105) (label_score=0.871, button_score=0.919)
[21:08:57] State -> SEARCH_TARGET_ROWS
[21:08:57] State -> HARVEST_ROW
[21:08:57] Harvest 'durian' tai button (213, 105) (label_score=0.871, button_score=0.919)
[21:08:59] State -> SEARCH_TARGET_ROWS
[21:08:59] State -> HARVEST_ROW
[21:08:59] Harvest 'durian' tai button (213, 105) (label_score=0.870, button_score=0.919)
[21:09:00] State -> SEARCH_TARGET_ROWS
[21:09:00] State -> HARVEST_ROW
[21:09:00] Harvest 'durian' tai button (439, 105) (label_score=0.869, button_score=0.915)
[21:09:01] State -> SEARCH_TARGET_ROWS
[21:09:01] State -> HARVEST_ROW
[21:09:01] Harvest 'durian' tai button (213, 105) (label_score=0.870, button_score=0.919)
[21:09:02] State -> SEARCH_TARGET_ROWS
[21:09:03] State -> HARVEST_ROW
[21:09:03] Harvest 'durian' tai button (439, 105) (label_score=0.869, button_score=0.915)
[21:09:03] State -> SEARCH_TARGET_ROWS
[21:09:04] State -> HARVEST_ROW
[21:09:04] Harvest 'durian' tai button (213, 105) (label_score=0.870, button_score=0.919)
[21:09:05] State -> SEARCH_TARGET_ROWS
[21:09:05] State -> HARVEST_ROW
[21:09:05] Harvest 'durian' tai button (439, 105) (label_score=0.865, button_score=0.915)
[21:09:06] State -> SEARCH_TARGET_ROWS
[21:09:07] State -> HARVEST_ROW
[21:09:07] Harvest 'durian' tai button (213, 105) (label_score=0.868, button_score=0.919)
[21:09:08] State -> SEARCH_TARGET_ROWS
[21:09:08] State -> HARVEST_ROW
[21:09:08] Harvest 'durian' tai button (213, 105) (label_score=0.873, button_score=0.919)
[21:09:09] State -> SEARCH_TARGET_ROWS
[21:09:09] State -> HARVEST_ROW
[21:09:09] Harvest 'durian' tai button (213, 152) (label_score=0.999, button_score=0.927)
[21:09:10] State -> SEARCH_TARGET_ROWS
[21:09:11] State -> HARVEST_ROW
[21:09:11] Harvest 'durian' tai button (213, 105) (label_score=0.873, button_score=0.919)
[21:09:12] State -> SEARCH_TARGET_ROWS
[21:09:12] State -> HARVEST_ROW
[21:09:12] Harvest 'durian' tai button (213, 105) (label_score=0.868, button_score=0.919)
[21:09:13] State -> SEARCH_TARGET_ROWS
[21:09:13] State -> HARVEST_ROW
[21:09:13] Harvest 'durian' tai button (439, 105) (label_score=0.867, button_score=0.915)
[21:09:14] State -> SEARCH_TARGET_ROWS
[21:09:15] State -> HARVEST_ROW
[21:09:15] Harvest 'durian' tai button (213, 105) (label_score=0.868, button_score=0.919)
[21:09:16] State -> SEARCH_TARGET_ROWS
[21:09:16] State -> HARVEST_ROW
[21:09:16] Harvest 'durian' tai button (213, 105) (label_score=0.873, button_score=0.919)
[21:09:17] State -> SEARCH_TARGET_ROWS
[21:09:18] State -> HARVEST_ROW
[21:09:18] Harvest 'durian' tai button (213, 105) (label_score=0.873, button_score=0.919)
[21:09:18] State -> SEARCH_TARGET_ROWS
[21:09:19] State -> HARVEST_ROW
[21:09:19] Harvest 'durian' tai button (439, 105) (label_score=0.869, button_score=0.915)
[21:09:20] State -> SEARCH_TARGET_ROWS
[21:09:20] State -> HARVEST_ROW
[21:09:20] Harvest 'durian' tai button (213, 105) (label_score=0.873, button_score=0.919)
[21:09:21] State -> SEARCH_TARGET_ROWS
[21:09:21] State -> HARVEST_ROW
[21:09:21] Harvest 'durian' tai button (439, 105) (label_score=0.869, button_score=0.915)
[21:09:22] State -> SEARCH_TARGET_ROWS
[21:09:23] State -> HARVEST_ROW
[21:09:23] Harvest 'durian' tai button (213, 105) (label_score=0.873, button_score=0.919)
[21:09:24] State -> SEARCH_TARGET_ROWS
[21:09:24] State -> HARVEST_ROW
[21:09:24] Harvest 'durian' tai button (213, 105) (label_score=0.873, button_score=0.919)
[21:09:25] State -> SEARCH_TARGET_ROWS
[21:09:25] State -> HARVEST_ROW
[21:09:25] Harvest 'durian' tai button (439, 105) (label_score=0.865, button_score=0.915)
[21:09:26] State -> SEARCH_TARGET_ROWS
[21:09:27] State -> HARVEST_ROW
[21:09:27] Harvest 'durian' tai button (213, 105) (label_score=0.867, button_score=0.919)
[21:09:28] State -> SEARCH_TARGET_ROWS
[21:09:28] State -> HARVEST_ROW
[21:09:28] Harvest 'durian' tai button (213, 105) (label_score=0.867, button_score=0.919)
[21:09:29] State -> SEARCH_TARGET_ROWS
[21:09:30] State -> HARVEST_ROW
[21:09:30] Harvest 'durian' tai button (213, 105) (label_score=0.867, button_score=0.919)
[21:09:31] State -> SEARCH_TARGET_ROWS
[21:09:31] State -> HARVEST_ROW
[21:09:31] Harvest 'durian' tai button (213, 105) (label_score=0.867, button_score=0.919)
[21:09:32] State -> SEARCH_TARGET_ROWS
[21:09:33] State -> HARVEST_ROW
[21:09:33] Harvest 'durian' tai button (213, 105) (label_score=0.867, button_score=0.919)
[21:09:34] State -> SEARCH_TARGET_ROWS
[21:09:34] State -> HARVEST_ROW
[21:09:34] Harvest 'durian' tai button (213, 105) (label_score=0.867, button_score=0.919)
[21:09:35] State -> SEARCH_TARGET_ROWS
[21:09:35] State -> HARVEST_ROW
[21:09:35] Harvest 'durian' tai button (213, 105) (label_score=0.866, button_score=0.919)
[21:09:36] State -> SEARCH_TARGET_ROWS
[21:09:37] State -> HARVEST_ROW
[21:09:37] Harvest 'durian' tai button (439, 105) (label_score=0.862, button_score=0.915)
[21:09:38] State -> SEARCH_TARGET_ROWS
[21:09:38] State -> HARVEST_ROW
[21:09:38] Harvest 'durian' tai button (213, 105) (label_score=0.865, button_score=0.919)
[21:09:39] State -> SEARCH_TARGET_ROWS
[21:09:39] State -> HARVEST_ROW
[21:09:39] Harvest 'durian' tai button (439, 105) (label_score=0.866, button_score=0.915)
[21:09:40] State -> SEARCH_TARGET_ROWS
[21:09:41] State -> HARVEST_ROW
[21:09:41] Harvest 'durian' tai button (213, 105) (label_score=0.867, button_score=0.919)
[21:09:42] State -> SEARCH_TARGET_ROWS
[21:09:42] State -> HARVEST_ROW
[21:09:42] Harvest 'durian' tai button (213, 105) (label_score=0.867, button_score=0.919)
[21:09:43] State -> SEARCH_TARGET_ROWS
[21:09:43] State -> HARVEST_ROW
[21:09:43] Harvest 'durian' tai button (439, 105) (label_score=0.867, button_score=0.915)
[21:09:44] State -> SEARCH_TARGET_ROWS
[21:09:45] State -> HARVEST_ROW
[21:09:45] Harvest 'durian' tai button (213, 105) (label_score=0.866, button_score=0.919)
[21:09:45] State -> SEARCH_TARGET_ROWS
[21:09:46] State -> HARVEST_ROW
[21:09:46] Harvest 'durian' tai button (439, 105) (label_score=0.866, button_score=0.915)
[21:09:47] State -> SEARCH_TARGET_ROWS
[21:09:47] State -> HARVEST_ROW
[21:09:47] Harvest 'durian' tai button (213, 105) (label_score=0.866, button_score=0.919)
[21:09:48] State -> SEARCH_TARGET_ROWS
[21:09:48] State -> HARVEST_ROW
[21:09:48] Harvest 'durian' tai button (439, 105) (label_score=0.868, button_score=0.915)
[21:09:49] State -> SEARCH_TARGET_ROWS
[21:09:50] State -> HARVEST_ROW
[21:09:50] Harvest 'durian' tai button (213, 105) (label_score=0.869, button_score=0.919)
[21:09:51] State -> SEARCH_TARGET_ROWS
[21:09:51] State -> HARVEST_ROW
[21:09:51] Harvest 'durian' tai button (439, 105) (label_score=0.873, button_score=0.915)
[21:09:52] State -> SEARCH_TARGET_ROWS
[21:09:53] State -> HARVEST_ROW
[21:09:53] Harvest 'durian' tai button (213, 105) (label_score=0.874, button_score=0.919)
[21:09:54] State -> SEARCH_TARGET_ROWS
[21:09:54] State -> HARVEST_ROW
[21:09:54] Harvest 'durian' tai button (439, 105) (label_score=0.873, button_score=0.915)
[21:09:55] State -> SEARCH_TARGET_ROWS
[21:09:55] State -> HARVEST_ROW
[21:09:55] Harvest 'durian' tai button (213, 105) (label_score=0.874, button_score=0.919)
[21:09:56] State -> SEARCH_TARGET_ROWS
[21:09:56] State -> HARVEST_ROW
[21:09:56] Harvest 'durian' tai button (213, 105) (label_score=0.874, button_score=0.919)
[21:09:57] State -> SEARCH_TARGET_ROWS
[21:09:58] State -> HARVEST_ROW
[21:09:58] Harvest 'durian' tai button (439, 105) (label_score=0.873, button_score=0.915)
[21:09:59] State -> SEARCH_TARGET_ROWS
[21:09:59] State -> HARVEST_ROW
[21:09:59] Harvest 'durian' tai button (213, 105) (label_score=0.865, button_score=0.919)
[21:10:00] State -> SEARCH_TARGET_ROWS
[21:10:00] State -> HARVEST_ROW
[21:10:00] Harvest 'durian' tai button (213, 105) (label_score=0.865, button_score=0.919)
[21:10:01] State -> SEARCH_TARGET_ROWS
[21:10:02] State -> HARVEST_ROW
[21:10:02] Harvest 'durian' tai button (213, 152) (label_score=1.000, button_score=0.927)
[21:10:02] State -> SEARCH_TARGET_ROWS
[21:10:03] State -> HARVEST_ROW
[21:10:03] Harvest 'durian' tai button (439, 152) (label_score=0.990, button_score=0.922)
[21:10:04] State -> SEARCH_TARGET_ROWS
[21:10:04] State -> HARVEST_ROW
[21:10:04] Harvest 'durian' tai button (213, 152) (label_score=1.000, button_score=0.927)
[21:10:05] State -> SEARCH_TARGET_ROWS
[21:10:05] State -> HARVEST_ROW
[21:10:05] Harvest 'durian' tai button (439, 105) (label_score=0.873, button_score=0.915)
[21:10:06] State -> SEARCH_TARGET_ROWS
[21:10:06] State -> HARVEST_ROW
[21:10:06] Harvest 'durian' tai button (213, 105) (label_score=0.874, button_score=0.919)
[21:10:07] State -> SEARCH_TARGET_ROWS
[21:10:08] State -> HARVEST_ROW
[21:10:08] Harvest 'durian' tai button (213, 105) (label_score=0.868, button_score=0.919)
[21:10:09] State -> SEARCH_TARGET_ROWS
[21:10:09] State -> HARVEST_ROW
[21:10:09] Harvest 'durian' tai button (439, 105) (label_score=0.866, button_score=0.915)
[21:10:10] State -> SEARCH_TARGET_ROWS
[21:10:10] State -> HARVEST_ROW
[21:10:10] Harvest 'durian' tai button (213, 105) (label_score=0.868, button_score=0.919)
[21:10:12] State -> SEARCH_TARGET_ROWS
[21:10:12] State -> HARVEST_ROW
[21:10:12] Harvest 'durian' tai button (213, 105) (label_score=0.868, button_score=0.919)
[21:10:13] State -> SEARCH_TARGET_ROWS
[21:10:13] State -> HARVEST_ROW
[21:10:13] Harvest 'durian' tai button (439, 105) (label_score=0.865, button_score=0.915)
[21:10:14] State -> SEARCH_TARGET_ROWS
[21:10:14] State -> HARVEST_ROW
[21:10:14] Harvest 'durian' tai button (213, 105) (label_score=0.867, button_score=0.919)
[21:10:15] State -> SEARCH_TARGET_ROWS
[21:10:16] State -> HARVEST_ROW
[21:10:16] Harvest 'durian' tai button (439, 105) (label_score=0.865, button_score=0.915)
[21:10:16] State -> SEARCH_TARGET_ROWS
[21:10:17] State -> HARVEST_ROW
[21:10:17] Harvest 'durian' tai button (213, 105) (label_score=0.867, button_score=0.919)
[21:10:18] State -> SEARCH_TARGET_ROWS
[21:10:18] State -> HARVEST_ROW
[21:10:18] Harvest 'durian' tai button (439, 105) (label_score=0.865, button_score=0.915)
[21:10:19] State -> SEARCH_TARGET_ROWS
[21:10:20] State -> HARVEST_ROW
[21:10:20] Harvest 'durian' tai button (213, 105) (label_score=0.867, button_score=0.919)
[21:10:20] State -> SEARCH_TARGET_ROWS
[21:10:21] State -> HARVEST_ROW
[21:10:21] Harvest 'durian' tai button (439, 105) (label_score=0.865, button_score=0.915)
[21:10:22] State -> SEARCH_TARGET_ROWS
[21:10:22] State -> HARVEST_ROW
[21:10:22] Harvest 'durian' tai button (213, 105) (label_score=0.866, button_score=0.919)
[21:10:23] State -> SEARCH_TARGET_ROWS
[21:10:23] State -> HARVEST_ROW
[21:10:23] Harvest 'durian' tai button (439, 105) (label_score=0.865, button_score=0.915)
[21:10:24] State -> SEARCH_TARGET_ROWS
[21:10:24] State -> HARVEST_ROW
[21:10:24] Harvest 'durian' tai button (213, 105) (label_score=0.866, button_score=0.919)
[21:10:25] State -> SEARCH_TARGET_ROWS
[21:10:25] State -> HARVEST_ROW
[21:10:25] Harvest 'durian' tai button (213, 105) (label_score=0.866, button_score=0.919)
[21:10:26] State -> SEARCH_TARGET_ROWS
[21:10:27] State -> HARVEST_ROW
[21:10:27] Harvest 'durian' tai button (439, 105) (label_score=0.871, button_score=0.915)
[21:10:28] State -> SEARCH_TARGET_ROWS
[21:10:28] State -> HARVEST_ROW
[21:10:28] Harvest 'durian' tai button (213, 105) (label_score=0.870, button_score=0.919)
[21:10:29] State -> SEARCH_TARGET_ROWS
[21:10:29] State -> HARVEST_ROW
[21:10:29] Harvest 'durian' tai button (213, 105) (label_score=0.870, button_score=0.919)
[21:10:30] State -> SEARCH_TARGET_ROWS
[21:10:31] State -> HARVEST_ROW
[21:10:31] Harvest 'durian' tai button (213, 105) (label_score=0.870, button_score=0.919)
[21:10:32] State -> SEARCH_TARGET_ROWS
[21:10:32] State -> HARVEST_ROW
[21:10:32] Harvest 'durian' tai button (439, 105) (label_score=0.871, button_score=0.915)
[21:10:33] State -> SEARCH_TARGET_ROWS
[21:10:33] State -> HARVEST_ROW
[21:10:33] Harvest 'durian' tai button (213, 105) (label_score=0.870, button_score=0.919)
[21:10:34] State -> SEARCH_TARGET_ROWS
[21:10:35] State -> HARVEST_ROW
[21:10:35] Harvest 'starfruit' tai button (213, 105) (label_score=0.914, button_score=0.919)
[21:10:36] State -> SEARCH_TARGET_ROWS
[21:10:36] State -> HARVEST_ROW
[21:10:36] Harvest 'starfruit' tai button (213, 105) (label_score=0.914, button_score=0.919)
[21:10:37] State -> SEARCH_TARGET_ROWS
[21:10:37] State -> HARVEST_ROW
[21:10:37] Harvest 'starfruit' tai button (439, 105) (label_score=0.862, button_score=0.915)
[21:10:38] State -> SEARCH_TARGET_ROWS
