[00:24:13] Bot da chay. Nhan ESC de dung an toan.
[00:24:13] Da gan cua so BlueStacks: 'BlueStacks App Player' tai (1391, 718) kich thuoc 528x312
[00:24:13] State -> OPEN_HOME
[00:24:13] Da o san trong danh sach trai cay. Chuyen thang sang buoc tim dong can thu hoach.
[00:24:13] State -> SEARCH_TARGET_ROWS
[00:24:14] State -> HARVEST_ROW
[00:24:14] Harvest 'starfruit' tai button (439, 105) (label_score=0.812, button_score=0.899)
[00:24:16] State -> SEARCH_TARGET_ROWS
[00:24:16] State -> HARVEST_ROW
[00:24:16] Harvest 'coconut' tai button (439, 152) (label_score=0.894, button_score=0.922)
[00:24:17] State -> SEARCH_TARGET_ROWS
[00:24:17] State -> HARVEST_ROW
[00:24:17] Harvest 'coconut' tai button (439, 152) (label_score=0.894, button_score=0.922)
[00:24:18] State -> SEARCH_TARGET_ROWS
[00:24:19] State -> HARVEST_ROW
[00:24:19] Harvest 'starfruit' tai button (439, 105) (label_score=0.812, button_score=0.897)
[00:24:20] State -> SEARCH_TARGET_ROWS
[00:24:20] State -> HARVEST_ROW
[00:24:20] Harvest 'coconut' tai button (439, 152) (label_score=0.894, button_score=0.922)
[00:24:21] State -> SEARCH_TARGET_ROWS
[00:24:22] State -> HARVEST_ROW
[00:24:22] Harvest 'starfruit' tai button (439, 104) (label_score=0.812, button_score=0.896)
[00:24:23] State -> SEARCH_TARGET_ROWS
[00:24:23] State -> HARVEST_ROW
[00:24:23] Harvest 'coconut' tai button (439, 152) (label_score=0.894, button_score=0.922)
[00:24:24] State -> SEARCH_TARGET_ROWS
[00:24:25] State -> HARVEST_ROW
[00:24:25] Harvest 'starfruit' tai button (439, 104) (label_score=0.812, button_score=0.894)
[00:24:26] State -> SEARCH_TARGET_ROWS
[00:24:26] State -> HARVEST_ROW
[00:24:26] Harvest 'starfruit' tai button (439, 104) (label_score=0.812, button_score=0.898)
[00:24:27] State -> SEARCH_TARGET_ROWS
[00:24:27] State -> HARVEST_ROW
[00:24:27] Harvest 'starfruit' tai button (439, 104) (label_score=0.812, button_score=0.902)
[00:24:29] State -> SEARCH_TARGET_ROWS
[00:24:29] State -> HARVEST_ROW
[00:24:29] Harvest 'starfruit' tai button (439, 105) (label_score=0.812, button_score=0.895)
[00:24:30] State -> SEARCH_TARGET_ROWS
[00:24:30] State -> HARVEST_ROW
[00:24:30] Harvest 'starfruit' tai button (439, 105) (label_score=0.812, button_score=0.900)
[00:24:31] State -> SEARCH_TARGET_ROWS
[00:24:32] State -> HARVEST_ROW
[00:24:32] Harvest 'starfruit' tai button (439, 105) (label_score=0.812, button_score=0.890)
[00:24:33] State -> SEARCH_TARGET_ROWS
[00:24:34] State -> HARVEST_ROW
[00:24:34] Harvest 'starfruit' tai button (439, 105) (label_score=0.812, button_score=0.915)
[00:24:34] State -> SEARCH_TARGET_ROWS
[00:24:35] State -> HARVEST_ROW
[00:24:35] Harvest 'starfruit' tai button (439, 105) (label_score=0.812, button_score=0.915)
[00:24:36] State -> SEARCH_TARGET_ROWS
[00:24:36] State -> HARVEST_ROW
[00:24:36] Harvest 'starfruit' tai button (439, 105) (label_score=0.812, button_score=0.915)
[00:24:37] State -> SEARCH_TARGET_ROWS
[00:24:38] State -> HARVEST_ROW
[00:24:38] Harvest 'starfruit' tai button (439, 105) (label_score=0.812, button_score=0.915)
[00:24:38] State -> SEARCH_TARGET_ROWS
[00:24:39] State -> HARVEST_ROW
[00:24:39] Harvest 'starfruit' tai button (439, 105) (label_score=0.812, button_score=0.915)
[00:24:40] State -> SEARCH_TARGET_ROWS
[00:24:41] State -> HARVEST_ROW
[00:24:41] Harvest 'starfruit' tai button (439, 105) (label_score=0.812, button_score=0.915)
[00:24:42] State -> SEARCH_TARGET_ROWS
[00:24:42] State -> HARVEST_ROW
[00:24:42] Harvest 'starfruit' tai button (439, 105) (label_score=0.812, button_score=0.915)
[00:24:43] State -> SEARCH_TARGET_ROWS
[00:24:43] State -> HARVEST_ROW
[00:24:43] Harvest 'starfruit' tai button (439, 105) (label_score=0.812, button_score=0.915)
[00:24:44] State -> SEARCH_TARGET_ROWS
[00:24:45] State -> HARVEST_ROW
[00:24:45] Harvest 'starfruit' tai button (439, 105) (label_score=0.812, button_score=0.915)
[00:24:46] State -> SEARCH_TARGET_ROWS
[00:24:50] State -> SCROLL_LIST
[00:24:50] Da cuon danh sach xuong. So lan cuon: 1
[00:24:50] State -> SEARCH_TARGET_ROWS
[00:24:54] State -> SCROLL_LIST
[00:24:54] Da cuon danh sach xuong. So lan cuon: 2
[00:24:55] State -> SEARCH_TARGET_ROWS
[00:24:59] State -> SCROLL_LIST
[00:24:59] Da cuon danh sach xuong. So lan cuon: 3
[00:24:59] State -> SEARCH_TARGET_ROWS
[00:25:03] State -> SCROLL_LIST
[00:25:03] Da cuon danh sach xuong. So lan cuon: 4
[00:25:04] State -> SEARCH_TARGET_ROWS
[00:25:07] State -> SCROLL_LIST
[00:25:07] Da cuon danh sach xuong. So lan cuon: 5
[00:25:08] State -> SEARCH_TARGET_ROWS
[00:25:12] State -> SCROLL_LIST
[00:25:12] Da cuon danh sach xuong. So lan cuon: 6
[00:25:12] State -> SEARCH_TARGET_ROWS
[00:25:16] State -> SCROLL_LIST
[00:25:16] Da cuon danh sach xuong. So lan cuon: 7
[00:25:17] State -> SEARCH_TARGET_ROWS
[00:25:20] State -> SCROLL_LIST
[00:25:20] Da cuon danh sach xuong. So lan cuon: 8
[00:25:21] State -> SEARCH_TARGET_ROWS
[00:25:24] State -> SCROLL_LIST
[00:25:24] Da cuon danh sach xuong. So lan cuon: 9
[00:25:25] State -> SEARCH_TARGET_ROWS
[00:25:28] State -> SCROLL_LIST
[00:25:28] Da cuon danh sach xuong. So lan cuon: 10
[00:25:29] State -> SEARCH_TARGET_ROWS
[00:25:30] State -> HARVEST_ROW
[00:25:30] Harvest 'starfruit' tai button (213, 105) (label_score=0.854, button_score=0.919)
[00:25:31] State -> SEARCH_TARGET_ROWS
[00:25:31] State -> HARVEST_ROW
[00:25:31] Harvest 'starfruit' tai button (439, 105) (label_score=0.812, button_score=0.915)
[00:25:32] State -> SEARCH_TARGET_ROWS
[00:25:32] State -> HARVEST_ROW
[00:25:32] Harvest 'starfruit' tai button (439, 105) (label_score=0.812, button_score=0.915)
[00:25:33] State -> SEARCH_TARGET_ROWS
[00:25:37] State -> SCROLL_LIST
[00:25:37] Da cuon danh sach xuong. So lan cuon: 11
[00:25:38] State -> SEARCH_TARGET_ROWS
[00:25:42] State -> SCROLL_LIST
[00:25:42] Da cuon danh sach xuong. So lan cuon: 12
[00:25:42] State -> SEARCH_TARGET_ROWS
[00:25:46] State -> SCROLL_LIST
[00:25:46] Da cuon danh sach xuong. So lan cuon: 13
[00:25:46] State -> SEARCH_TARGET_ROWS
[00:25:50] State -> SCROLL_LIST
[00:25:50] Da cuon danh sach xuong. So lan cuon: 14
[00:25:51] State -> SEARCH_TARGET_ROWS
[00:25:54] State -> SCROLL_LIST
[00:25:54] Da cuon danh sach xuong. So lan cuon: 15
[00:25:55] State -> SEARCH_TARGET_ROWS
[00:25:58] State -> SCROLL_LIST
[00:25:58] Da cuon danh sach xuong. So lan cuon: 16
[00:25:59] State -> SEARCH_TARGET_ROWS
[00:26:02] State -> SCROLL_LIST
[00:26:02] Da cuon danh sach xuong. So lan cuon: 17
[00:26:03] State -> SEARCH_TARGET_ROWS
[00:26:07] State -> SCROLL_LIST
[00:26:07] Da cuon danh sach xuong. So lan cuon: 18
[00:26:07] State -> SEARCH_TARGET_ROWS
[00:26:08] State -> HARVEST_ROW
[00:26:08] Harvest 'starfruit' tai button (213, 105) (label_score=0.854, button_score=0.919)
[00:26:09] State -> SEARCH_TARGET_ROWS
[00:26:10] State -> HARVEST_ROW
[00:26:10] Harvest 'starfruit' tai button (439, 105) (label_score=0.812, button_score=0.915)
[00:26:11] State -> SEARCH_TARGET_ROWS
[00:26:11] State -> HARVEST_ROW
[00:26:11] Harvest 'starfruit' tai button (439, 105) (label_score=0.812, button_score=0.915)
[00:26:12] State -> SEARCH_TARGET_ROWS
[00:26:16] State -> SCROLL_LIST
[00:26:16] Da cuon danh sach xuong. So lan cuon: 19
[00:26:17] State -> SEARCH_TARGET_ROWS
[00:26:20] State -> SCROLL_LIST
[00:26:20] Da cuon danh sach xuong. So lan cuon: 20
[00:26:21] State -> SEARCH_TARGET_ROWS
[00:26:25] State -> SCROLL_LIST
[00:26:25] Da cuon danh sach xuong. So lan cuon: 21
[00:26:26] State -> SEARCH_TARGET_ROWS
[00:26:29] State -> SCROLL_LIST
[00:26:29] Da cuon danh sach xuong. So lan cuon: 22
[00:26:30] State -> SEARCH_TARGET_ROWS
[00:26:33] State -> SCROLL_LIST
[00:26:33] Da cuon danh sach xuong. So lan cuon: 23
[00:26:34] State -> SEARCH_TARGET_ROWS
[00:26:38] State -> SCROLL_LIST
[00:26:38] Da cuon danh sach xuong. So lan cuon: 24
[00:26:39] State -> SEARCH_TARGET_ROWS
[00:26:42] State -> HARVEST_ROW
[00:26:42] Harvest 'starfruit' tai button (213, 105) (label_score=0.854, button_score=0.919)
[00:26:43] State -> SEARCH_TARGET_ROWS
[00:26:44] State -> HARVEST_ROW
[00:26:44] Harvest 'starfruit' tai button (439, 105) (label_score=0.812, button_score=0.915)
[00:26:45] State -> SEARCH_TARGET_ROWS
[00:26:45] State -> HARVEST_ROW
[00:26:45] Harvest 'starfruit' tai button (439, 105) (label_score=0.812, button_score=0.915)
[00:26:46] State -> SEARCH_TARGET_ROWS
[00:26:47] State -> HARVEST_ROW
[00:26:47] Harvest 'starfruit' tai button (439, 105) (label_score=0.812, button_score=0.915)
[00:26:48] State -> SEARCH_TARGET_ROWS
[00:26:48] State -> HARVEST_ROW
[00:26:48] Harvest 'starfruit' tai button (439, 105) (label_score=0.812, button_score=0.915)
[00:26:49] State -> SEARCH_TARGET_ROWS
[00:26:50] State -> HARVEST_ROW
[00:26:50] Harvest 'starfruit' tai button (439, 105) (label_score=0.812, button_score=0.915)
[00:26:51] State -> SEARCH_TARGET_ROWS
[00:26:51] State -> HARVEST_ROW
[00:26:51] Harvest 'starfruit' tai button (439, 105) (label_score=0.812, button_score=0.915)
[00:26:52] State -> SEARCH_TARGET_ROWS
[00:26:53] State -> HARVEST_ROW
[00:26:53] Harvest 'starfruit' tai button (439, 105) (label_score=0.812, button_score=0.915)
[00:26:54] State -> SEARCH_TARGET_ROWS
[00:26:54] State -> HARVEST_ROW
[00:26:54] Harvest 'starfruit' tai button (439, 105) (label_score=0.812, button_score=0.915)
[00:26:55] State -> SEARCH_TARGET_ROWS
[00:26:56] State -> HARVEST_ROW
[00:26:56] Harvest 'starfruit' tai button (439, 105) (label_score=0.812, button_score=0.915)
[00:26:57] State -> SEARCH_TARGET_ROWS
[00:26:57] State -> HARVEST_ROW
[00:26:57] Harvest 'starfruit' tai button (439, 105) (label_score=0.812, button_score=0.915)
[00:26:58] State -> SEARCH_TARGET_ROWS
[00:26:59] State -> HARVEST_ROW
[00:26:59] Harvest 'starfruit' tai button (439, 105) (label_score=0.812, button_score=0.915)
[00:27:00] State -> SEARCH_TARGET_ROWS
[00:27:00] State -> HARVEST_ROW
[00:27:00] Harvest 'starfruit' tai button (439, 105) (label_score=0.812, button_score=0.915)
[00:27:01] State -> SEARCH_TARGET_ROWS
[00:27:02] State -> HARVEST_ROW
[00:27:02] Harvest 'starfruit' tai button (439, 105) (label_score=0.812, button_score=0.915)
[00:27:03] State -> SEARCH_TARGET_ROWS
[00:27:03] State -> HARVEST_ROW
[00:27:03] Harvest 'starfruit' tai button (439, 105) (label_score=0.812, button_score=0.915)
[00:27:04] State -> SEARCH_TARGET_ROWS
[00:27:04] State -> HARVEST_ROW
[00:27:04] Harvest 'starfruit' tai button (439, 105) (label_score=0.812, button_score=0.915)
[00:27:05] State -> SEARCH_TARGET_ROWS
[00:27:06] State -> HARVEST_ROW
[00:27:06] Harvest 'starfruit' tai button (439, 105) (label_score=0.812, button_score=0.915)
[00:27:07] State -> SEARCH_TARGET_ROWS
[00:27:07] State -> HARVEST_ROW
[00:27:07] Harvest 'starfruit' tai button (439, 105) (label_score=0.812, button_score=0.915)
[00:27:08] State -> SEARCH_TARGET_ROWS
[00:27:09] State -> HARVEST_ROW
[00:27:09] Harvest 'starfruit' tai button (439, 105) (label_score=0.812, button_score=0.915)
[00:27:10] State -> SEARCH_TARGET_ROWS
[00:27:10] State -> HARVEST_ROW
[00:27:10] Harvest 'starfruit' tai button (439, 105) (label_score=0.812, button_score=0.915)
[00:27:11] State -> SEARCH_TARGET_ROWS
[00:27:12] State -> HARVEST_ROW
[00:27:12] Harvest 'starfruit' tai button (439, 105) (label_score=0.812, button_score=0.915)
[00:27:13] State -> SEARCH_TARGET_ROWS
[00:27:13] State -> HARVEST_ROW
[00:27:13] Harvest 'starfruit' tai button (439, 105) (label_score=0.812, button_score=0.915)
[00:27:14] State -> SEARCH_TARGET_ROWS
[00:27:15] State -> HARVEST_ROW
[00:27:15] Harvest 'starfruit' tai button (439, 105) (label_score=0.812, button_score=0.915)
[00:27:16] State -> SEARCH_TARGET_ROWS
[00:27:16] State -> HARVEST_ROW
[00:27:16] Harvest 'starfruit' tai button (439, 105) (label_score=0.812, button_score=0.915)
[00:27:17] State -> SEARCH_TARGET_ROWS
[00:27:17] State -> HARVEST_ROW
[00:27:18] Harvest 'starfruit' tai button (439, 105) (label_score=0.812, button_score=0.915)
[00:27:19] State -> SEARCH_TARGET_ROWS
[00:27:19] State -> HARVEST_ROW
[00:27:19] Harvest 'starfruit' tai button (439, 105) (label_score=0.812, button_score=0.915)
[00:27:20] State -> SEARCH_TARGET_ROWS
[00:27:20] State -> HARVEST_ROW
[00:27:20] Harvest 'starfruit' tai button (439, 105) (label_score=0.812, button_score=0.915)
[00:27:21] State -> SEARCH_TARGET_ROWS
[00:27:22] State -> HARVEST_ROW
[00:27:22] Harvest 'starfruit' tai button (439, 105) (label_score=0.812, button_score=0.915)
[00:27:23] State -> SEARCH_TARGET_ROWS
[00:27:23] State -> HARVEST_ROW
[00:27:23] Harvest 'starfruit' tai button (439, 105) (label_score=0.812, button_score=0.915)
[00:27:24] State -> SEARCH_TARGET_ROWS
[00:27:25] State -> HARVEST_ROW
[00:27:25] Harvest 'starfruit' tai button (439, 105) (label_score=0.812, button_score=0.915)
[00:27:25] State -> SEARCH_TARGET_ROWS
[00:27:26] State -> HARVEST_ROW
[00:27:26] Harvest 'starfruit' tai button (439, 105) (label_score=0.812, button_score=0.915)
[00:27:27] State -> SEARCH_TARGET_ROWS
[00:27:27] State -> HARVEST_ROW
[00:27:27] Harvest 'starfruit' tai button (439, 105) (label_score=0.812, button_score=0.915)
[00:27:28] State -> SEARCH_TARGET_ROWS
[00:27:29] State -> HARVEST_ROW
[00:27:29] Harvest 'starfruit' tai button (439, 105) (label_score=0.812, button_score=0.915)
[00:27:30] State -> SEARCH_TARGET_ROWS
[00:27:31] State -> HARVEST_ROW
[00:27:31] Harvest 'starfruit' tai button (439, 105) (label_score=0.812, button_score=0.915)
[00:27:32] State -> SEARCH_TARGET_ROWS
[00:27:32] State -> HARVEST_ROW
[00:27:32] Harvest 'starfruit' tai button (439, 105) (label_score=0.812, button_score=0.915)
[00:27:33] State -> SEARCH_TARGET_ROWS
[00:27:34] State -> HARVEST_ROW
[00:27:34] Harvest 'starfruit' tai button (439, 105) (label_score=0.812, button_score=0.915)
[00:27:35] State -> SEARCH_TARGET_ROWS
[00:27:35] State -> HARVEST_ROW
[00:27:35] Harvest 'starfruit' tai button (439, 105) (label_score=0.812, button_score=0.915)
[00:27:36] State -> SEARCH_TARGET_ROWS
[00:27:37] State -> HARVEST_ROW
[00:27:37] Harvest 'starfruit' tai button (439, 105) (label_score=0.812, button_score=0.915)
[00:27:38] State -> SEARCH_TARGET_ROWS
[00:27:38] State -> HARVEST_ROW
[00:27:38] Harvest 'starfruit' tai button (439, 105) (label_score=0.812, button_score=0.915)
[00:27:39] State -> SEARCH_TARGET_ROWS
[00:27:39] State -> HARVEST_ROW
[00:27:39] Harvest 'starfruit' tai button (439, 105) (label_score=0.812, button_score=0.915)
[00:27:40] State -> SEARCH_TARGET_ROWS
[00:27:41] State -> HARVEST_ROW
[00:27:41] Harvest 'starfruit' tai button (439, 105) (label_score=0.812, button_score=0.915)
[00:27:42] State -> SEARCH_TARGET_ROWS
[00:27:42] State -> HARVEST_ROW
[00:27:42] Harvest 'starfruit' tai button (439, 105) (label_score=0.812, button_score=0.915)
[00:27:43] State -> SEARCH_TARGET_ROWS
[00:27:43] State -> HARVEST_ROW
[00:27:43] Harvest 'starfruit' tai button (439, 105) (label_score=0.812, button_score=0.915)
[00:27:44] State -> SEARCH_TARGET_ROWS
[00:27:45] State -> HARVEST_ROW
[00:27:45] Harvest 'starfruit' tai button (439, 105) (label_score=0.812, button_score=0.915)
[00:27:46] State -> SEARCH_TARGET_ROWS
[00:27:47] State -> HARVEST_ROW
[00:27:47] Harvest 'starfruit' tai button (439, 105) (label_score=0.812, button_score=0.915)
[00:27:48] State -> SEARCH_TARGET_ROWS
[00:27:48] State -> HARVEST_ROW
[00:27:48] Harvest 'starfruit' tai button (439, 105) (label_score=0.812, button_score=0.915)
[00:27:49] State -> SEARCH_TARGET_ROWS
[00:27:50] State -> HARVEST_ROW
[00:27:50] Harvest 'starfruit' tai button (439, 105) (label_score=0.812, button_score=0.915)
[00:27:51] State -> SEARCH_TARGET_ROWS
[00:27:51] State -> HARVEST_ROW
[00:27:51] Harvest 'starfruit' tai button (439, 105) (label_score=0.812, button_score=0.915)
[00:27:52] State -> SEARCH_TARGET_ROWS
[00:27:53] State -> HARVEST_ROW
[00:27:53] Harvest 'starfruit' tai button (439, 105) (label_score=0.812, button_score=0.915)
[00:27:54] State -> SEARCH_TARGET_ROWS
[00:27:54] State -> HARVEST_ROW
[00:27:54] Harvest 'starfruit' tai button (439, 105) (label_score=0.812, button_score=0.915)
[00:27:55] State -> SEARCH_TARGET_ROWS
[00:27:56] State -> HARVEST_ROW
[00:27:56] Harvest 'starfruit' tai button (439, 105) (label_score=0.812, button_score=0.915)
[00:27:57] State -> SEARCH_TARGET_ROWS
[00:27:57] State -> HARVEST_ROW
[00:27:57] Harvest 'starfruit' tai button (439, 105) (label_score=0.812, button_score=0.915)
[00:27:58] State -> SEARCH_TARGET_ROWS
[00:27:59] State -> HARVEST_ROW
[00:27:59] Harvest 'starfruit' tai button (439, 105) (label_score=0.812, button_score=0.915)
[00:28:00] State -> SEARCH_TARGET_ROWS
[00:28:00] State -> HARVEST_ROW
[00:28:00] Harvest 'starfruit' tai button (439, 105) (label_score=0.812, button_score=0.915)
[00:28:01] State -> SEARCH_TARGET_ROWS
[00:28:02] State -> HARVEST_ROW
[00:28:02] Harvest 'starfruit' tai button (439, 105) (label_score=0.812, button_score=0.915)
[00:28:03] State -> SEARCH_TARGET_ROWS
[00:28:03] State -> HARVEST_ROW
[00:28:03] Harvest 'starfruit' tai button (439, 105) (label_score=0.812, button_score=0.915)
[00:28:04] State -> SEARCH_TARGET_ROWS
[00:28:05] State -> HARVEST_ROW
[00:28:05] Harvest 'starfruit' tai button (439, 105) (label_score=0.812, button_score=0.915)
[00:28:06] State -> SEARCH_TARGET_ROWS
[00:28:06] State -> HARVEST_ROW
[00:28:06] Harvest 'starfruit' tai button (439, 105) (label_score=0.812, button_score=0.915)
[00:28:07] State -> SEARCH_TARGET_ROWS
[00:28:08] State -> HARVEST_ROW
[00:28:08] Harvest 'starfruit' tai button (439, 105) (label_score=0.812, button_score=0.915)
[00:28:08] State -> SEARCH_TARGET_ROWS
[00:28:09] State -> HARVEST_ROW
[00:28:09] Harvest 'starfruit' tai button (439, 105) (label_score=0.812, button_score=0.915)
[00:28:10] State -> SEARCH_TARGET_ROWS
[00:28:11] State -> HARVEST_ROW
[00:28:11] Harvest 'starfruit' tai button (439, 105) (label_score=0.812, button_score=0.915)
[00:28:12] State -> SEARCH_TARGET_ROWS
[00:28:12] State -> HARVEST_ROW
[00:28:12] Harvest 'starfruit' tai button (439, 105) (label_score=0.812, button_score=0.915)
[00:28:13] State -> SEARCH_TARGET_ROWS
[00:28:13] State -> HARVEST_ROW
[00:28:13] Harvest 'starfruit' tai button (439, 105) (label_score=0.812, button_score=0.915)
[00:28:15] State -> SEARCH_TARGET_ROWS
[00:28:15] State -> HARVEST_ROW
[00:28:15] Harvest 'starfruit' tai button (439, 105) (label_score=0.812, button_score=0.915)
[00:28:16] State -> SEARCH_TARGET_ROWS
[00:28:17] State -> HARVEST_ROW
[00:28:17] Harvest 'starfruit' tai button (439, 105) (label_score=0.812, button_score=0.915)
[00:28:17] State -> SEARCH_TARGET_ROWS
[00:28:18] State -> HARVEST_ROW
[00:28:18] Harvest 'starfruit' tai button (439, 105) (label_score=0.812, button_score=0.915)
[00:28:19] State -> SEARCH_TARGET_ROWS
[00:28:20] State -> HARVEST_ROW
[00:28:20] Harvest 'starfruit' tai button (439, 105) (label_score=0.812, button_score=0.915)
[00:28:20] State -> SEARCH_TARGET_ROWS
[00:28:21] State -> HARVEST_ROW
[00:28:21] Harvest 'starfruit' tai button (439, 105) (label_score=0.812, button_score=0.915)
[00:28:22] State -> SEARCH_TARGET_ROWS
[00:28:22] State -> HARVEST_ROW
[00:28:22] Harvest 'starfruit' tai button (439, 105) (label_score=0.812, button_score=0.915)
[00:28:23] State -> SEARCH_TARGET_ROWS
[00:28:24] State -> HARVEST_ROW
[00:28:24] Harvest 'starfruit' tai button (439, 105) (label_score=0.812, button_score=0.915)
[00:28:25] State -> SEARCH_TARGET_ROWS
[00:28:25] State -> HARVEST_ROW
[00:28:25] Harvest 'starfruit' tai button (439, 105) (label_score=0.812, button_score=0.915)
[00:28:26] State -> SEARCH_TARGET_ROWS
[00:28:27] State -> HARVEST_ROW
[00:28:27] Harvest 'starfruit' tai button (439, 105) (label_score=0.812, button_score=0.915)
[00:28:28] State -> SEARCH_TARGET_ROWS
[00:28:28] State -> HARVEST_ROW
[00:28:28] Harvest 'starfruit' tai button (439, 105) (label_score=0.812, button_score=0.915)
[00:28:29] State -> SEARCH_TARGET_ROWS
[00:28:30] State -> HARVEST_ROW
[00:28:30] Harvest 'starfruit' tai button (439, 105) (label_score=0.812, button_score=0.915)
[00:28:31] State -> SEARCH_TARGET_ROWS
[00:28:35] State -> SCROLL_LIST
[00:28:35] Da cuon danh sach xuong. So lan cuon: 25
[00:28:36] State -> SEARCH_TARGET_ROWS
[00:28:39] State -> SCROLL_LIST
[00:28:39] Da cuon danh sach xuong. So lan cuon: 26
[00:28:40] State -> SEARCH_TARGET_ROWS
[00:28:44] State -> SCROLL_LIST
[00:28:44] Da cuon danh sach xuong. So lan cuon: 27
[00:28:45] State -> SEARCH_TARGET_ROWS
[00:28:48] State -> SCROLL_LIST
[00:28:48] Da cuon danh sach xuong. So lan cuon: 28
[00:28:49] State -> SEARCH_TARGET_ROWS
[00:28:53] State -> SCROLL_LIST
[00:28:53] Da cuon danh sach xuong. So lan cuon: 29
[00:28:54] State -> SEARCH_TARGET_ROWS
[00:28:58] State -> SCROLL_LIST
[00:28:58] Da cuon danh sach xuong. So lan cuon: 30
[00:28:59] State -> SEARCH_TARGET_ROWS
[00:29:03] State -> SCROLL_LIST
[00:29:03] Da cuon danh sach xuong. So lan cuon: 31
[00:29:03] State -> SEARCH_TARGET_ROWS
[00:29:07] State -> SCROLL_LIST
[00:29:07] Da cuon danh sach xuong. So lan cuon: 32
[00:29:08] State -> SEARCH_TARGET_ROWS
[00:29:12] State -> SCROLL_LIST
[00:29:12] Da cuon danh sach xuong. So lan cuon: 33
[00:29:12] State -> SEARCH_TARGET_ROWS
[00:29:16] State -> SCROLL_LIST
[00:29:16] Da cuon danh sach xuong. So lan cuon: 34
[00:29:16] State -> SEARCH_TARGET_ROWS
[00:29:20] State -> SCROLL_LIST
[00:29:20] Da cuon danh sach xuong. So lan cuon: 35
[00:29:21] State -> SEARCH_TARGET_ROWS
[00:29:24] State -> SCROLL_LIST
[00:29:24] Da cuon danh sach xuong. So lan cuon: 36
[00:29:25] State -> SEARCH_TARGET_ROWS
[00:29:29] State -> SCROLL_LIST
[00:29:29] Da cuon danh sach xuong. So lan cuon: 37
[00:29:29] State -> SEARCH_TARGET_ROWS
[00:29:33] State -> SCROLL_LIST
[00:29:33] Da cuon danh sach xuong. So lan cuon: 38
[00:29:34] State -> SEARCH_TARGET_ROWS
[00:29:37] State -> SCROLL_LIST
[00:29:37] Da cuon danh sach xuong. So lan cuon: 39
[00:29:38] State -> SEARCH_TARGET_ROWS
[00:29:41] State -> SCROLL_LIST
[00:29:41] Da cuon danh sach xuong. So lan cuon: 40
[00:29:42] State -> SEARCH_TARGET_ROWS
[00:29:46] State -> SCROLL_LIST
[00:29:46] Da cuon danh sach xuong. So lan cuon: 41
[00:29:46] State -> SEARCH_TARGET_ROWS
[00:29:50] State -> SCROLL_LIST
[00:29:50] Da cuon danh sach xuong. So lan cuon: 42
[00:29:51] State -> SEARCH_TARGET_ROWS
[00:29:54] State -> SCROLL_LIST
[00:29:54] Da cuon danh sach xuong. So lan cuon: 43
[00:29:55] State -> SEARCH_TARGET_ROWS
[00:29:58] State -> SCROLL_LIST
[00:29:58] Da cuon danh sach xuong. So lan cuon: 44
[00:29:59] State -> SEARCH_TARGET_ROWS
[00:30:03] State -> SCROLL_LIST
[00:30:03] Da cuon danh sach xuong. So lan cuon: 45
[00:30:03] State -> SEARCH_TARGET_ROWS
[00:30:07] State -> SCROLL_LIST
[00:30:07] Da cuon danh sach xuong. So lan cuon: 46
[00:30:07] State -> SEARCH_TARGET_ROWS
[00:30:11] State -> SCROLL_LIST
[00:30:11] Da cuon danh sach xuong. So lan cuon: 47
[00:30:12] State -> SEARCH_TARGET_ROWS
[00:30:15] State -> SCROLL_LIST
[00:30:15] Da cuon danh sach xuong. So lan cuon: 48
[00:30:16] State -> SEARCH_TARGET_ROWS
[00:30:20] State -> SCROLL_LIST
[00:30:20] Da cuon danh sach xuong. So lan cuon: 49
[00:30:21] State -> SEARCH_TARGET_ROWS
[00:30:24] State -> SCROLL_LIST
[00:30:24] Da cuon danh sach xuong. So lan cuon: 50
[00:30:25] State -> SEARCH_TARGET_ROWS
[00:30:29] State -> SCROLL_LIST
[00:30:29] Da cuon danh sach xuong. So lan cuon: 51
[00:30:30] State -> SEARCH_TARGET_ROWS
[00:30:33] State -> SCROLL_LIST
[00:30:33] Da cuon danh sach xuong. So lan cuon: 52
[00:30:34] State -> SEARCH_TARGET_ROWS
[00:30:38] State -> HARVEST_ROW
[00:30:38] Harvest 'coconut' tai button (213, 152) (label_score=0.994, button_score=0.927)
[00:30:39] State -> SEARCH_TARGET_ROWS
[00:30:39] State -> HARVEST_ROW
[00:30:39] Harvest 'coconut' tai button (213, 152) (label_score=0.994, button_score=0.927)
[00:30:40] State -> SEARCH_TARGET_ROWS
[00:30:41] State -> HARVEST_ROW
[00:30:41] Harvest 'coconut' tai button (213, 152) (label_score=0.994, button_score=0.927)
[00:30:42] State -> SEARCH_TARGET_ROWS
[00:30:42] State -> HARVEST_ROW
[00:30:42] Harvest 'coconut' tai button (439, 152) (label_score=0.894, button_score=0.922)
[00:30:43] State -> SEARCH_TARGET_ROWS
[00:30:44] State -> HARVEST_ROW
[00:30:44] Harvest 'coconut' tai button (439, 152) (label_score=0.894, button_score=0.922)
[00:30:44] State -> SEARCH_TARGET_ROWS
[00:30:45] State -> HARVEST_ROW
[00:30:45] Harvest 'coconut' tai button (439, 152) (label_score=0.894, button_score=0.922)
[00:30:46] State -> SEARCH_TARGET_ROWS
[00:30:46] State -> HARVEST_ROW
[00:30:46] Harvest 'coconut' tai button (439, 152) (label_score=0.894, button_score=0.922)
[00:30:47] State -> SEARCH_TARGET_ROWS
[00:30:48] State -> HARVEST_ROW
[00:30:48] Harvest 'coconut' tai button (439, 152) (label_score=0.894, button_score=0.922)
[00:30:48] State -> SEARCH_TARGET_ROWS
[00:30:49] State -> HARVEST_ROW
[00:30:49] Harvest 'coconut' tai button (439, 152) (label_score=0.894, button_score=0.922)
[00:30:50] State -> SEARCH_TARGET_ROWS
[00:30:50] State -> HARVEST_ROW
[00:30:50] Harvest 'coconut' tai button (439, 152) (label_score=0.894, button_score=0.922)
[00:30:51] State -> SEARCH_TARGET_ROWS
[00:30:52] State -> HARVEST_ROW
[00:30:52] Harvest 'coconut' tai button (439, 152) (label_score=0.894, button_score=0.922)
[00:30:53] State -> SEARCH_TARGET_ROWS
[00:30:53] State -> HARVEST_ROW
[00:30:53] Harvest 'coconut' tai button (439, 152) (label_score=0.894, button_score=0.922)
[00:30:54] State -> SEARCH_TARGET_ROWS
[00:30:55] State -> HARVEST_ROW
[00:30:55] Harvest 'coconut' tai button (439, 152) (label_score=0.894, button_score=0.922)
[00:30:55] State -> SEARCH_TARGET_ROWS
[00:30:56] State -> HARVEST_ROW
[00:30:56] Harvest 'coconut' tai button (439, 152) (label_score=0.894, button_score=0.922)
[00:30:57] State -> SEARCH_TARGET_ROWS
[00:30:57] State -> HARVEST_ROW
[00:30:57] Harvest 'coconut' tai button (439, 152) (label_score=0.894, button_score=0.922)
[00:30:58] State -> SEARCH_TARGET_ROWS
[00:30:58] State -> HARVEST_ROW
[00:30:58] Harvest 'coconut' tai button (439, 152) (label_score=0.894, button_score=0.922)
[00:30:59] State -> SEARCH_TARGET_ROWS
[00:31:00] State -> HARVEST_ROW
[00:31:00] Harvest 'coconut' tai button (439, 152) (label_score=0.894, button_score=0.922)
[00:31:01] State -> SEARCH_TARGET_ROWS
[00:31:01] State -> HARVEST_ROW
[00:31:01] Harvest 'coconut' tai button (439, 152) (label_score=0.894, button_score=0.922)
[00:31:02] State -> SEARCH_TARGET_ROWS
[00:31:03] State -> HARVEST_ROW
[00:31:03] Harvest 'coconut' tai button (439, 152) (label_score=0.894, button_score=0.922)
[00:31:04] State -> SEARCH_TARGET_ROWS
[00:31:04] State -> HARVEST_ROW
[00:31:04] Harvest 'coconut' tai button (439, 152) (label_score=0.894, button_score=0.922)
[00:31:05] State -> SEARCH_TARGET_ROWS
[00:31:06] State -> HARVEST_ROW
[00:31:06] Harvest 'coconut' tai button (439, 152) (label_score=0.894, button_score=0.922)
[00:31:07] State -> SEARCH_TARGET_ROWS
[00:31:07] State -> HARVEST_ROW
[00:31:07] Harvest 'coconut' tai button (439, 152) (label_score=0.894, button_score=0.922)
[00:31:08] State -> SEARCH_TARGET_ROWS
[00:31:08] State -> HARVEST_ROW
[00:31:08] Harvest 'coconut' tai button (439, 152) (label_score=0.894, button_score=0.922)
[00:31:09] State -> SEARCH_TARGET_ROWS
[00:31:10] State -> HARVEST_ROW
[00:31:10] Harvest 'coconut' tai button (439, 152) (label_score=0.894, button_score=0.922)
[00:31:11] State -> SEARCH_TARGET_ROWS
[00:31:11] State -> HARVEST_ROW
[00:31:11] Harvest 'coconut' tai button (439, 152) (label_score=0.894, button_score=0.922)
[00:31:12] State -> SEARCH_TARGET_ROWS
[00:31:12] State -> HARVEST_ROW
[00:31:12] Harvest 'coconut' tai button (439, 152) (label_score=0.894, button_score=0.922)
[00:31:13] State -> SEARCH_TARGET_ROWS
[00:31:14] State -> HARVEST_ROW
[00:31:14] Harvest 'coconut' tai button (439, 152) (label_score=0.894, button_score=0.922)
[00:31:15] State -> SEARCH_TARGET_ROWS
[00:31:15] State -> HARVEST_ROW
[00:31:15] Harvest 'coconut' tai button (439, 152) (label_score=0.894, button_score=0.922)
[00:31:16] State -> SEARCH_TARGET_ROWS
[00:31:16] State -> HARVEST_ROW
[00:31:17] Harvest 'coconut' tai button (439, 152) (label_score=0.894, button_score=0.922)
[00:31:17] State -> SEARCH_TARGET_ROWS
[00:31:18] State -> HARVEST_ROW
[00:31:18] Harvest 'coconut' tai button (439, 152) (label_score=0.894, button_score=0.922)
[00:31:19] State -> SEARCH_TARGET_ROWS
[00:31:19] State -> HARVEST_ROW
[00:31:19] Harvest 'coconut' tai button (439, 152) (label_score=0.894, button_score=0.922)
[00:31:20] State -> SEARCH_TARGET_ROWS
[00:31:24] State -> SCROLL_LIST
[00:31:24] Da cuon danh sach xuong. So lan cuon: 53
[00:31:25] State -> SEARCH_TARGET_ROWS
[00:31:27] State -> HARVEST_ROW
[00:31:27] Harvest 'coconut' tai button (213, 152) (label_score=0.994, button_score=0.927)
[00:31:29] State -> SEARCH_TARGET_ROWS
[00:31:29] State -> HARVEST_ROW
[00:31:29] Harvest 'coconut' tai button (439, 152) (label_score=0.894, button_score=0.922)
[00:31:30] State -> SEARCH_TARGET_ROWS
[00:31:31] State -> HARVEST_ROW
[00:31:31] Harvest 'coconut' tai button (439, 152) (label_score=0.894, button_score=0.922)
[00:31:32] State -> SEARCH_TARGET_ROWS
[00:31:35] State -> SCROLL_LIST
[00:31:35] Da cuon danh sach xuong. So lan cuon: 54
[00:31:36] State -> SEARCH_TARGET_ROWS
[00:31:39] State -> SCROLL_LIST
[00:31:39] Da cuon danh sach xuong. So lan cuon: 55
[00:31:40] State -> SEARCH_TARGET_ROWS
[00:31:44] State -> SCROLL_LIST
[00:31:44] Da cuon danh sach xuong. So lan cuon: 56
[00:31:44] State -> SEARCH_TARGET_ROWS
[00:31:48] State -> SCROLL_LIST
[00:31:48] Da cuon danh sach xuong. So lan cuon: 57
[00:31:49] State -> SEARCH_TARGET_ROWS
[00:31:49] State -> HARVEST_ROW
[00:31:49] Harvest 'coconut' tai button (213, 152) (label_score=0.994, button_score=0.927)
[00:31:50] State -> SEARCH_TARGET_ROWS
[00:31:51] State -> HARVEST_ROW
[00:31:51] Harvest 'coconut' tai button (213, 152) (label_score=0.994, button_score=0.927)
[00:31:52] State -> SEARCH_TARGET_ROWS
[00:31:52] State -> HARVEST_ROW
[00:31:52] Harvest 'coconut' tai button (213, 152) (label_score=0.994, button_score=0.927)
[00:31:53] State -> SEARCH_TARGET_ROWS
[00:31:54] State -> HARVEST_ROW
[00:31:54] Harvest 'coconut' tai button (439, 152) (label_score=0.894, button_score=0.922)
[00:31:55] State -> SEARCH_TARGET_ROWS
[00:31:56] State -> HARVEST_ROW
[00:31:56] Harvest 'coconut' tai button (213, 152) (label_score=0.994, button_score=0.927)
[00:31:56] State -> SEARCH_TARGET_ROWS
[00:31:57] State -> HARVEST_ROW
[00:31:57] Harvest 'coconut' tai button (439, 152) (label_score=0.894, button_score=0.922)
[00:31:58] State -> SEARCH_TARGET_ROWS
[00:31:58] State -> HARVEST_ROW
[00:31:58] Harvest 'coconut' tai button (439, 152) (label_score=0.894, button_score=0.922)
[00:31:59] State -> SEARCH_TARGET_ROWS
[00:32:00] State -> HARVEST_ROW
[00:32:00] Harvest 'coconut' tai button (213, 152) (label_score=0.994, button_score=0.927)
[00:32:01] State -> SEARCH_TARGET_ROWS
[00:32:01] State -> HARVEST_ROW
[00:32:01] Harvest 'coconut' tai button (439, 152) (label_score=0.894, button_score=0.922)
[00:32:02] State -> SEARCH_TARGET_ROWS
[00:32:03] State -> HARVEST_ROW
[00:32:03] Harvest 'coconut' tai button (439, 152) (label_score=0.894, button_score=0.922)
[00:32:03] State -> SEARCH_TARGET_ROWS
[00:32:04] State -> HARVEST_ROW
[00:32:04] Harvest 'coconut' tai button (439, 152) (label_score=0.894, button_score=0.922)
[00:32:05] State -> SEARCH_TARGET_ROWS
[00:32:05] State -> HARVEST_ROW
[00:32:05] Harvest 'coconut' tai button (439, 152) (label_score=0.894, button_score=0.922)
[00:32:06] State -> SEARCH_TARGET_ROWS
[00:32:07] State -> HARVEST_ROW
[00:32:07] Harvest 'coconut' tai button (439, 152) (label_score=0.894, button_score=0.922)
[00:32:08] State -> SEARCH_TARGET_ROWS
[00:32:08] State -> HARVEST_ROW
[00:32:08] Harvest 'coconut' tai button (213, 152) (label_score=0.994, button_score=0.927)
[00:32:09] State -> SEARCH_TARGET_ROWS
[00:32:10] State -> HARVEST_ROW
[00:32:10] Harvest 'coconut' tai button (439, 152) (label_score=0.894, button_score=0.922)
[00:32:11] State -> SEARCH_TARGET_ROWS
[00:32:11] State -> HARVEST_ROW
[00:32:11] Harvest 'coconut' tai button (439, 152) (label_score=0.894, button_score=0.922)
[00:32:12] State -> SEARCH_TARGET_ROWS
[00:32:13] State -> HARVEST_ROW
[00:32:13] Harvest 'coconut' tai button (213, 152) (label_score=0.994, button_score=0.927)
[00:32:13] State -> SEARCH_TARGET_ROWS
[00:32:14] State -> HARVEST_ROW
[00:32:14] Harvest 'coconut' tai button (213, 152) (label_score=0.994, button_score=0.927)
[00:32:15] State -> SEARCH_TARGET_ROWS
[00:32:16] State -> HARVEST_ROW
[00:32:16] Harvest 'coconut' tai button (213, 152) (label_score=0.994, button_score=0.927)
[00:32:16] State -> SEARCH_TARGET_ROWS
[00:32:17] State -> HARVEST_ROW
[00:32:17] Harvest 'coconut' tai button (439, 152) (label_score=0.894, button_score=0.922)
