[07:18:47] Bot da chay. Nhan ESC de dung an toan.
[07:18:47] Da gan cua so BlueStacks: 'BlueStacks App Player' tai (1391, 720) kich thuoc 528x312
[07:18:48] Phat hien dang o giua quy trinh ban. Tiep tuc tu man hinh hien tai.
[07:18:48] Da o san giao dien 'Ban nong san'.
[07:18:48] State -> SELL_AUTO_SELECT
[07:18:49] Clicked 'sell_auto_select' bang template tai (336, 289).
[07:18:51] Sau buoc 'Chon tu dong' khong xuat hien nut xanh so tien. Xem nhu khong con nong san de ban.
[07:18:51] State -> SELL_CLOSE_SCREEN
[07:18:52] Clicked 'sell_screen_close' bang template tai (470, 49).
[07:18:52] State -> SELL_DISMISS_END_DIALOG
[07:18:53] Clicked 'npc_dialog_continue' bang template+offset tai (260, 273).
[07:18:55] Clicked 'npc_dialog_continue' bang template+offset tai (260, 273).
[07:18:56] Da thoat khoi quy trinh ban va quay lai man hinh chinh.
[07:18:56] State -> SESSION_DONE
[07:18:56] Hoan tat quy trinh tu dong.
[07:18:57] Ban xong. Bat dau lai vong thu hoach moi ngay.
[07:18:57] State -> OPEN_HOME
[07:18:58] Bo qua fallback cho 'open_home' vi allow_fallback_clicks=false.
[07:18:59] Bo qua fallback cho 'open_home' vi allow_fallback_clicks=false.
[07:19:00] Bo qua fallback cho 'open_home' vi allow_fallback_clicks=false.
[07:19:02] Bo qua fallback cho 'open_home' vi allow_fallback_clicks=false.
[07:19:03] Bo qua fallback cho 'open_home' vi allow_fallback_clicks=false.
[07:19:03] Khong mo duoc 'Nha ta'. Lan kiem tra tiep theo sau 120.0 giay.
[07:19:03] State -> WAIT_FOR_CHECK
