[23:55:26] Bot da chay. Nhan ESC de dung an toan.
[23:55:26] Da gan cua so BlueStacks: 'BlueStacks App Player' tai (1391, 718) kich thuoc 528x312
[23:55:26] State -> OPEN_HOME
[23:55:27] Da o san trong danh sach trai cay. Chuyen thang sang buoc tim dong can thu hoach.
[23:55:27] State -> SEARCH_TARGET_ROWS
[23:55:28] State -> HARVEST_ROW
[23:55:28] Harvest 'starfruit' tai button (213, 101) (label_score=0.841, button_score=0.947)
[23:55:29] State -> SEARCH_TARGET_ROWS
[23:55:29] State -> HARVEST_ROW
[23:55:29] Harvest 'starfruit' tai button (213, 101) (label_score=0.843, button_score=0.947)
[23:55:31] State -> SEARCH_TARGET_ROWS
[23:55:31] State -> HARVEST_ROW
[23:55:31] Harvest 'starfruit' tai button (213, 101) (label_score=0.843, button_score=0.947)
[23:55:32] State -> SEARCH_TARGET_ROWS
[23:55:32] State -> HARVEST_ROW
[23:55:32] Harvest 'starfruit' tai button (213, 101) (label_score=0.843, button_score=0.947)
[23:55:33] State -> SEARCH_TARGET_ROWS
[23:55:34] State -> HARVEST_ROW
[23:55:34] Harvest 'starfruit' tai button (213, 101) (label_score=0.843, button_score=0.947)
[23:55:35] State -> SEARCH_TARGET_ROWS
[23:55:35] State -> HARVEST_ROW
[23:55:35] Harvest 'starfruit' tai button (213, 101) (label_score=0.843, button_score=0.947)
