[21:58:08] Bot da chay. Nhan ESC de dung an toan.
[21:58:08] Da gan cua so BlueStacks: 'BlueStacks App Player' tai (1391, 720) kich thuoc 528x312
[21:58:08] State -> OPEN_HOME
[21:58:08] Clicked 'open_home' bang template+offset tai (348, 60).
[21:58:08] State -> OPEN_AVAILABLE_TO_HARVEST
[21:58:10] Clicked 'available_to_harvest' bang template tai (100, 153).
[21:58:10] State -> OPEN_HARVEST_POPUP
[21:58:12] Clicked 'harvest_fruit_popup' bang template tai (248, 136).
[21:58:12] State -> SEARCH_TARGET_ROWS
[21:58:14] State -> HARVEST_ROW
[21:58:14] Harvest 'starfruit' tai button (213, 105) (label_score=0.914, button_score=0.919)
[21:58:14] State -> SEARCH_TARGET_ROWS
[21:58:15] State -> HARVEST_ROW
[21:58:15] Harvest 'starfruit' tai button (439, 105) (label_score=0.862, button_score=0.915)
[21:58:16] State -> SEARCH_TARGET_ROWS
[21:58:16] State -> HARVEST_ROW
[21:58:16] Harvest 'starfruit' tai button (213, 105) (label_score=0.914, button_score=0.919)
[21:58:17] State -> SEARCH_TARGET_ROWS
[21:58:18] State -> HARVEST_ROW
[21:58:18] Harvest 'starfruit' tai button (213, 105) (label_score=0.914, button_score=0.919)
[21:58:18] State -> SEARCH_TARGET_ROWS
[21:58:19] State -> HARVEST_ROW
[21:58:19] Harvest 'starfruit' tai button (439, 105) (label_score=0.862, button_score=0.915)
[21:58:20] State -> SEARCH_TARGET_ROWS
[21:58:20] State -> HARVEST_ROW
[21:58:20] Harvest 'starfruit' tai button (213, 105) (label_score=0.914, button_score=0.919)
[21:58:21] State -> SEARCH_TARGET_ROWS
[21:58:22] State -> HARVEST_ROW
[21:58:22] Harvest 'starfruit' tai button (213, 105) (label_score=0.914, button_score=0.919)
[21:58:23] State -> SEARCH_TARGET_ROWS
[21:58:23] State -> HARVEST_ROW
[21:58:23] Harvest 'starfruit' tai button (213, 105) (label_score=0.914, button_score=0.919)
[21:58:24] State -> SEARCH_TARGET_ROWS
[21:58:24] State -> HARVEST_ROW
[21:58:24] Harvest 'starfruit' tai button (439, 105) (label_score=0.862, button_score=0.915)
[21:58:25] State -> SEARCH_TARGET_ROWS
[21:58:25] State -> HARVEST_ROW
[21:58:25] Harvest 'starfruit' tai button (213, 105) (label_score=0.914, button_score=0.919)
[21:58:26] State -> SEARCH_TARGET_ROWS
[21:58:27] State -> HARVEST_ROW
[21:58:27] Harvest 'starfruit' tai button (213, 105) (label_score=0.914, button_score=0.919)
[21:58:27] State -> SEARCH_TARGET_ROWS
[21:58:28] State -> HARVEST_ROW
[21:58:28] Harvest 'starfruit' tai button (439, 105) (label_score=0.862, button_score=0.915)
[21:58:29] State -> SEARCH_TARGET_ROWS
[21:58:29] State -> HARVEST_ROW
[21:58:29] Harvest 'starfruit' tai button (213, 105) (label_score=0.914, button_score=0.919)
[21:58:30] State -> SEARCH_TARGET_ROWS
[21:58:30] State -> HARVEST_ROW
[21:58:30] Harvest 'starfruit' tai button (213, 105) (label_score=0.914, button_score=0.919)
[21:58:31] State -> SEARCH_TARGET_ROWS
[21:58:31] State -> HARVEST_ROW
[21:58:31] Harvest 'starfruit' tai button (439, 105) (label_score=0.862, button_score=0.915)
[21:58:32] State -> SEARCH_TARGET_ROWS
[21:58:33] State -> HARVEST_ROW
[21:58:33] Harvest 'starfruit' tai button (213, 105) (label_score=0.914, button_score=0.919)
[21:58:34] State -> SEARCH_TARGET_ROWS
[21:58:34] State -> HARVEST_ROW
[21:58:34] Harvest 'starfruit' tai button (439, 105) (label_score=0.862, button_score=0.915)
[21:58:35] State -> SEARCH_TARGET_ROWS
[21:58:36] State -> HARVEST_ROW
[21:58:36] Harvest 'starfruit' tai button (213, 105) (label_score=0.914, button_score=0.919)
[21:58:37] State -> SEARCH_TARGET_ROWS
[21:58:37] State -> HARVEST_ROW
[21:58:37] Harvest 'starfruit' tai button (213, 105) (label_score=0.914, button_score=0.919)
[21:58:38] State -> SEARCH_TARGET_ROWS
[21:58:38] State -> HARVEST_ROW
[21:58:38] Harvest 'starfruit' tai button (439, 105) (label_score=0.862, button_score=0.915)
[21:58:39] State -> SEARCH_TARGET_ROWS
[21:58:40] State -> HARVEST_ROW
[21:58:40] Harvest 'starfruit' tai button (213, 105) (label_score=0.914, button_score=0.919)
[21:58:40] State -> SEARCH_TARGET_ROWS
[21:58:41] State -> HARVEST_ROW
[21:58:41] Harvest 'starfruit' tai button (439, 105) (label_score=0.862, button_score=0.915)
[21:58:42] State -> SEARCH_TARGET_ROWS
[21:58:42] State -> HARVEST_ROW
[21:58:42] Harvest 'starfruit' tai button (213, 105) (label_score=0.914, button_score=0.919)
[21:58:43] State -> SEARCH_TARGET_ROWS
[21:58:43] State -> HARVEST_ROW
[21:58:43] Harvest 'starfruit' tai button (439, 105) (label_score=0.859, button_score=0.915)
[21:58:44] State -> SEARCH_TARGET_ROWS
[21:58:45] State -> HARVEST_ROW
[21:58:45] Harvest 'starfruit' tai button (213, 105) (label_score=0.912, button_score=0.919)
[21:58:46] State -> SEARCH_TARGET_ROWS
[21:58:46] State -> HARVEST_ROW
[21:58:46] Harvest 'starfruit' tai button (213, 105) (label_score=0.912, button_score=0.919)
[21:58:47] State -> SEARCH_TARGET_ROWS
[21:58:47] State -> HARVEST_ROW
[21:58:47] Harvest 'starfruit' tai button (439, 105) (label_score=0.859, button_score=0.915)
[21:58:49] State -> SEARCH_TARGET_ROWS
[21:58:49] State -> HARVEST_ROW
[21:58:49] Harvest 'starfruit' tai button (213, 105) (label_score=0.912, button_score=0.919)
[21:58:50] State -> SEARCH_TARGET_ROWS
[21:58:50] State -> HARVEST_ROW
[21:58:50] Harvest 'starfruit' tai button (439, 105) (label_score=0.859, button_score=0.915)
[21:58:51] State -> SEARCH_TARGET_ROWS
[21:58:51] State -> HARVEST_ROW
[21:58:51] Harvest 'starfruit' tai button (213, 105) (label_score=0.912, button_score=0.919)
[21:58:52] State -> SEARCH_TARGET_ROWS
[21:58:53] State -> HARVEST_ROW
[21:58:53] Harvest 'starfruit' tai button (439, 105) (label_score=0.859, button_score=0.915)
[21:58:54] State -> SEARCH_TARGET_ROWS
[21:58:54] State -> HARVEST_ROW
[21:58:54] Harvest 'starfruit' tai button (213, 105) (label_score=0.912, button_score=0.919)
[21:58:55] State -> SEARCH_TARGET_ROWS
[21:58:55] State -> HARVEST_ROW
[21:58:55] Harvest 'starfruit' tai button (439, 105) (label_score=0.859, button_score=0.915)
[21:58:56] State -> SEARCH_TARGET_ROWS
[21:58:56] State -> HARVEST_ROW
[21:58:56] Harvest 'starfruit' tai button (213, 105) (label_score=0.912, button_score=0.919)
[21:58:57] State -> SEARCH_TARGET_ROWS
[21:58:58] State -> HARVEST_ROW
[21:58:58] Harvest 'starfruit' tai button (439, 105) (label_score=0.859, button_score=0.915)
[21:58:59] State -> SEARCH_TARGET_ROWS
[21:58:59] State -> HARVEST_ROW
[21:58:59] Harvest 'starfruit' tai button (213, 105) (label_score=0.912, button_score=0.919)
[21:59:00] State -> SEARCH_TARGET_ROWS
[21:59:00] State -> HARVEST_ROW
[21:59:00] Harvest 'starfruit' tai button (439, 105) (label_score=0.859, button_score=0.915)
[21:59:01] State -> SEARCH_TARGET_ROWS
[21:59:02] State -> HARVEST_ROW
[21:59:02] Harvest 'starfruit' tai button (213, 105) (label_score=0.912, button_score=0.919)
[21:59:02] State -> SEARCH_TARGET_ROWS
[21:59:03] State -> HARVEST_ROW
[21:59:03] Harvest 'starfruit' tai button (439, 105) (label_score=0.859, button_score=0.915)
[21:59:04] State -> SEARCH_TARGET_ROWS
[21:59:04] State -> HARVEST_ROW
[21:59:04] Harvest 'starfruit' tai button (213, 105) (label_score=0.912, button_score=0.919)
[21:59:05] State -> SEARCH_TARGET_ROWS
[21:59:05] State -> HARVEST_ROW
[21:59:05] Harvest 'starfruit' tai button (213, 105) (label_score=0.914, button_score=0.919)
[21:59:06] State -> SEARCH_TARGET_ROWS
[21:59:07] State -> HARVEST_ROW
[21:59:07] Harvest 'starfruit' tai button (439, 105) (label_score=0.862, button_score=0.915)
[21:59:08] State -> SEARCH_TARGET_ROWS
[21:59:08] State -> HARVEST_ROW
[21:59:08] Harvest 'starfruit' tai button (213, 105) (label_score=0.914, button_score=0.919)
[21:59:09] State -> SEARCH_TARGET_ROWS
[21:59:09] State -> HARVEST_ROW
[21:59:10] Harvest 'starfruit' tai button (213, 105) (label_score=0.914, button_score=0.919)
[21:59:11] State -> SEARCH_TARGET_ROWS
[21:59:11] State -> HARVEST_ROW
[21:59:11] Harvest 'starfruit' tai button (213, 105) (label_score=0.914, button_score=0.919)
[21:59:12] State -> SEARCH_TARGET_ROWS
[21:59:12] State -> HARVEST_ROW
[21:59:12] Harvest 'starfruit' tai button (213, 105) (label_score=0.914, button_score=0.919)
[21:59:13] State -> SEARCH_TARGET_ROWS
[21:59:14] State -> HARVEST_ROW
[21:59:14] Harvest 'starfruit' tai button (213, 105) (label_score=0.914, button_score=0.919)
[21:59:15] State -> SEARCH_TARGET_ROWS
[21:59:15] State -> HARVEST_ROW
[21:59:15] Harvest 'starfruit' tai button (213, 105) (label_score=0.914, button_score=0.919)
[21:59:16] State -> SEARCH_TARGET_ROWS
[21:59:16] State -> HARVEST_ROW
[21:59:16] Harvest 'starfruit' tai button (439, 105) (label_score=0.862, button_score=0.915)
[21:59:17] State -> SEARCH_TARGET_ROWS
[21:59:18] State -> HARVEST_ROW
[21:59:18] Harvest 'starfruit' tai button (213, 105) (label_score=0.914, button_score=0.919)
[21:59:19] State -> SEARCH_TARGET_ROWS
[21:59:19] State -> HARVEST_ROW
[21:59:19] Harvest 'starfruit' tai button (439, 105) (label_score=0.862, button_score=0.915)
[21:59:20] State -> SEARCH_TARGET_ROWS
[21:59:20] State -> HARVEST_ROW
[21:59:20] Harvest 'starfruit' tai button (213, 105) (label_score=0.914, button_score=0.919)
[21:59:21] State -> SEARCH_TARGET_ROWS
[21:59:21] State -> HARVEST_ROW
[21:59:21] Harvest 'starfruit' tai button (439, 105) (label_score=0.862, button_score=0.915)
[21:59:22] State -> SEARCH_TARGET_ROWS
[21:59:22] State -> HARVEST_ROW
[21:59:22] Harvest 'starfruit' tai button (213, 105) (label_score=0.914, button_score=0.919)
[21:59:23] State -> SEARCH_TARGET_ROWS
[21:59:24] State -> HARVEST_ROW
[21:59:24] Harvest 'starfruit' tai button (213, 105) (label_score=0.914, button_score=0.919)
[21:59:25] State -> SEARCH_TARGET_ROWS
[21:59:25] State -> HARVEST_ROW
[21:59:25] Harvest 'starfruit' tai button (439, 105) (label_score=0.862, button_score=0.915)
[21:59:26] State -> SEARCH_TARGET_ROWS
[21:59:26] State -> HARVEST_ROW
[21:59:26] Harvest 'starfruit' tai button (213, 105) (label_score=0.914, button_score=0.919)
[21:59:27] State -> SEARCH_TARGET_ROWS
[21:59:28] State -> HARVEST_ROW
[21:59:28] Harvest 'starfruit' tai button (213, 105) (label_score=0.914, button_score=0.919)
[21:59:29] State -> SEARCH_TARGET_ROWS
[21:59:29] State -> HARVEST_ROW
[21:59:29] Harvest 'starfruit' tai button (213, 105) (label_score=0.914, button_score=0.919)
[21:59:30] State -> SEARCH_TARGET_ROWS
[21:59:30] State -> HARVEST_ROW
[21:59:30] Harvest 'starfruit' tai button (439, 105) (label_score=0.862, button_score=0.915)
[21:59:31] State -> SEARCH_TARGET_ROWS
[21:59:32] State -> HARVEST_ROW
[21:59:32] Harvest 'starfruit' tai button (213, 105) (label_score=0.914, button_score=0.919)
[21:59:33] State -> SEARCH_TARGET_ROWS
[21:59:33] State -> HARVEST_ROW
[21:59:33] Harvest 'starfruit' tai button (213, 105) (label_score=0.914, button_score=0.919)
[21:59:34] State -> SEARCH_TARGET_ROWS
[21:59:34] State -> HARVEST_ROW
[21:59:34] Harvest 'starfruit' tai button (439, 105) (label_score=0.862, button_score=0.915)
[21:59:35] State -> SEARCH_TARGET_ROWS
[21:59:36] State -> HARVEST_ROW
[21:59:36] Harvest 'starfruit' tai button (213, 105) (label_score=0.914, button_score=0.919)
[21:59:36] State -> SEARCH_TARGET_ROWS
[21:59:37] State -> HARVEST_ROW
[21:59:37] Harvest 'starfruit' tai button (439, 105) (label_score=0.862, button_score=0.915)
[21:59:38] State -> SEARCH_TARGET_ROWS
[21:59:38] State -> HARVEST_ROW
[21:59:38] Harvest 'starfruit' tai button (213, 105) (label_score=0.914, button_score=0.919)
[21:59:39] State -> SEARCH_TARGET_ROWS
[21:59:40] State -> HARVEST_ROW
[21:59:40] Harvest 'starfruit' tai button (213, 105) (label_score=0.914, button_score=0.919)
[21:59:41] State -> SEARCH_TARGET_ROWS
[21:59:41] State -> HARVEST_ROW
[21:59:41] Harvest 'starfruit' tai button (213, 105) (label_score=0.914, button_score=0.919)
[21:59:42] State -> SEARCH_TARGET_ROWS
[21:59:43] State -> HARVEST_ROW
[21:59:43] Harvest 'starfruit' tai button (213, 105) (label_score=0.914, button_score=0.919)
[21:59:43] State -> SEARCH_TARGET_ROWS
[21:59:44] State -> HARVEST_ROW
[21:59:44] Harvest 'starfruit' tai button (439, 105) (label_score=0.862, button_score=0.915)
[21:59:45] State -> SEARCH_TARGET_ROWS
[21:59:45] State -> HARVEST_ROW
[21:59:45] Harvest 'starfruit' tai button (213, 105) (label_score=0.914, button_score=0.919)
[21:59:46] State -> SEARCH_TARGET_ROWS
[21:59:46] State -> HARVEST_ROW
[21:59:46] Harvest 'starfruit' tai button (213, 105) (label_score=0.914, button_score=0.919)
[21:59:47] State -> SEARCH_TARGET_ROWS
[21:59:48] State -> HARVEST_ROW
[21:59:48] Harvest 'starfruit' tai button (213, 105) (label_score=0.914, button_score=0.919)
[21:59:49] State -> SEARCH_TARGET_ROWS
[21:59:49] State -> HARVEST_ROW
[21:59:49] Harvest 'starfruit' tai button (213, 105) (label_score=0.914, button_score=0.919)
[21:59:50] State -> SEARCH_TARGET_ROWS
[21:59:51] State -> HARVEST_ROW
[21:59:51] Harvest 'starfruit' tai button (213, 105) (label_score=0.914, button_score=0.919)
[21:59:51] State -> SEARCH_TARGET_ROWS
[21:59:52] State -> HARVEST_ROW
[21:59:52] Harvest 'starfruit' tai button (439, 105) (label_score=0.862, button_score=0.915)
[21:59:53] State -> SEARCH_TARGET_ROWS
[21:59:53] State -> HARVEST_ROW
[21:59:53] Harvest 'starfruit' tai button (213, 105) (label_score=0.914, button_score=0.919)
[21:59:54] State -> SEARCH_TARGET_ROWS
[21:59:54] State -> HARVEST_ROW
[21:59:55] Harvest 'starfruit' tai button (439, 105) (label_score=0.862, button_score=0.915)
[21:59:56] State -> SEARCH_TARGET_ROWS
[21:59:56] State -> HARVEST_ROW
[21:59:56] Harvest 'starfruit' tai button (213, 105) (label_score=0.914, button_score=0.919)
[21:59:57] State -> SEARCH_TARGET_ROWS
[21:59:57] State -> HARVEST_ROW
[21:59:57] Harvest 'starfruit' tai button (213, 105) (label_score=0.914, button_score=0.919)
[21:59:58] State -> SEARCH_TARGET_ROWS
[21:59:59] State -> HARVEST_ROW
[21:59:59] Harvest 'starfruit' tai button (213, 105) (label_score=0.914, button_score=0.919)
[22:00:00] State -> SEARCH_TARGET_ROWS
[22:00:00] State -> HARVEST_ROW
[22:00:00] Harvest 'starfruit' tai button (439, 105) (label_score=0.862, button_score=0.915)
[22:00:01] State -> SEARCH_TARGET_ROWS
[22:00:01] State -> HARVEST_ROW
[22:00:01] Harvest 'starfruit' tai button (213, 198) (label_score=0.986, button_score=0.949)
[22:00:02] State -> SEARCH_TARGET_ROWS
[22:00:03] State -> HARVEST_ROW
[22:00:03] Harvest 'starfruit' tai button (439, 105) (label_score=0.817, button_score=0.915)
[22:00:03] State -> SEARCH_TARGET_ROWS
[22:00:04] State -> HARVEST_ROW
[22:00:04] Harvest 'starfruit' tai button (213, 198) (label_score=0.986, button_score=0.949)
[22:00:05] State -> SEARCH_TARGET_ROWS
[22:00:05] State -> HARVEST_ROW
[22:00:05] Harvest 'starfruit' tai button (439, 105) (label_score=0.817, button_score=0.915)
[22:00:06] State -> SEARCH_TARGET_ROWS
[22:00:07] State -> HARVEST_ROW
[22:00:07] Harvest 'starfruit' tai button (213, 105) (label_score=0.914, button_score=0.919)
[22:00:08] State -> SEARCH_TARGET_ROWS
[22:00:08] State -> HARVEST_ROW
[22:00:08] Harvest 'starfruit' tai button (439, 105) (label_score=0.862, button_score=0.915)
[22:00:09] State -> SEARCH_TARGET_ROWS
[22:00:09] State -> HARVEST_ROW
[22:00:09] Harvest 'starfruit' tai button (213, 105) (label_score=0.914, button_score=0.919)
[22:00:10] State -> SEARCH_TARGET_ROWS
[22:00:11] State -> HARVEST_ROW
[22:00:11] Harvest 'starfruit' tai button (213, 105) (label_score=0.914, button_score=0.919)
[22:00:11] State -> SEARCH_TARGET_ROWS
[22:00:12] State -> HARVEST_ROW
[22:00:12] Harvest 'starfruit' tai button (439, 105) (label_score=0.862, button_score=0.915)
[22:00:13] State -> SEARCH_TARGET_ROWS
[22:00:13] State -> HARVEST_ROW
[22:00:13] Harvest 'starfruit' tai button (213, 105) (label_score=0.914, button_score=0.919)
[22:00:14] State -> SEARCH_TARGET_ROWS
[22:00:14] State -> HARVEST_ROW
[22:00:14] Harvest 'starfruit' tai button (213, 105) (label_score=0.914, button_score=0.919)
[22:00:15] State -> SEARCH_TARGET_ROWS
[22:00:16] State -> HARVEST_ROW
[22:00:16] Harvest 'starfruit' tai button (439, 105) (label_score=0.862, button_score=0.915)
[22:00:17] State -> SEARCH_TARGET_ROWS
[22:00:17] State -> HARVEST_ROW
[22:00:17] Harvest 'starfruit' tai button (213, 105) (label_score=0.914, button_score=0.918)
[22:00:18] State -> SEARCH_TARGET_ROWS
[22:00:18] State -> HARVEST_ROW
[22:00:18] Harvest 'starfruit' tai button (213, 105) (label_score=0.915, button_score=0.916)
[22:00:19] State -> SEARCH_TARGET_ROWS
[22:00:20] State -> HARVEST_ROW
[22:00:20] Harvest 'starfruit' tai button (439, 105) (label_score=0.862, button_score=0.915)
[22:00:21] State -> SEARCH_TARGET_ROWS
[22:00:21] State -> HARVEST_ROW
[22:00:21] Harvest 'starfruit' tai button (213, 105) (label_score=0.914, button_score=0.919)
[22:00:22] State -> SEARCH_TARGET_ROWS
[22:00:23] State -> HARVEST_ROW
[22:00:23] Harvest 'starfruit' tai button (213, 105) (label_score=0.914, button_score=0.919)
[22:00:23] State -> SEARCH_TARGET_ROWS
[22:00:24] State -> HARVEST_ROW
[22:00:24] Harvest 'starfruit' tai button (213, 105) (label_score=0.914, button_score=0.919)
[22:00:25] State -> SEARCH_TARGET_ROWS
[22:00:25] State -> HARVEST_ROW
[22:00:25] Harvest 'starfruit' tai button (439, 105) (label_score=0.862, button_score=0.915)
[22:00:26] State -> SEARCH_TARGET_ROWS
[22:00:26] State -> BAG_FULL
[22:00:26] Da luu anh runtime: bag_full_live_detected.png
[22:00:26] Phat hien thong bao day tui. Thu dong popup bang nut X.
[22:00:26] Clicked 'close_harvest_popup' bang template tai (470, 58).
[22:00:28] Da luu anh runtime: after_bag_full_close.png
[22:00:28] Bat dau quy trinh ban nong san sau khi day tui.
[22:00:28] State -> OPEN_SELL_ENTRY
[22:00:28] Clicked 'sell_entry' bang template tai (428, 103).
[22:00:28] State -> OPEN_SELL_CART
[22:00:29] Da o san man hinh chinh co nut 'Ban'.
[22:00:29] State -> OPEN_SELL_ENTRY
[22:00:30] Clicked 'sell_entry' bang template tai (428, 103).
[22:00:30] State -> OPEN_SELL_CART
[22:00:32] Da o san man hinh chinh co nut 'Ban'.
[22:00:32] State -> OPEN_SELL_ENTRY
[22:00:33] Clicked 'sell_entry' bang template tai (428, 103).
[22:00:33] State -> OPEN_SELL_CART
[22:00:34] Da o san man hinh chinh co nut 'Ban'.
[22:00:34] State -> OPEN_SELL_ENTRY
[22:00:36] Clicked 'sell_entry' bang template tai (428, 103).
[22:00:36] State -> OPEN_SELL_CART
