[07:54:03] Bot da chay. Nhan ESC de dung an toan.
[07:54:03] Da gan cua so BlueStacks: 'BlueStacks App Player' tai (1391, 720) kich thuoc 528x312
[07:54:03] State -> OPEN_HOME
[07:54:03] Da o san trong danh sach trai cay. Chuyen thang sang buoc tim dong can thu hoach.
[07:54:03] State -> SEARCH_TARGET_ROWS
[07:54:05] State -> HARVEST_ROW
[07:54:05] Harvest 'starfruit' tai button (213, 105) (label_score=0.914, button_score=0.919)
[07:54:06] State -> SEARCH_TARGET_ROWS
[07:54:06] State -> HARVEST_ROW
[07:54:06] Harvest 'starfruit' tai button (213, 105) (label_score=0.914, button_score=0.919)
[07:54:07] State -> SEARCH_TARGET_ROWS
[07:54:07] State -> HARVEST_ROW
[07:54:07] Harvest 'starfruit' tai button (439, 105) (label_score=0.862, button_score=0.915)
[07:54:08] State -> SEARCH_TARGET_ROWS
[07:54:08] State -> HARVEST_ROW
[07:54:09] Harvest 'starfruit' tai button (213, 105) (label_score=0.914, button_score=0.919)
[07:54:09] State -> SEARCH_TARGET_ROWS
[07:54:10] State -> HARVEST_ROW
[07:54:10] Harvest 'starfruit' tai button (213, 105) (label_score=0.914, button_score=0.919)
[07:54:11] State -> SEARCH_TARGET_ROWS
[07:54:11] State -> HARVEST_ROW
[07:54:11] Harvest 'starfruit' tai button (213, 105) (label_score=0.914, button_score=0.919)
[07:54:12] State -> SEARCH_TARGET_ROWS
[07:54:13] State -> HARVEST_ROW
[07:54:13] Harvest 'starfruit' tai button (213, 105) (label_score=0.914, button_score=0.919)
[07:54:13] State -> SEARCH_TARGET_ROWS
[07:54:14] State -> HARVEST_ROW
[07:54:14] Harvest 'starfruit' tai button (213, 105) (label_score=0.914, button_score=0.919)
[07:54:15] State -> SEARCH_TARGET_ROWS
[07:54:15] State -> HARVEST_ROW
[07:54:15] Harvest 'starfruit' tai button (439, 105) (label_score=0.862, button_score=0.915)
[07:54:16] State -> SEARCH_TARGET_ROWS
[07:54:16] State -> HARVEST_ROW
[07:54:16] Harvest 'starfruit' tai button (213, 105) (label_score=0.914, button_score=0.919)
[07:54:17] State -> SEARCH_TARGET_ROWS
[07:54:18] State -> HARVEST_ROW
[07:54:18] Harvest 'starfruit' tai button (213, 105) (label_score=0.914, button_score=0.919)
[07:54:19] State -> SEARCH_TARGET_ROWS
[07:54:19] State -> HARVEST_ROW
[07:54:19] Harvest 'starfruit' tai button (213, 105) (label_score=0.914, button_score=0.919)
[07:54:20] State -> SEARCH_TARGET_ROWS
[07:54:21] State -> HARVEST_ROW
[07:54:21] Harvest 'starfruit' tai button (213, 105) (label_score=0.914, button_score=0.919)
[07:54:22] State -> SEARCH_TARGET_ROWS
[07:54:22] State -> HARVEST_ROW
[07:54:22] Harvest 'starfruit' tai button (439, 105) (label_score=0.862, button_score=0.915)
[07:54:23] State -> SEARCH_TARGET_ROWS
[07:54:23] State -> HARVEST_ROW
[07:54:23] Harvest 'starfruit' tai button (213, 105) (label_score=0.914, button_score=0.919)
[07:54:24] State -> SEARCH_TARGET_ROWS
[07:54:25] State -> HARVEST_ROW
[07:54:25] Harvest 'starfruit' tai button (439, 105) (label_score=0.862, button_score=0.915)
[07:54:26] State -> SEARCH_TARGET_ROWS
[07:54:26] State -> HARVEST_ROW
[07:54:26] Harvest 'starfruit' tai button (213, 105) (label_score=0.914, button_score=0.919)
[07:54:27] State -> SEARCH_TARGET_ROWS
[07:54:28] State -> HARVEST_ROW
[07:54:28] Harvest 'starfruit' tai button (213, 105) (label_score=0.914, button_score=0.919)
[07:54:29] State -> SEARCH_TARGET_ROWS
[07:54:29] State -> HARVEST_ROW
[07:54:29] Harvest 'starfruit' tai button (213, 105) (label_score=0.914, button_score=0.919)
[07:54:30] State -> SEARCH_TARGET_ROWS
[07:54:31] State -> HARVEST_ROW
[07:54:31] Harvest 'starfruit' tai button (213, 105) (label_score=0.914, button_score=0.919)
[07:54:31] State -> SEARCH_TARGET_ROWS
[07:54:32] State -> HARVEST_ROW
[07:54:32] Harvest 'starfruit' tai button (439, 105) (label_score=0.862, button_score=0.915)
[07:54:33] State -> SEARCH_TARGET_ROWS
[07:54:33] State -> HARVEST_ROW
[07:54:33] Harvest 'starfruit' tai button (213, 105) (label_score=0.914, button_score=0.919)
[07:54:34] State -> SEARCH_TARGET_ROWS
[07:54:34] State -> HARVEST_ROW
[07:54:34] Harvest 'starfruit' tai button (213, 105) (label_score=0.911, button_score=0.904)
[07:54:35] State -> SEARCH_TARGET_ROWS
[07:54:36] State -> HARVEST_ROW
[07:54:36] Harvest 'starfruit' tai button (439, 105) (label_score=0.862, button_score=0.915)
[07:54:37] State -> SEARCH_TARGET_ROWS
[07:54:37] State -> HARVEST_ROW
[07:54:37] Harvest 'starfruit' tai button (213, 105) (label_score=0.914, button_score=0.919)
[07:54:38] State -> SEARCH_TARGET_ROWS
[07:54:38] State -> HARVEST_ROW
[07:54:38] Harvest 'starfruit' tai button (439, 105) (label_score=0.862, button_score=0.915)
[07:54:39] State -> SEARCH_TARGET_ROWS
[07:54:40] State -> HARVEST_ROW
[07:54:40] Harvest 'starfruit' tai button (213, 105) (label_score=0.914, button_score=0.919)
[07:54:40] State -> SEARCH_TARGET_ROWS
[07:54:41] State -> HARVEST_ROW
[07:54:41] Harvest 'starfruit' tai button (439, 105) (label_score=0.862, button_score=0.915)
[07:54:42] State -> SEARCH_TARGET_ROWS
[07:54:42] State -> HARVEST_ROW
[07:54:42] Harvest 'starfruit' tai button (213, 105) (label_score=0.914, button_score=0.919)
[07:54:43] State -> SEARCH_TARGET_ROWS
[07:54:44] State -> HARVEST_ROW
[07:54:44] Harvest 'starfruit' tai button (439, 105) (label_score=0.862, button_score=0.915)
[07:54:44] State -> SEARCH_TARGET_ROWS
[07:54:45] State -> HARVEST_ROW
[07:54:45] Harvest 'starfruit' tai button (213, 105) (label_score=0.914, button_score=0.919)
[07:54:46] State -> SEARCH_TARGET_ROWS
[07:54:46] State -> HARVEST_ROW
[07:54:46] Harvest 'starfruit' tai button (213, 105) (label_score=0.914, button_score=0.919)
[07:54:47] State -> SEARCH_TARGET_ROWS
[07:54:47] State -> HARVEST_ROW
[07:54:47] Harvest 'starfruit' tai button (439, 105) (label_score=0.862, button_score=0.915)
[07:54:48] State -> SEARCH_TARGET_ROWS
[07:54:48] State -> HARVEST_ROW
[07:54:48] Harvest 'starfruit' tai button (213, 105) (label_score=0.914, button_score=0.919)
[07:54:49] State -> SEARCH_TARGET_ROWS
[07:54:50] State -> HARVEST_ROW
[07:54:50] Harvest 'starfruit' tai button (439, 105) (label_score=0.862, button_score=0.915)
[07:54:50] State -> SEARCH_TARGET_ROWS
[07:54:51] State -> HARVEST_ROW
[07:54:51] Harvest 'starfruit' tai button (213, 105) (label_score=0.914, button_score=0.919)
[07:54:52] State -> SEARCH_TARGET_ROWS
[07:54:52] State -> HARVEST_ROW
[07:54:52] Harvest 'starfruit' tai button (213, 105) (label_score=0.914, button_score=0.919)
[07:54:53] State -> SEARCH_TARGET_ROWS
[07:54:53] State -> HARVEST_ROW
[07:54:53] Harvest 'starfruit' tai button (213, 105) (label_score=0.914, button_score=0.919)
[07:54:54] State -> SEARCH_TARGET_ROWS
[07:54:55] State -> HARVEST_ROW
[07:54:55] Harvest 'starfruit' tai button (439, 105) (label_score=0.862, button_score=0.915)
[07:54:56] State -> SEARCH_TARGET_ROWS
[07:54:56] State -> HARVEST_ROW
[07:54:56] Harvest 'starfruit' tai button (213, 105) (label_score=0.914, button_score=0.919)
[07:54:57] State -> SEARCH_TARGET_ROWS
[07:54:57] State -> HARVEST_ROW
[07:54:57] Harvest 'starfruit' tai button (439, 105) (label_score=0.862, button_score=0.915)
[07:54:58] State -> SEARCH_TARGET_ROWS
[07:54:58] State -> HARVEST_ROW
[07:54:58] Harvest 'starfruit' tai button (213, 105) (label_score=0.914, button_score=0.919)
[07:54:59] State -> SEARCH_TARGET_ROWS
[07:55:00] State -> HARVEST_ROW
[07:55:00] Harvest 'starfruit' tai button (439, 105) (label_score=0.862, button_score=0.915)
[07:55:01] State -> SEARCH_TARGET_ROWS
[07:55:01] State -> HARVEST_ROW
[07:55:01] Harvest 'starfruit' tai button (213, 198) (label_score=0.986, button_score=0.949)
[07:55:02] State -> SEARCH_TARGET_ROWS
[07:55:02] State -> HARVEST_ROW
[07:55:02] Harvest 'starfruit' tai button (439, 105) (label_score=0.817, button_score=0.915)
[07:55:03] State -> SEARCH_TARGET_ROWS
[07:55:04] State -> HARVEST_ROW
[07:55:04] Harvest 'starfruit' tai button (213, 198) (label_score=0.986, button_score=0.949)
[07:55:04] State -> SEARCH_TARGET_ROWS
[07:55:05] State -> HARVEST_ROW
[07:55:05] Harvest 'starfruit' tai button (213, 105) (label_score=0.914, button_score=0.919)
[07:55:06] State -> SEARCH_TARGET_ROWS
[07:55:06] State -> HARVEST_ROW
[07:55:06] Harvest 'starfruit' tai button (439, 105) (label_score=0.862, button_score=0.915)
[07:55:07] State -> SEARCH_TARGET_ROWS
[07:55:07] State -> HARVEST_ROW
[07:55:07] Harvest 'starfruit' tai button (213, 105) (label_score=0.914, button_score=0.919)
[07:55:08] State -> SEARCH_TARGET_ROWS
[07:55:09] State -> HARVEST_ROW
[07:55:09] Harvest 'starfruit' tai button (439, 105) (label_score=0.859, button_score=0.915)
[07:55:10] State -> SEARCH_TARGET_ROWS
[07:55:10] State -> HARVEST_ROW
[07:55:10] Harvest 'starfruit' tai button (213, 105) (label_score=0.912, button_score=0.919)
[07:55:11] State -> SEARCH_TARGET_ROWS
[07:55:11] State -> HARVEST_ROW
[07:55:11] Harvest 'starfruit' tai button (439, 105) (label_score=0.859, button_score=0.915)
[07:55:12] State -> SEARCH_TARGET_ROWS
[07:55:13] State -> HARVEST_ROW
[07:55:13] Harvest 'starfruit' tai button (213, 105) (label_score=0.912, button_score=0.919)
[07:55:14] State -> SEARCH_TARGET_ROWS
[07:55:14] State -> HARVEST_ROW
[07:55:14] Harvest 'starfruit' tai button (439, 105) (label_score=0.859, button_score=0.915)
[07:55:15] State -> SEARCH_TARGET_ROWS
[07:55:15] State -> HARVEST_ROW
[07:55:15] Harvest 'starfruit' tai button (213, 105) (label_score=0.912, button_score=0.919)
[07:55:16] State -> SEARCH_TARGET_ROWS
[07:55:16] State -> HARVEST_ROW
[07:55:16] Harvest 'starfruit' tai button (439, 105) (label_score=0.859, button_score=0.915)
[07:55:17] State -> SEARCH_TARGET_ROWS
