[07:17:10] Bot da chay. Nhan ESC de dung an toan.
[07:17:10] Da gan cua so BlueStacks: 'BlueStacks App Player' tai (1391, 720) kich thuoc 528x312
[07:17:10] Phat hien dang o giua quy trinh ban. Tiep tuc tu man hinh hien tai.
[07:17:10] Da o san giao dien 'Ban nong san'.
[07:17:10] State -> SELL_AUTO_SELECT
[07:17:11] Clicked 'sell_auto_select' bang template tai (336, 289).
[07:17:12] State -> SELL_SUBMIT_SELECTION
[07:17:13] Clicked 'sell_bottom_submit' bang fallback+offset tai (423, 289).
[07:17:15] Khong hien popup sau khi bam nut xanh so tien. Xem nhu da ban het nong san.
[07:17:15] State -> SELL_CLOSE_SCREEN
[07:17:16] Clicked 'sell_screen_close' bang template tai (470, 49).
[07:17:16] State -> SELL_DISMISS_END_DIALOG
[07:17:17] Clicked 'npc_dialog_continue' bang template+offset tai (260, 273).
[07:17:19] Clicked 'npc_dialog_continue' bang template+offset tai (260, 273).
[07:17:20] Da thoat khoi quy trinh ban va quay lai man hinh chinh.
[07:17:20] State -> SESSION_DONE
[07:17:20] Hoan tat quy trinh tu dong.
[07:17:22] Ban xong. Bat dau lai vong thu hoach moi ngay.
[07:17:22] State -> OPEN_HOME
[07:17:22] Bo qua fallback cho 'open_home' vi allow_fallback_clicks=false.
[07:17:23] Bo qua fallback cho 'open_home' vi allow_fallback_clicks=false.
[07:17:24] Bo qua fallback cho 'open_home' vi allow_fallback_clicks=false.
[07:17:25] Bo qua fallback cho 'open_home' vi allow_fallback_clicks=false.
[07:17:27] Bo qua fallback cho 'open_home' vi allow_fallback_clicks=false.
[07:17:27] Khong mo duoc 'Nha ta'. Lan kiem tra tiep theo sau 156.9 giay.
[07:17:27] State -> WAIT_FOR_CHECK
