[23:59:45] Bot da chay. Nhan ESC de dung an toan.
[23:59:45] Da gan cua so BlueStacks: 'BlueStacks App Player' tai (1391, 718) kich thuoc 528x312
[23:59:45] State -> OPEN_HOME
[23:59:45] Da o san trong danh sach trai cay. Chuyen thang sang buoc tim dong can thu hoach.
[23:59:45] State -> SEARCH_TARGET_ROWS
[23:59:47] State -> HARVEST_ROW
[23:59:47] Harvest 'durian' tai button (213, 152) (label_score=0.869, button_score=0.927)
[23:59:48] State -> SEARCH_TARGET_ROWS
[23:59:48] State -> HARVEST_ROW
[23:59:48] Harvest 'durian' tai button (439, 152) (label_score=0.868, button_score=0.922)
[23:59:49] State -> SEARCH_TARGET_ROWS
[23:59:49] State -> HARVEST_ROW
[23:59:49] Harvest 'durian' tai button (213, 152) (label_score=0.869, button_score=0.927)
[23:59:50] State -> SEARCH_TARGET_ROWS
[23:59:50] State -> HARVEST_ROW
[23:59:50] Harvest 'durian' tai button (439, 152) (label_score=0.873, button_score=0.922)
[23:59:51] State -> SEARCH_TARGET_ROWS
[23:59:52] State -> HARVEST_ROW
[23:59:52] Harvest 'durian' tai button (213, 152) (label_score=0.874, button_score=0.908)
[23:59:52] State -> SEARCH_TARGET_ROWS
[23:59:53] State -> HARVEST_ROW
[23:59:53] Harvest 'durian' tai button (439, 152) (label_score=0.873, button_score=0.922)
[23:59:54] State -> SEARCH_TARGET_ROWS
[23:59:54] State -> HARVEST_ROW
[23:59:54] Harvest 'durian' tai button (213, 152) (label_score=0.874, button_score=0.927)
