[00:04:17] Bot da chay. Nhan ESC de dung an toan.
[00:04:17] Da gan cua so BlueStacks: 'BlueStacks App Player' tai (1391, 718) kich thuoc 528x312
[00:04:17] State -> OPEN_HOME
[00:04:17] Da o san trong danh sach trai cay. Chuyen thang sang buoc tim dong can thu hoach.
[00:04:17] State -> SEARCH_TARGET_ROWS
[00:04:19] State -> HARVEST_ROW
[00:04:19] Harvest 'coconut' tai button (213, 152) (label_score=0.795, button_score=0.927)
[00:04:20] State -> SEARCH_TARGET_ROWS
[00:04:20] State -> HARVEST_ROW
[00:04:20] Harvest 'coconut' tai button (213, 152) (label_score=0.795, button_score=0.927)
[00:04:21] State -> SEARCH_TARGET_ROWS
[00:04:21] State -> HARVEST_ROW
[00:04:21] Harvest 'coconut' tai button (439, 152) (label_score=0.794, button_score=0.922)
[00:04:22] State -> SEARCH_TARGET_ROWS
[00:04:23] State -> HARVEST_ROW
[00:04:23] Harvest 'coconut' tai button (213, 152) (label_score=0.795, button_score=0.927)
[00:04:24] State -> SEARCH_TARGET_ROWS
[00:04:24] State -> HARVEST_ROW
[00:04:24] Harvest 'coconut' tai button (213, 152) (label_score=0.795, button_score=0.927)
[00:04:25] State -> SEARCH_TARGET_ROWS
[00:04:25] State -> HARVEST_ROW
[00:04:25] Harvest 'coconut' tai button (213, 152) (label_score=0.795, button_score=0.927)
