[07:15:11] Bot da chay. Nhan ESC de dung an toan.
[07:15:11] Da gan cua so BlueStacks: 'BlueStacks App Player' tai (1391, 720) kich thuoc 528x312
[07:15:11] Phat hien dang o giua quy trinh ban. Tiep tuc tu man hinh hien tai.
[07:15:11] Da co nut xanh xac nhan ban o giao dien 'Ban nong san'.
[07:15:11] State -> SELL_SUBMIT_SELECTION
[07:15:13] Clicked 'sell_bottom_submit' bang template+offset tai (439, 286).
[07:15:14] Da o san popup xac nhan ban hang voi nut xanh so tien.
[07:15:14] State -> SELL_CONFIRM_POPUP_SUBMIT
[07:15:15] Clicked 'sell_popup_submit' bang template+offset tai (249, 261).
[07:15:16] State -> SELL_FINAL_CONFIRM
[07:15:17] Clicked 'sell_final_confirm' bang template tai (314, 248).
[07:15:17] State -> SELL_SUCCESS_OK
[07:15:18] Clicked 'sell_success_ok' bang template tai (249, 246).
[07:15:19] State -> SELL_CLOSE_SCREEN
[07:15:20] Clicked 'sell_screen_close' bang template tai (470, 49).
[07:15:20] State -> SELL_DISMISS_END_DIALOG
[07:15:21] Clicked 'npc_dialog_continue' bang template+offset tai (260, 273).
[07:15:23] Clicked 'npc_dialog_continue' bang template+offset tai (260, 273).
[07:15:28] Khong dong duoc hoi thoai ket thuc sau khi ban.
[07:15:28] State -> SESSION_DONE
[07:15:28] Hoan tat quy trinh tu dong.
[07:15:28] Hoan tat session. Lan kiem tra tiep theo sau 173.7 giay.
[07:15:28] State -> WAIT_FOR_CHECK
