[22:07:00] Bot da chay. Nhan ESC de dung an toan.
[22:07:00] Da gan cua so BlueStacks: 'BlueStacks App Player' tai (1391, 720) kich thuoc 528x312
[22:07:00] State -> OPEN_HOME
[22:07:00] Da o san popup chon 'Ban nong san'.
[22:07:00] State -> OPEN_SELL_PRODUCE_OPTION
[22:07:01] Clicked 'sell_produce_option' bang template tai (415, 190).
[22:07:01] State -> SELL_AUTO_SELECT
[22:07:03] Clicked 'sell_auto_select' bang template tai (336, 289).
[22:07:03] State -> SELL_SUBMIT_SELECTION
[22:07:04] Clicked 'sell_bottom_submit' bang fallback+offset tai (423, 289).
[22:07:04] State -> SELL_CONFIRM_POPUP_SUBMIT
[22:07:05] Clicked 'sell_popup_submit' bang template+offset tai (249, 261).
[22:07:06] State -> SELL_FINAL_CONFIRM
[22:07:07] Clicked 'sell_final_confirm' bang template tai (314, 248).
[22:07:07] State -> SELL_SUCCESS_OK
[22:07:08] Clicked 'sell_success_ok' bang template tai (249, 246).
[22:07:09] State -> SELL_CLOSE_SCREEN
[22:07:10] Da o san giao dien 'Ban nong san'.
[22:07:10] State -> SELL_AUTO_SELECT
[22:07:11] Clicked 'sell_auto_select' bang template tai (336, 289).
[22:07:11] State -> SELL_SUBMIT_SELECTION
[22:07:13] Clicked 'sell_bottom_submit' bang fallback+offset tai (423, 289).
[22:07:13] State -> SELL_CONFIRM_POPUP_SUBMIT
[22:07:14] Clicked 'sell_popup_submit' bang template+offset tai (249, 261).
[22:07:14] State -> SELL_FINAL_CONFIRM
[22:07:15] Clicked 'sell_final_confirm' bang template tai (314, 248).
[22:07:16] State -> SELL_SUCCESS_OK
[22:07:17] Clicked 'sell_success_ok' bang template tai (249, 246).
[22:07:17] State -> SELL_CLOSE_SCREEN
[22:07:18] Da o san giao dien 'Ban nong san'.
[22:07:18] State -> SELL_AUTO_SELECT
[22:07:20] Clicked 'sell_auto_select' bang template tai (336, 289).
[22:07:20] State -> SELL_SUBMIT_SELECTION
[22:07:21] Clicked 'sell_bottom_submit' bang fallback+offset tai (423, 289).
[22:07:22] State -> SELL_CONFIRM_POPUP_SUBMIT
[22:07:23] Da o san giao dien 'Ban nong san'.
[22:07:23] State -> SELL_AUTO_SELECT
[22:07:24] Clicked 'sell_auto_select' bang template tai (336, 289).
[22:07:24] State -> SELL_SUBMIT_SELECTION
[22:07:26] Clicked 'sell_bottom_submit' bang fallback+offset tai (423, 289).
[22:07:26] State -> SELL_CONFIRM_POPUP_SUBMIT
[22:07:27] Da o san giao dien 'Ban nong san'.
[22:07:27] State -> SELL_AUTO_SELECT
[22:07:29] Clicked 'sell_auto_select' bang template tai (336, 289).
[22:07:29] State -> SELL_SUBMIT_SELECTION
[22:07:30] Clicked 'sell_bottom_submit' bang fallback+offset tai (423, 289).
[22:07:31] State -> SELL_CONFIRM_POPUP_SUBMIT
[22:07:32] Da o san giao dien 'Ban nong san'.
[22:07:32] State -> SELL_AUTO_SELECT
[22:07:33] Clicked 'sell_auto_select' bang template tai (336, 289).
[22:07:33] State -> SELL_SUBMIT_SELECTION
[22:07:35] Clicked 'sell_bottom_submit' bang fallback+offset tai (423, 289).
[22:07:35] State -> SELL_CONFIRM_POPUP_SUBMIT
[22:07:36] Da o san giao dien 'Ban nong san'.
[22:07:36] State -> SELL_AUTO_SELECT
[22:07:37] Clicked 'sell_auto_select' bang template tai (336, 289).
[22:07:38] State -> SELL_SUBMIT_SELECTION
[22:07:39] Clicked 'sell_bottom_submit' bang fallback+offset tai (423, 289).
[22:07:39] State -> SELL_CONFIRM_POPUP_SUBMIT
[22:07:41] Da o san giao dien 'Ban nong san'.
[22:07:41] State -> SELL_AUTO_SELECT
[22:07:42] Clicked 'sell_auto_select' bang template tai (336, 289).
[22:07:42] State -> SELL_SUBMIT_SELECTION
[22:07:44] Clicked 'sell_bottom_submit' bang fallback+offset tai (423, 289).
[22:07:44] State -> SELL_CONFIRM_POPUP_SUBMIT
[22:07:45] Da o san giao dien 'Ban nong san'.
[22:07:45] State -> SELL_AUTO_SELECT
[22:07:47] Clicked 'sell_auto_select' bang template tai (336, 289).
[22:07:47] State -> SELL_SUBMIT_SELECTION
[22:07:48] Clicked 'sell_bottom_submit' bang fallback+offset tai (423, 289).
[22:07:49] State -> SELL_CONFIRM_POPUP_SUBMIT
[22:07:50] Da o san giao dien 'Ban nong san'.
[22:07:50] State -> SELL_AUTO_SELECT
[22:07:51] Clicked 'sell_auto_select' bang template tai (336, 289).
[22:07:51] State -> SELL_SUBMIT_SELECTION
[22:07:52] Clicked 'sell_bottom_submit' bang fallback+offset tai (423, 289).
[22:07:53] State -> SELL_CONFIRM_POPUP_SUBMIT
[22:07:54] Da o san giao dien 'Ban nong san'.
[22:07:54] State -> SELL_AUTO_SELECT
[22:07:55] Clicked 'sell_auto_select' bang template tai (336, 289).
[22:07:55] State -> SELL_SUBMIT_SELECTION
[22:07:57] Clicked 'sell_bottom_submit' bang fallback+offset tai (423, 289).
[22:07:57] State -> SELL_CONFIRM_POPUP_SUBMIT
[22:07:58] Da o san giao dien 'Ban nong san'.
[22:07:58] State -> SELL_AUTO_SELECT
[22:07:59] Clicked 'sell_auto_select' bang template tai (336, 289).
[22:08:00] State -> SELL_SUBMIT_SELECTION
[22:08:01] Clicked 'sell_bottom_submit' bang fallback+offset tai (423, 289).
[22:08:01] State -> SELL_CONFIRM_POPUP_SUBMIT
[22:08:02] Da o san giao dien 'Ban nong san'.
[22:08:02] State -> SELL_AUTO_SELECT
[22:08:03] Clicked 'sell_auto_select' bang template tai (336, 289).
[22:08:03] State -> SELL_SUBMIT_SELECTION
[22:08:05] Clicked 'sell_bottom_submit' bang fallback+offset tai (423, 289).
[22:08:05] State -> SELL_CONFIRM_POPUP_SUBMIT
[22:08:06] Da o san giao dien 'Ban nong san'.
[22:08:06] State -> SELL_AUTO_SELECT
[22:08:07] Clicked 'sell_auto_select' bang template tai (336, 289).
[22:08:08] State -> SELL_SUBMIT_SELECTION
[22:08:09] Clicked 'sell_bottom_submit' bang fallback+offset tai (423, 289).
[22:08:09] State -> SELL_CONFIRM_POPUP_SUBMIT
[22:08:11] Da o san giao dien 'Ban nong san'.
[22:08:11] State -> SELL_AUTO_SELECT
[22:08:12] Clicked 'sell_auto_select' bang template tai (336, 289).
[22:08:12] State -> SELL_SUBMIT_SELECTION
[22:08:14] Clicked 'sell_bottom_submit' bang fallback+offset tai (423, 289).
[22:08:14] State -> SELL_CONFIRM_POPUP_SUBMIT
[22:08:15] Da o san giao dien 'Ban nong san'.
[22:08:15] State -> SELL_AUTO_SELECT
[22:08:16] Clicked 'sell_auto_select' bang template tai (336, 289).
[22:08:17] State -> SELL_SUBMIT_SELECTION
[22:08:18] Clicked 'sell_bottom_submit' bang fallback+offset tai (423, 289).
[22:08:18] State -> SELL_CONFIRM_POPUP_SUBMIT
[22:08:19] Da o san giao dien 'Ban nong san'.
[22:08:19] State -> SELL_AUTO_SELECT
