[22:00:25] Bot da chay. Nhan ESC de dung an toan.
[22:00:25] Da gan cua so BlueStacks: 'BlueStacks App Player' tai (1392, 720) kich thuoc 528x312
[22:00:25] Phat hien dang o giua quy trinh ban. Tiep tuc tu man hinh hien tai.
[22:00:25] Da o san giao dien 'Ban nong san'.
[22:00:25] State -> SELL_AUTO_SELECT
[22:00:26] Clicked 'sell_auto_select' bang template tai (336, 289).
[22:00:27] Da bam 'Chon tu dong'. Bam ngay nut xanh so tien ben canh de ban.
[22:00:27] Clicked 'sell_bottom_submit' bang fallback tai (427, 286).
[22:00:28] Da o san popup xac nhan ban hang voi nut xanh so tien.
[22:00:28] State -> SELL_CONFIRM_POPUP_SUBMIT
[22:00:30] Clicked 'sell_popup_submit' bang template+offset tai (250, 261).
[22:00:30] State -> SELL_FINAL_CONFIRM
[22:00:31] Clicked 'sell_final_confirm' bang template tai (314, 248).
[22:00:31] State -> SELL_SUCCESS_OK
[22:00:32] Clicked 'sell_success_ok' bang template tai (249, 246).
[22:00:33] State -> SELL_CLOSE_SCREEN
[22:00:34] Clicked 'sell_screen_close' bang template tai (470, 49).
[22:00:34] State -> SELL_DISMISS_END_DIALOG
[22:00:35] Clicked 'npc_dialog_continue' bang template+offset tai (275, 265).
[22:00:37] Clicked 'npc_dialog_continue' bang template+offset tai (275, 265).
[22:00:39] Da thoat khoi popup ban nong san.
[22:00:39] State -> SESSION_DONE
[22:00:39] Hoan tat quy trinh tu dong.
[22:00:39] Ban xong. Bat dau lai vong thu hoach moi ngay.
[22:00:39] State -> OPEN_HOME
[22:00:40] Clicked 'open_home' bang template tai (355, 64).
[22:00:40] State -> OPEN_AVAILABLE_TO_HARVEST
[22:00:42] Clicked 'available_to_harvest' bang template tai (70, 163).
[22:00:42] State -> OPEN_HARVEST_POPUP
[22:00:44] Clicked 'harvest_fruit_popup' bang template tai (248, 136).
[22:00:44] State -> SEARCH_TARGET_ROWS
[22:00:45] State -> HARVEST_ROW
[22:00:45] Harvest 'starfruit' tai button (213, 105) (label_score=0.914, button_score=0.919)
[22:00:46] State -> SEARCH_TARGET_ROWS
[22:00:47] State -> HARVEST_ROW
[22:00:47] Harvest 'starfruit' tai button (439, 105) (label_score=0.862, button_score=0.915)
[22:00:48] State -> SEARCH_TARGET_ROWS
[22:00:48] State -> HARVEST_ROW
[22:00:48] Harvest 'starfruit' tai button (213, 105) (label_score=0.914, button_score=0.919)
