[21:43:09] Bot da chay. Nhan ESC de dung an toan.
[21:43:09] Da gan cua so BlueStacks: 'BlueStacks App Player' tai (1392, 720) kich thuoc 528x312
[21:43:09] Phat hien dang o giua quy trinh ban. Tiep tuc tu man hinh hien tai.
[21:43:09] Da o san popup thong bao ban hang thanh cong.
[21:43:09] State -> SELL_SUCCESS_OK
[21:43:10] Clicked 'sell_success_ok' bang template tai (249, 246).
[21:43:11] State -> SELL_CLOSE_SCREEN
[21:43:12] Clicked 'sell_screen_close' bang template tai (470, 49).
[21:43:12] State -> SELL_DISMISS_END_DIALOG
[21:43:13] Da thoat khoi quy trinh ban va quay lai man hinh chinh.
[21:43:13] State -> SESSION_DONE
[21:43:13] Hoan tat quy trinh tu dong.
[21:43:14] Ban xong. Bat dau lai vong thu hoach moi ngay.
[21:43:14] State -> OPEN_HOME
[21:43:14] Bo qua fallback cho 'open_home' vi allow_fallback_clicks=false.
[21:43:15] Bo qua fallback cho 'open_home' vi allow_fallback_clicks=false.
[21:43:16] Bo qua fallback cho 'open_home' vi allow_fallback_clicks=false.
[21:43:18] Bo qua fallback cho 'open_home' vi allow_fallback_clicks=false.
[21:43:19] Bo qua fallback cho 'open_home' vi allow_fallback_clicks=false.
[21:43:19] Khong mo duoc 'Nha ta'. Lan kiem tra tiep theo sau 141.0 giay.
[21:43:19] State -> WAIT_FOR_CHECK
