[23:48:34] Bot da chay. Nhan ESC de dung an toan.
[23:48:34] Da gan cua so BlueStacks: 'BlueStacks App Player' tai (1391, 718) kich thuoc 528x312
[23:48:34] State -> OPEN_HOME
[23:48:35] Da o san trong danh sach trai cay. Chuyen thang sang buoc tim dong can thu hoach.
[23:48:35] State -> SEARCH_TARGET_ROWS
[23:48:36] State -> HARVEST_ROW
[23:48:36] Harvest 'sugar_apple' tai button (213, 145) (label_score=1.000, button_score=0.945)
[23:48:37] State -> SEARCH_TARGET_ROWS
[23:48:37] State -> HARVEST_ROW
[23:48:38] Harvest 'sugar_apple' tai button (439, 145) (label_score=0.982, button_score=0.941)
[23:48:38] State -> SEARCH_TARGET_ROWS
[23:48:39] State -> HARVEST_ROW
[23:48:39] Harvest 'sugar_apple' tai button (213, 145) (label_score=1.000, button_score=0.945)
[23:48:40] State -> SEARCH_TARGET_ROWS
[23:48:40] State -> HARVEST_ROW
[23:48:40] Harvest 'sugar_apple' tai button (439, 145) (label_score=0.982, button_score=0.941)
[23:48:41] State -> SEARCH_TARGET_ROWS
[23:48:41] State -> HARVEST_ROW
[23:48:41] Harvest 'sugar_apple' tai button (213, 145) (label_score=1.000, button_score=0.945)
[23:48:42] State -> SEARCH_TARGET_ROWS
[23:48:43] State -> HARVEST_ROW
[23:48:43] Harvest 'sugar_apple' tai button (439, 145) (label_score=0.978, button_score=0.941)
