[07:35:32] Bot da chay. Nhan ESC de dung an toan.
[07:35:32] Da gan cua so BlueStacks: 'BlueStacks App Player' tai (1391, 720) kich thuoc 528x312
[07:35:32] State -> OPEN_HOME
[07:35:33] Clicked 'open_home' bang fallback+offset tai (256, 297).
[07:35:33] State -> OPEN_AVAILABLE_TO_HARVEST
[07:35:34] Bo qua fallback cho 'available_to_harvest' vi allow_fallback_clicks=false.
[07:35:35] Bo qua fallback cho 'available_to_harvest' vi allow_fallback_clicks=false.
[07:35:37] Bo qua fallback cho 'available_to_harvest' vi allow_fallback_clicks=false.
[07:35:38] Bo qua fallback cho 'available_to_harvest' vi allow_fallback_clicks=false.
[07:35:39] Bo qua fallback cho 'available_to_harvest' vi allow_fallback_clicks=false.
[07:35:39] Khong thay 'Co the thu hoach'. Co the chua den gio thu hoach. Lan kiem tra tiep theo sau 173.5 giay.
[07:35:39] State -> WAIT_FOR_CHECK
[07:38:33] State -> OPEN_HOME
[07:38:34] Da o san man hinh co 'Co the thu hoach'. Bo qua buoc 'Nha ta'.
[07:38:34] State -> OPEN_AVAILABLE_TO_HARVEST
[07:38:35] Clicked 'available_to_harvest' bang template tai (92, 131).
[07:38:36] State -> OPEN_HARVEST_POPUP
[07:38:37] Clicked 'harvest_fruit_popup' bang template tai (248, 136).
[07:38:38] State -> SEARCH_TARGET_ROWS
[07:38:39] State -> HARVEST_ROW
[07:38:39] Harvest 'durian' tai button (213, 105) (label_score=0.853, button_score=0.919)
[07:38:40] State -> SEARCH_TARGET_ROWS
[07:38:41] State -> HARVEST_ROW
[07:38:41] Harvest 'durian' tai button (439, 105) (label_score=0.850, button_score=0.915)
[07:38:41] State -> SEARCH_TARGET_ROWS
[07:38:42] State -> HARVEST_ROW
[07:38:42] Harvest 'durian' tai button (213, 105) (label_score=0.854, button_score=0.919)
[07:38:43] State -> SEARCH_TARGET_ROWS
[07:38:43] State -> HARVEST_ROW
[07:38:43] Harvest 'durian' tai button (439, 105) (label_score=0.848, button_score=0.915)
[07:38:44] State -> SEARCH_TARGET_ROWS
[07:38:45] State -> HARVEST_ROW
[07:38:45] Harvest 'durian' tai button (213, 105) (label_score=0.850, button_score=0.919)
[07:38:45] State -> SEARCH_TARGET_ROWS
[07:38:46] State -> HARVEST_ROW
[07:38:46] Harvest 'durian' tai button (213, 105) (label_score=0.850, button_score=0.919)
[07:38:47] State -> SEARCH_TARGET_ROWS
[07:38:47] State -> HARVEST_ROW
[07:38:47] Harvest 'durian' tai button (439, 105) (label_score=0.848, button_score=0.915)
[07:38:48] State -> SEARCH_TARGET_ROWS
[07:38:48] State -> HARVEST_ROW
[07:38:48] Harvest 'durian' tai button (213, 105) (label_score=0.850, button_score=0.919)
[07:38:49] State -> SEARCH_TARGET_ROWS
[07:38:50] State -> HARVEST_ROW
[07:38:50] Harvest 'durian' tai button (213, 105) (label_score=0.849, button_score=0.919)
[07:38:51] State -> SEARCH_TARGET_ROWS
[07:38:51] State -> HARVEST_ROW
[07:38:51] Harvest 'durian' tai button (213, 105) (label_score=0.849, button_score=0.919)
[07:38:52] State -> SEARCH_TARGET_ROWS
[07:38:52] State -> HARVEST_ROW
[07:38:52] Harvest 'durian' tai button (439, 105) (label_score=0.843, button_score=0.915)
[07:38:53] State -> SEARCH_TARGET_ROWS
[07:38:54] State -> HARVEST_ROW
[07:38:54] Harvest 'durian' tai button (213, 105) (label_score=0.847, button_score=0.919)
[07:38:55] State -> SEARCH_TARGET_ROWS
[07:38:55] State -> HARVEST_ROW
[07:38:55] Harvest 'durian' tai button (439, 105) (label_score=0.850, button_score=0.915)
[07:38:56] State -> SEARCH_TARGET_ROWS
[07:38:56] State -> HARVEST_ROW
[07:38:56] Harvest 'durian' tai button (213, 105) (label_score=0.854, button_score=0.919)
[07:38:58] State -> SEARCH_TARGET_ROWS
[07:38:58] State -> HARVEST_ROW
[07:38:58] Harvest 'durian' tai button (213, 105) (label_score=0.854, button_score=0.919)
[07:38:59] State -> SEARCH_TARGET_ROWS
[07:38:59] State -> HARVEST_ROW
[07:38:59] Harvest 'durian' tai button (439, 105) (label_score=0.850, button_score=0.915)
[07:39:00] State -> SEARCH_TARGET_ROWS
[07:39:00] State -> HARVEST_ROW
[07:39:00] Harvest 'durian' tai button (213, 105) (label_score=0.854, button_score=0.919)
[07:39:01] State -> SEARCH_TARGET_ROWS
[07:39:02] State -> HARVEST_ROW
[07:39:02] Harvest 'durian' tai button (213, 105) (label_score=0.871, button_score=0.919)
[07:39:03] State -> SEARCH_TARGET_ROWS
[07:39:03] State -> HARVEST_ROW
[07:39:03] Harvest 'durian' tai button (439, 105) (label_score=0.869, button_score=0.915)
[07:39:04] State -> SEARCH_TARGET_ROWS
[07:39:04] State -> HARVEST_ROW
[07:39:04] Harvest 'durian' tai button (213, 105) (label_score=0.871, button_score=0.919)
[07:39:05] State -> SEARCH_TARGET_ROWS
[07:39:06] State -> HARVEST_ROW
[07:39:06] Harvest 'durian' tai button (439, 105) (label_score=0.869, button_score=0.915)
[07:39:06] State -> SEARCH_TARGET_ROWS
[07:39:07] State -> HARVEST_ROW
[07:39:07] Harvest 'durian' tai button (213, 105) (label_score=0.870, button_score=0.917)
[07:39:08] State -> SEARCH_TARGET_ROWS
[07:39:08] State -> HARVEST_ROW
[07:39:08] Harvest 'durian' tai button (439, 105) (label_score=0.869, button_score=0.915)
[07:39:09] State -> SEARCH_TARGET_ROWS
[07:39:10] State -> HARVEST_ROW
[07:39:10] Harvest 'durian' tai button (213, 105) (label_score=0.870, button_score=0.919)
[07:39:11] State -> SEARCH_TARGET_ROWS
[07:39:11] State -> HARVEST_ROW
[07:39:11] Harvest 'durian' tai button (213, 105) (label_score=0.870, button_score=0.919)
[07:39:12] State -> SEARCH_TARGET_ROWS
[07:39:12] State -> HARVEST_ROW
[07:39:12] Harvest 'durian' tai button (213, 105) (label_score=0.870, button_score=0.919)
[07:39:13] State -> SEARCH_TARGET_ROWS
[07:39:14] State -> HARVEST_ROW
[07:39:14] Harvest 'durian' tai button (213, 105) (label_score=0.868, button_score=0.919)
[07:39:15] State -> SEARCH_TARGET_ROWS
[07:39:15] State -> HARVEST_ROW
[07:39:15] Harvest 'durian' tai button (213, 105) (label_score=0.868, button_score=0.919)
[07:39:16] State -> SEARCH_TARGET_ROWS
[07:39:17] State -> HARVEST_ROW
[07:39:17] Harvest 'durian' tai button (213, 105) (label_score=0.868, button_score=0.919)
[07:39:18] State -> SEARCH_TARGET_ROWS
[07:39:18] State -> HARVEST_ROW
[07:39:18] Harvest 'durian' tai button (439, 105) (label_score=0.869, button_score=0.915)
[07:39:19] State -> SEARCH_TARGET_ROWS
[07:39:20] State -> HARVEST_ROW
[07:39:20] Harvest 'durian' tai button (213, 105) (label_score=0.873, button_score=0.919)
[07:39:21] State -> SEARCH_TARGET_ROWS
[07:39:21] State -> HARVEST_ROW
[07:39:21] Harvest 'durian' tai button (439, 105) (label_score=0.867, button_score=0.915)
[07:39:22] State -> SEARCH_TARGET_ROWS
[07:39:22] State -> HARVEST_ROW
[07:39:22] Harvest 'durian' tai button (213, 105) (label_score=0.868, button_score=0.919)
[07:39:23] State -> SEARCH_TARGET_ROWS
[07:39:24] State -> HARVEST_ROW
[07:39:24] Harvest 'durian' tai button (439, 105) (label_score=0.867, button_score=0.915)
[07:39:25] State -> SEARCH_TARGET_ROWS
[07:39:25] State -> HARVEST_ROW
[07:39:25] Harvest 'durian' tai button (213, 105) (label_score=0.868, button_score=0.919)
[07:39:26] State -> SEARCH_TARGET_ROWS
[07:39:26] State -> HARVEST_ROW
[07:39:26] Harvest 'durian' tai button (439, 105) (label_score=0.865, button_score=0.915)
[07:39:27] State -> SEARCH_TARGET_ROWS
[07:39:27] State -> HARVEST_ROW
[07:39:27] Harvest 'durian' tai button (213, 105) (label_score=0.867, button_score=0.919)
[07:39:28] State -> SEARCH_TARGET_ROWS
[07:39:29] State -> HARVEST_ROW
[07:39:29] Harvest 'durian' tai button (213, 105) (label_score=0.867, button_score=0.919)
[07:39:30] State -> SEARCH_TARGET_ROWS
[07:39:30] State -> HARVEST_ROW
[07:39:30] Harvest 'durian' tai button (439, 105) (label_score=0.865, button_score=0.915)
[07:39:31] State -> SEARCH_TARGET_ROWS
[07:39:31] State -> HARVEST_ROW
[07:39:31] Harvest 'durian' tai button (213, 105) (label_score=0.867, button_score=0.919)
[07:39:32] State -> SEARCH_TARGET_ROWS
[07:39:33] State -> HARVEST_ROW
[07:39:33] Harvest 'durian' tai button (439, 105) (label_score=0.862, button_score=0.915)
[07:39:34] State -> SEARCH_TARGET_ROWS
[07:39:34] State -> HARVEST_ROW
[07:39:34] Harvest 'durian' tai button (213, 105) (label_score=0.865, button_score=0.919)
[07:39:35] State -> SEARCH_TARGET_ROWS
[07:39:35] State -> HARVEST_ROW
[07:39:35] Harvest 'durian' tai button (439, 105) (label_score=0.862, button_score=0.915)
[07:39:36] State -> SEARCH_TARGET_ROWS
[07:39:36] State -> HARVEST_ROW
[07:39:36] Harvest 'durian' tai button (213, 105) (label_score=0.866, button_score=0.919)
[07:39:37] State -> SEARCH_TARGET_ROWS
[07:39:38] State -> HARVEST_ROW
[07:39:38] Harvest 'durian' tai button (439, 105) (label_score=0.866, button_score=0.915)
[07:39:39] State -> SEARCH_TARGET_ROWS
[07:39:39] State -> HARVEST_ROW
[07:39:39] Harvest 'durian' tai button (213, 105) (label_score=0.867, button_score=0.919)
[07:39:40] State -> SEARCH_TARGET_ROWS
[07:39:40] State -> HARVEST_ROW
[07:39:40] Harvest 'durian' tai button (439, 105) (label_score=0.871, button_score=0.915)
[07:39:41] State -> SEARCH_TARGET_ROWS
[07:39:42] State -> HARVEST_ROW
[07:39:42] Harvest 'durian' tai button (213, 105) (label_score=0.872, button_score=0.919)
[07:39:42] State -> SEARCH_TARGET_ROWS
[07:39:43] State -> HARVEST_ROW
[07:39:43] Harvest 'durian' tai button (439, 105) (label_score=0.867, button_score=0.915)
[07:39:44] State -> SEARCH_TARGET_ROWS
[07:39:44] State -> HARVEST_ROW
[07:39:44] Harvest 'durian' tai button (213, 105) (label_score=0.866, button_score=0.919)
[07:39:45] State -> SEARCH_TARGET_ROWS
[07:39:45] State -> HARVEST_ROW
[07:39:45] Harvest 'durian' tai button (213, 105) (label_score=0.866, button_score=0.919)
[07:39:46] State -> SEARCH_TARGET_ROWS
[07:39:47] State -> HARVEST_ROW
[07:39:47] Harvest 'durian' tai button (439, 105) (label_score=0.866, button_score=0.915)
[07:39:48] State -> SEARCH_TARGET_ROWS
[07:39:48] State -> HARVEST_ROW
[07:39:48] Harvest 'durian' tai button (213, 105) (label_score=0.866, button_score=0.919)
[07:39:49] State -> SEARCH_TARGET_ROWS
[07:39:49] State -> HARVEST_ROW
[07:39:49] Harvest 'durian' tai button (439, 105) (label_score=0.868, button_score=0.915)
[07:39:50] State -> SEARCH_TARGET_ROWS
[07:39:50] State -> HARVEST_ROW
[07:39:50] Harvest 'durian' tai button (213, 105) (label_score=0.869, button_score=0.919)
[07:39:51] State -> SEARCH_TARGET_ROWS
[07:39:52] State -> HARVEST_ROW
[07:39:52] Harvest 'durian' tai button (213, 105) (label_score=0.874, button_score=0.919)
[07:39:53] State -> SEARCH_TARGET_ROWS
[07:39:53] State -> HARVEST_ROW
[07:39:53] Harvest 'durian' tai button (213, 105) (label_score=0.874, button_score=0.919)
[07:39:54] State -> SEARCH_TARGET_ROWS
[07:39:54] State -> HARVEST_ROW
[07:39:54] Harvest 'durian' tai button (439, 105) (label_score=0.873, button_score=0.915)
[07:39:55] State -> SEARCH_TARGET_ROWS
[07:39:55] State -> HARVEST_ROW
[07:39:55] Harvest 'durian' tai button (213, 105) (label_score=0.874, button_score=0.919)
[07:39:56] State -> SEARCH_TARGET_ROWS
[07:39:57] State -> HARVEST_ROW
[07:39:57] Harvest 'durian' tai button (439, 105) (label_score=0.864, button_score=0.915)
[07:39:58] State -> SEARCH_TARGET_ROWS
[07:39:58] State -> HARVEST_ROW
[07:39:58] Harvest 'durian' tai button (213, 105) (label_score=0.865, button_score=0.919)
[07:39:59] State -> SEARCH_TARGET_ROWS
[07:40:00] State -> HARVEST_ROW
[07:40:00] Harvest 'durian' tai button (213, 105) (label_score=0.865, button_score=0.919)
[07:40:00] State -> SEARCH_TARGET_ROWS
[07:40:01] State -> HARVEST_ROW
[07:40:01] Harvest 'durian' tai button (213, 152) (label_score=1.000, button_score=0.927)
[07:40:01] State -> SEARCH_TARGET_ROWS
[07:40:02] State -> HARVEST_ROW
[07:40:02] Harvest 'durian' tai button (439, 152) (label_score=0.990, button_score=0.922)
[07:40:03] State -> SEARCH_TARGET_ROWS
[07:40:03] State -> HARVEST_ROW
[07:40:03] Harvest 'durian' tai button (213, 152) (label_score=1.000, button_score=0.927)
[07:40:04] State -> SEARCH_TARGET_ROWS
[07:40:04] State -> HARVEST_ROW
[07:40:04] Harvest 'durian' tai button (439, 152) (label_score=0.990, button_score=0.922)
[07:40:05] State -> SEARCH_TARGET_ROWS
[07:40:06] State -> HARVEST_ROW
[07:40:06] Harvest 'durian' tai button (213, 105) (label_score=0.874, button_score=0.919)
[07:40:07] State -> SEARCH_TARGET_ROWS
[07:40:07] State -> HARVEST_ROW
[07:40:07] Harvest 'durian' tai button (439, 105) (label_score=0.873, button_score=0.915)
[07:40:08] State -> SEARCH_TARGET_ROWS
[07:40:08] State -> HARVEST_ROW
[07:40:08] Harvest 'durian' tai button (213, 105) (label_score=0.874, button_score=0.919)
[07:40:09] State -> SEARCH_TARGET_ROWS
[07:40:09] State -> HARVEST_ROW
[07:40:09] Harvest 'durian' tai button (439, 105) (label_score=0.866, button_score=0.915)
[07:40:10] State -> SEARCH_TARGET_ROWS
[07:40:11] State -> HARVEST_ROW
[07:40:11] Harvest 'durian' tai button (213, 105) (label_score=0.868, button_score=0.919)
[07:40:12] State -> SEARCH_TARGET_ROWS
[07:40:12] State -> HARVEST_ROW
[07:40:12] Harvest 'durian' tai button (213, 105) (label_score=0.868, button_score=0.919)
[07:40:13] State -> SEARCH_TARGET_ROWS
[07:40:14] State -> HARVEST_ROW
[07:40:14] Harvest 'durian' tai button (213, 105) (label_score=0.867, button_score=0.919)
[07:40:15] State -> SEARCH_TARGET_ROWS
[07:40:15] State -> HARVEST_ROW
[07:40:15] Harvest 'durian' tai button (439, 105) (label_score=0.865, button_score=0.915)
[07:40:16] State -> SEARCH_TARGET_ROWS
[07:40:16] State -> HARVEST_ROW
[07:40:16] Harvest 'durian' tai button (213, 105) (label_score=0.867, button_score=0.919)
[07:40:17] State -> SEARCH_TARGET_ROWS
[07:40:18] State -> HARVEST_ROW
[07:40:18] Harvest 'durian' tai button (439, 105) (label_score=0.865, button_score=0.915)
[07:40:19] State -> SEARCH_TARGET_ROWS
[07:40:19] State -> HARVEST_ROW
[07:40:19] Harvest 'durian' tai button (213, 105) (label_score=0.867, button_score=0.919)
[07:40:20] State -> SEARCH_TARGET_ROWS
[07:40:20] State -> HARVEST_ROW
[07:40:20] Harvest 'durian' tai button (439, 105) (label_score=0.865, button_score=0.915)
[07:40:21] State -> SEARCH_TARGET_ROWS
[07:40:21] State -> HARVEST_ROW
[07:40:21] Harvest 'durian' tai button (213, 105) (label_score=0.867, button_score=0.919)
[07:40:22] State -> SEARCH_TARGET_ROWS
[07:40:23] State -> HARVEST_ROW
[07:40:23] Harvest 'durian' tai button (439, 105) (label_score=0.865, button_score=0.915)
[07:40:24] State -> SEARCH_TARGET_ROWS
[07:40:24] State -> HARVEST_ROW
[07:40:24] Harvest 'durian' tai button (213, 105) (label_score=0.866, button_score=0.919)
[07:40:25] State -> SEARCH_TARGET_ROWS
[07:40:26] State -> HARVEST_ROW
[07:40:26] Harvest 'durian' tai button (439, 105) (label_score=0.865, button_score=0.915)
[07:40:27] State -> SEARCH_TARGET_ROWS
[07:40:27] State -> HARVEST_ROW
[07:40:27] Harvest 'durian' tai button (213, 105) (label_score=0.866, button_score=0.919)
[07:40:28] State -> SEARCH_TARGET_ROWS
[07:40:28] State -> HARVEST_ROW
[07:40:28] Harvest 'durian' tai button (213, 105) (label_score=0.843, button_score=0.889)
[07:40:29] State -> SEARCH_TARGET_ROWS
[07:40:30] State -> HARVEST_ROW
[07:40:30] Harvest 'durian' tai button (439, 105) (label_score=0.871, button_score=0.915)
[07:40:31] State -> SEARCH_TARGET_ROWS
[07:40:31] State -> HARVEST_ROW
[07:40:31] Harvest 'durian' tai button (213, 105) (label_score=0.870, button_score=0.919)
[07:40:32] State -> SEARCH_TARGET_ROWS
[07:40:32] State -> HARVEST_ROW
[07:40:32] Harvest 'durian' tai button (439, 105) (label_score=0.871, button_score=0.915)
[07:40:33] State -> SEARCH_TARGET_ROWS
[07:40:34] State -> HARVEST_ROW
[07:40:34] Harvest 'durian' tai button (213, 105) (label_score=0.870, button_score=0.919)
[07:40:34] State -> SEARCH_TARGET_ROWS
[07:40:35] State -> HARVEST_ROW
[07:40:35] Harvest 'starfruit' tai button (439, 105) (label_score=0.862, button_score=0.915)
[07:40:36] State -> SEARCH_TARGET_ROWS
[07:40:36] State -> HARVEST_ROW
[07:40:36] Harvest 'starfruit' tai button (213, 105) (label_score=0.914, button_score=0.919)
[07:40:37] State -> SEARCH_TARGET_ROWS
[07:40:37] State -> HARVEST_ROW
[07:40:37] Harvest 'starfruit' tai button (213, 105) (label_score=0.915, button_score=0.916)
[07:40:39] State -> SEARCH_TARGET_ROWS
[07:40:39] State -> HARVEST_ROW
[07:40:39] Harvest 'starfruit' tai button (439, 105) (label_score=0.862, button_score=0.915)
[07:40:40] State -> SEARCH_TARGET_ROWS
[07:40:40] State -> HARVEST_ROW
[07:40:40] Harvest 'starfruit' tai button (213, 105) (label_score=0.914, button_score=0.918)
[07:40:41] State -> SEARCH_TARGET_ROWS
[07:40:41] State -> HARVEST_ROW
[07:40:41] Harvest 'starfruit' tai button (439, 105) (label_score=0.862, button_score=0.915)
[07:40:42] State -> SEARCH_TARGET_ROWS
[07:40:43] State -> HARVEST_ROW
[07:40:43] Harvest 'starfruit' tai button (213, 105) (label_score=0.914, button_score=0.919)
[07:40:44] State -> SEARCH_TARGET_ROWS
[07:40:44] State -> HARVEST_ROW
[07:40:44] Harvest 'starfruit' tai button (213, 105) (label_score=0.914, button_score=0.919)
[07:40:45] State -> SEARCH_TARGET_ROWS
[07:40:46] State -> HARVEST_ROW
[07:40:46] Harvest 'starfruit' tai button (213, 105) (label_score=0.914, button_score=0.919)
[07:40:47] State -> SEARCH_TARGET_ROWS
[07:40:47] State -> HARVEST_ROW
[07:40:47] Harvest 'starfruit' tai button (439, 105) (label_score=0.862, button_score=0.915)
[07:40:48] State -> SEARCH_TARGET_ROWS
[07:40:48] State -> HARVEST_ROW
[07:40:49] Harvest 'starfruit' tai button (213, 105) (label_score=0.914, button_score=0.919)
[07:40:50] State -> SEARCH_TARGET_ROWS
[07:40:50] State -> HARVEST_ROW
[07:40:50] Harvest 'starfruit' tai button (439, 105) (label_score=0.862, button_score=0.915)
[07:40:51] State -> SEARCH_TARGET_ROWS
[07:40:51] State -> HARVEST_ROW
[07:40:51] Harvest 'starfruit' tai button (213, 105) (label_score=0.914, button_score=0.919)
[07:40:52] State -> SEARCH_TARGET_ROWS
[07:40:53] State -> HARVEST_ROW
[07:40:53] Harvest 'starfruit' tai button (213, 105) (label_score=0.914, button_score=0.919)
[07:40:54] State -> SEARCH_TARGET_ROWS
[07:40:54] State -> HARVEST_ROW
[07:40:54] Harvest 'starfruit' tai button (213, 105) (label_score=0.914, button_score=0.919)
