[21:47:49] Bot da chay. Nhan ESC de dung an toan.
[21:47:49] Da gan cua so BlueStacks: 'BlueStacks App Player' tai (1392, 718) kich thuoc 528x312
[21:47:49] State -> OPEN_HOME
[21:47:49] Da o san trong danh sach trai cay. Chuyen thang sang buoc tim dong can thu hoach.
[21:47:49] State -> SEARCH_TARGET_ROWS
[21:47:50] State -> HARVEST_ROW
[21:47:50] Harvest 'durian' tai button (213, 105) (label_score=0.874, button_score=0.919)
[21:47:51] State -> SEARCH_TARGET_ROWS
[21:47:52] State -> HARVEST_ROW
[21:47:52] Harvest 'durian' tai button (213, 105) (label_score=0.874, button_score=0.919)
[21:47:53] State -> SEARCH_TARGET_ROWS
[21:47:53] State -> HARVEST_ROW
[21:47:53] Harvest 'durian' tai button (213, 105) (label_score=0.874, button_score=0.919)
[21:47:54] State -> SEARCH_TARGET_ROWS
[21:47:55] State -> HARVEST_ROW
[21:47:55] Harvest 'durian' tai button (213, 105) (label_score=0.868, button_score=0.919)
[21:47:56] State -> SEARCH_TARGET_ROWS
[21:47:56] State -> HARVEST_ROW
[21:47:56] Harvest 'durian' tai button (439, 105) (label_score=0.866, button_score=0.915)
[21:47:57] State -> SEARCH_TARGET_ROWS
[21:47:57] State -> HARVEST_ROW
[21:47:57] Harvest 'durian' tai button (213, 105) (label_score=0.868, button_score=0.919)
[21:47:58] State -> SEARCH_TARGET_ROWS
[21:47:58] State -> HARVEST_ROW
[21:47:58] Harvest 'durian' tai button (439, 105) (label_score=0.866, button_score=0.915)
[21:47:59] State -> SEARCH_TARGET_ROWS
[21:48:00] State -> HARVEST_ROW
[21:48:00] Harvest 'durian' tai button (213, 105) (label_score=0.868, button_score=0.919)
[21:48:01] State -> SEARCH_TARGET_ROWS
[21:48:01] State -> HARVEST_ROW
[21:48:01] Harvest 'durian' tai button (439, 105) (label_score=0.866, button_score=0.915)
[21:48:02] State -> SEARCH_TARGET_ROWS
[21:48:02] State -> HARVEST_ROW
[21:48:02] Harvest 'durian' tai button (213, 105) (label_score=0.867, button_score=0.919)
[21:48:03] State -> SEARCH_TARGET_ROWS
[21:48:04] State -> HARVEST_ROW
[21:48:04] Harvest 'durian' tai button (213, 105) (label_score=0.867, button_score=0.919)
[21:48:05] State -> SEARCH_TARGET_ROWS
[21:48:05] State -> HARVEST_ROW
[21:48:05] Harvest 'durian' tai button (213, 105) (label_score=0.867, button_score=0.919)
[21:48:06] State -> SEARCH_TARGET_ROWS
[21:48:07] State -> HARVEST_ROW
[21:48:07] Harvest 'durian' tai button (439, 105) (label_score=0.865, button_score=0.915)
[21:48:08] State -> SEARCH_TARGET_ROWS
[21:48:08] State -> HARVEST_ROW
[21:48:08] Harvest 'durian' tai button (213, 105) (label_score=0.867, button_score=0.919)
[21:48:09] State -> SEARCH_TARGET_ROWS
[21:48:10] State -> HARVEST_ROW
[21:48:10] Harvest 'durian' tai button (213, 105) (label_score=0.867, button_score=0.919)
[21:48:10] State -> SEARCH_TARGET_ROWS
[21:48:11] State -> HARVEST_ROW
[21:48:11] Harvest 'durian' tai button (439, 105) (label_score=0.865, button_score=0.915)
[21:48:11] State -> SEARCH_TARGET_ROWS
[21:48:12] State -> HARVEST_ROW
[21:48:12] Harvest 'durian' tai button (213, 105) (label_score=0.867, button_score=0.919)
[21:48:13] State -> SEARCH_TARGET_ROWS
[21:48:13] State -> HARVEST_ROW
[21:48:13] Harvest 'durian' tai button (439, 105) (label_score=0.865, button_score=0.915)
[21:48:14] State -> SEARCH_TARGET_ROWS
[21:48:14] State -> HARVEST_ROW
[21:48:14] Harvest 'durian' tai button (213, 105) (label_score=0.867, button_score=0.919)
[21:48:15] State -> SEARCH_TARGET_ROWS
[21:48:16] State -> HARVEST_ROW
[21:48:16] Harvest 'durian' tai button (213, 105) (label_score=0.867, button_score=0.919)
[21:48:17] State -> SEARCH_TARGET_ROWS
[21:48:17] State -> HARVEST_ROW
[21:48:17] Harvest 'durian' tai button (213, 105) (label_score=0.866, button_score=0.919)
[21:48:18] State -> SEARCH_TARGET_ROWS
[21:48:18] State -> HARVEST_ROW
[21:48:18] Harvest 'durian' tai button (439, 105) (label_score=0.865, button_score=0.915)
[21:48:19] State -> SEARCH_TARGET_ROWS
[21:48:19] State -> HARVEST_ROW
[21:48:19] Harvest 'durian' tai button (213, 105) (label_score=0.866, button_score=0.919)
[21:48:21] State -> SEARCH_TARGET_ROWS
[21:48:21] State -> HARVEST_ROW
[21:48:21] Harvest 'durian' tai button (213, 105) (label_score=0.866, button_score=0.919)
[21:48:22] State -> SEARCH_TARGET_ROWS
[21:48:22] State -> HARVEST_ROW
[21:48:22] Harvest 'durian' tai button (213, 105) (label_score=0.866, button_score=0.919)
[21:48:23] State -> SEARCH_TARGET_ROWS
[21:48:23] State -> HARVEST_ROW
[21:48:23] Harvest 'durian' tai button (439, 105) (label_score=0.871, button_score=0.915)
[21:48:25] State -> SEARCH_TARGET_ROWS
[21:48:25] State -> HARVEST_ROW
[21:48:25] Harvest 'durian' tai button (213, 105) (label_score=0.870, button_score=0.919)
[21:48:26] State -> SEARCH_TARGET_ROWS
[21:48:26] State -> HARVEST_ROW
[21:48:26] Harvest 'durian' tai button (439, 105) (label_score=0.871, button_score=0.915)
[21:48:27] State -> SEARCH_TARGET_ROWS
[21:48:28] State -> HARVEST_ROW
[21:48:28] Harvest 'durian' tai button (213, 105) (label_score=0.870, button_score=0.919)
[21:48:28] State -> SEARCH_TARGET_ROWS
[21:48:29] State -> HARVEST_ROW
[21:48:29] Harvest 'durian' tai button (213, 105) (label_score=0.870, button_score=0.919)
[21:48:30] State -> SEARCH_TARGET_ROWS
[21:48:30] State -> HARVEST_ROW
[21:48:30] Harvest 'durian' tai button (439, 105) (label_score=0.871, button_score=0.915)
[21:48:31] State -> SEARCH_TARGET_ROWS
[21:48:32] State -> HARVEST_ROW
[21:48:32] Harvest 'starfruit' tai button (439, 198) (label_score=0.817, button_score=0.945)
[21:48:33] State -> SEARCH_TARGET_ROWS
[21:48:33] State -> HARVEST_ROW
[21:48:33] Harvest 'starfruit' tai button (439, 198) (label_score=0.817, button_score=0.945)
[21:48:34] State -> SEARCH_TARGET_ROWS
[21:48:34] State -> HARVEST_ROW
[21:48:34] Harvest 'starfruit' tai button (439, 198) (label_score=0.817, button_score=0.945)
[21:48:35] State -> SEARCH_TARGET_ROWS
[21:48:36] State -> HARVEST_ROW
[21:48:36] Harvest 'starfruit' tai button (439, 198) (label_score=0.817, button_score=0.945)
[21:48:37] State -> SEARCH_TARGET_ROWS
[21:48:38] State -> HARVEST_ROW
[21:48:38] Harvest 'starfruit' tai button (439, 198) (label_score=0.817, button_score=0.945)
[21:48:39] State -> SEARCH_TARGET_ROWS
[21:48:40] State -> HARVEST_ROW
[21:48:40] Harvest 'starfruit' tai button (439, 198) (label_score=0.817, button_score=0.945)
[21:48:41] State -> SEARCH_TARGET_ROWS
[21:48:42] State -> HARVEST_ROW
[21:48:42] Harvest 'starfruit' tai button (439, 198) (label_score=0.817, button_score=0.945)
[21:48:43] State -> SEARCH_TARGET_ROWS
[21:48:44] State -> HARVEST_ROW
[21:48:44] Harvest 'starfruit' tai button (439, 198) (label_score=0.817, button_score=0.945)
[21:48:45] State -> SEARCH_TARGET_ROWS
[21:48:45] State -> HARVEST_ROW
[21:48:45] Harvest 'starfruit' tai button (439, 198) (label_score=0.817, button_score=0.945)
[21:48:46] State -> SEARCH_TARGET_ROWS
[21:48:47] State -> HARVEST_ROW
[21:48:47] Harvest 'starfruit' tai button (439, 198) (label_score=0.817, button_score=0.945)
[21:48:48] State -> SEARCH_TARGET_ROWS
[21:48:49] State -> HARVEST_ROW
[21:48:50] Harvest 'starfruit' tai button (439, 198) (label_score=0.817, button_score=0.945)
[21:48:50] State -> SEARCH_TARGET_ROWS
[21:48:51] State -> HARVEST_ROW
[21:48:51] Harvest 'starfruit' tai button (439, 198) (label_score=0.817, button_score=0.945)
[21:48:52] State -> SEARCH_TARGET_ROWS
[21:48:55] State -> HARVEST_ROW
[21:48:56] Harvest 'starfruit' tai button (439, 198) (label_score=0.817, button_score=0.945)
[21:48:56] State -> SEARCH_TARGET_ROWS
[21:48:58] State -> HARVEST_ROW
[21:48:58] Harvest 'starfruit' tai button (439, 198) (label_score=0.817, button_score=0.945)
[21:48:59] State -> SEARCH_TARGET_ROWS
[21:49:00] State -> HARVEST_ROW
[21:49:00] Harvest 'starfruit' tai button (439, 198) (label_score=0.817, button_score=0.945)
[21:49:01] State -> SEARCH_TARGET_ROWS
[21:49:02] State -> HARVEST_ROW
[21:49:02] Harvest 'starfruit' tai button (439, 198) (label_score=0.817, button_score=0.945)
[21:49:03] State -> SEARCH_TARGET_ROWS
[21:49:03] State -> HARVEST_ROW
[21:49:03] Harvest 'starfruit' tai button (439, 198) (label_score=0.803, button_score=0.914)
[21:49:04] State -> SEARCH_TARGET_ROWS
[21:49:05] State -> HARVEST_ROW
[21:49:05] Harvest 'starfruit' tai button (213, 244) (label_score=0.914, button_score=0.901)
[21:49:05] State -> SEARCH_TARGET_ROWS
[21:49:06] State -> HARVEST_ROW
[21:49:06] Harvest 'starfruit' tai button (439, 198) (label_score=0.938, button_score=0.945)
[21:49:07] State -> SEARCH_TARGET_ROWS
[21:49:07] State -> HARVEST_ROW
[21:49:07] Harvest 'starfruit' tai button (213, 198) (label_score=0.986, button_score=0.948)
[21:49:08] State -> SEARCH_TARGET_ROWS
[21:49:09] State -> HARVEST_ROW
[21:49:09] Harvest 'starfruit' tai button (439, 198) (label_score=0.938, button_score=0.945)
[21:49:10] State -> SEARCH_TARGET_ROWS
[21:49:10] State -> HARVEST_ROW
[21:49:10] Harvest 'starfruit' tai button (213, 198) (label_score=0.986, button_score=0.949)
[21:49:11] State -> SEARCH_TARGET_ROWS
[21:49:11] State -> HARVEST_ROW
[21:49:11] Harvest 'starfruit' tai button (213, 198) (label_score=0.986, button_score=0.949)
[21:49:12] State -> SEARCH_TARGET_ROWS
[21:49:13] State -> HARVEST_ROW
[21:49:13] Harvest 'starfruit' tai button (213, 198) (label_score=0.986, button_score=0.949)
[21:49:14] State -> SEARCH_TARGET_ROWS
[21:49:14] State -> HARVEST_ROW
[21:49:14] Harvest 'starfruit' tai button (439, 198) (label_score=0.938, button_score=0.945)
[21:49:15] State -> SEARCH_TARGET_ROWS
[21:49:15] State -> HARVEST_ROW
[21:49:15] Harvest 'starfruit' tai button (213, 198) (label_score=0.986, button_score=0.948)
[21:49:16] State -> SEARCH_TARGET_ROWS
[21:49:16] State -> HARVEST_ROW
[21:49:17] Harvest 'starfruit' tai button (439, 198) (label_score=0.936, button_score=0.945)
[21:49:17] State -> SEARCH_TARGET_ROWS
[21:49:18] State -> HARVEST_ROW
[21:49:18] Harvest 'coconut' tai button (213, 152) (label_score=0.794, button_score=0.927)
[21:49:19] State -> SEARCH_TARGET_ROWS
[21:49:19] State -> HARVEST_ROW
[21:49:19] Harvest 'starfruit' tai button (213, 198) (label_score=0.986, button_score=0.949)
[21:49:20] State -> SEARCH_TARGET_ROWS
[21:49:20] State -> HARVEST_ROW
[21:49:20] Harvest 'starfruit' tai button (439, 105) (label_score=0.862, button_score=0.915)
[21:49:21] State -> SEARCH_TARGET_ROWS
[21:49:22] State -> HARVEST_ROW
[21:49:22] Harvest 'starfruit' tai button (213, 105) (label_score=0.914, button_score=0.919)
[21:49:23] State -> SEARCH_TARGET_ROWS
[21:49:23] State -> HARVEST_ROW
[21:49:23] Harvest 'starfruit' tai button (439, 105) (label_score=0.859, button_score=0.915)
[21:49:24] State -> SEARCH_TARGET_ROWS
[21:49:25] State -> HARVEST_ROW
[21:49:25] Harvest 'starfruit' tai button (213, 105) (label_score=0.912, button_score=0.919)
[21:49:25] State -> SEARCH_TARGET_ROWS
[21:49:26] State -> HARVEST_ROW
[21:49:26] Harvest 'starfruit' tai button (439, 105) (label_score=0.862, button_score=0.915)
[21:49:27] State -> SEARCH_TARGET_ROWS
[21:49:27] State -> HARVEST_ROW
[21:49:27] Harvest 'starfruit' tai button (213, 105) (label_score=0.914, button_score=0.919)
[21:49:28] State -> SEARCH_TARGET_ROWS
[21:49:28] State -> HARVEST_ROW
[21:49:28] Harvest 'starfruit' tai button (439, 105) (label_score=0.862, button_score=0.915)
[21:49:29] State -> SEARCH_TARGET_ROWS
[21:49:29] State -> HARVEST_ROW
[21:49:29] Harvest 'starfruit' tai button (213, 105) (label_score=0.914, button_score=0.919)
[21:49:30] State -> SEARCH_TARGET_ROWS
[21:49:31] State -> HARVEST_ROW
[21:49:31] Harvest 'starfruit' tai button (439, 105) (label_score=0.862, button_score=0.915)
[21:49:31] State -> SEARCH_TARGET_ROWS
[21:49:32] State -> HARVEST_ROW
[21:49:32] Harvest 'starfruit' tai button (213, 105) (label_score=0.914, button_score=0.917)
[21:49:33] State -> SEARCH_TARGET_ROWS
[21:49:33] State -> HARVEST_ROW
[21:49:33] Harvest 'starfruit' tai button (439, 105) (label_score=0.862, button_score=0.915)
[21:49:34] State -> SEARCH_TARGET_ROWS
[21:49:34] State -> HARVEST_ROW
[21:49:34] Harvest 'starfruit' tai button (213, 105) (label_score=0.914, button_score=0.919)
[21:49:35] State -> SEARCH_TARGET_ROWS
[21:49:36] State -> HARVEST_ROW
[21:49:36] Harvest 'starfruit' tai button (439, 105) (label_score=0.862, button_score=0.915)
[21:49:36] State -> SEARCH_TARGET_ROWS
[21:49:37] State -> HARVEST_ROW
[21:49:37] Harvest 'starfruit' tai button (213, 105) (label_score=0.914, button_score=0.919)
[21:49:38] State -> SEARCH_TARGET_ROWS
[21:49:38] State -> HARVEST_ROW
[21:49:38] Harvest 'starfruit' tai button (439, 105) (label_score=0.862, button_score=0.915)
[21:49:39] State -> SEARCH_TARGET_ROWS
[21:49:39] State -> HARVEST_ROW
[21:49:39] Harvest 'starfruit' tai button (213, 105) (label_score=0.914, button_score=0.919)
[21:49:40] State -> SEARCH_TARGET_ROWS
[21:49:41] State -> HARVEST_ROW
[21:49:41] Harvest 'starfruit' tai button (439, 105) (label_score=0.862, button_score=0.915)
[21:49:42] State -> SEARCH_TARGET_ROWS
[21:49:42] State -> HARVEST_ROW
[21:49:42] Harvest 'starfruit' tai button (213, 105) (label_score=0.914, button_score=0.919)
[21:49:43] State -> SEARCH_TARGET_ROWS
[21:49:43] State -> HARVEST_ROW
[21:49:43] Harvest 'starfruit' tai button (439, 105) (label_score=0.862, button_score=0.915)
[21:49:44] State -> SEARCH_TARGET_ROWS
[21:49:44] State -> HARVEST_ROW
[21:49:44] Harvest 'starfruit' tai button (213, 105) (label_score=0.914, button_score=0.919)
[21:49:45] State -> SEARCH_TARGET_ROWS
[21:49:46] State -> HARVEST_ROW
[21:49:46] Harvest 'starfruit' tai button (439, 105) (label_score=0.862, button_score=0.915)
[21:49:46] State -> SEARCH_TARGET_ROWS
[21:49:47] State -> HARVEST_ROW
[21:49:47] Harvest 'starfruit' tai button (213, 105) (label_score=0.914, button_score=0.919)
[21:49:48] State -> SEARCH_TARGET_ROWS
[21:49:48] State -> HARVEST_ROW
[21:49:48] Harvest 'starfruit' tai button (439, 105) (label_score=0.862, button_score=0.915)
[21:49:49] State -> SEARCH_TARGET_ROWS
[21:49:49] State -> HARVEST_ROW
[21:49:49] Harvest 'starfruit' tai button (213, 105) (label_score=0.914, button_score=0.919)
[21:49:50] State -> SEARCH_TARGET_ROWS
[21:49:50] State -> HARVEST_ROW
[21:49:50] Harvest 'starfruit' tai button (439, 105) (label_score=0.862, button_score=0.915)
[21:49:51] State -> SEARCH_TARGET_ROWS
[21:49:51] State -> HARVEST_ROW
[21:49:51] Harvest 'starfruit' tai button (213, 105) (label_score=0.914, button_score=0.908)
[21:49:52] State -> SEARCH_TARGET_ROWS
[21:49:53] State -> HARVEST_ROW
[21:49:53] Harvest 'starfruit' tai button (213, 105) (label_score=0.914, button_score=0.919)
[21:49:54] State -> SEARCH_TARGET_ROWS
[21:49:54] State -> HARVEST_ROW
[21:49:54] Harvest 'starfruit' tai button (439, 105) (label_score=0.862, button_score=0.915)
[21:49:55] State -> SEARCH_TARGET_ROWS
[21:49:56] State -> HARVEST_ROW
[21:49:56] Harvest 'starfruit' tai button (213, 105) (label_score=0.914, button_score=0.919)
[21:49:56] State -> SEARCH_TARGET_ROWS
[21:49:57] State -> HARVEST_ROW
[21:49:57] Harvest 'starfruit' tai button (439, 105) (label_score=0.862, button_score=0.915)
[21:49:58] State -> SEARCH_TARGET_ROWS
[21:49:58] State -> HARVEST_ROW
[21:49:58] Harvest 'starfruit' tai button (213, 105) (label_score=0.914, button_score=0.918)
[21:49:59] State -> SEARCH_TARGET_ROWS
[21:49:59] State -> HARVEST_ROW
[21:49:59] Harvest 'starfruit' tai button (439, 105) (label_score=0.862, button_score=0.915)
[21:50:00] State -> SEARCH_TARGET_ROWS
[21:50:00] State -> BAG_FULL
[21:50:00] Da luu anh runtime: bag_full_live_detected.png
[21:50:00] Phat hien thong bao day tui. Thu dong popup bang nut X.
[21:50:00] Clicked 'close_harvest_popup' bang template tai (470, 58).
[21:50:02] Da luu anh runtime: after_bag_full_close.png
[21:50:02] Bat dau quy trinh ban nong san sau khi day tui.
[21:50:02] State -> OPEN_SELL_ENTRY
[21:50:02] Clicked 'sell_entry' bang template tai (428, 103).
[21:50:02] State -> OPEN_SELL_CART
[21:50:04] Clicked 'sell_cart' bang fallback tai (228, 102).
[21:50:04] State -> ADVANCE_SELL_NPC_DIALOG
[21:50:06] Clicked 'npc_dialog_continue' bang fallback+offset tai (274, 311).
[21:50:06] State -> OPEN_SELL_PRODUCE_OPTION
[21:50:07] Clicked 'sell_produce_option' bang fallback tai (415, 190).
[21:50:08] State -> SELL_AUTO_SELECT
[21:50:09] Da o san man hinh chinh co nut 'Ban'.
[21:50:09] State -> OPEN_SELL_ENTRY
[21:50:10] Clicked 'sell_entry' bang template tai (428, 103).
[21:50:11] State -> OPEN_SELL_CART
[21:50:12] Clicked 'sell_cart' bang fallback tai (228, 102).
[21:50:12] State -> ADVANCE_SELL_NPC_DIALOG
[21:50:13] Da o san popup chon 'Ban nong san'.
[21:50:13] State -> OPEN_SELL_PRODUCE_OPTION
[21:50:15] Clicked 'sell_produce_option' bang fallback tai (415, 190).
[21:50:15] State -> SELL_AUTO_SELECT
[21:50:17] Clicked 'sell_auto_select' bang fallback tai (336, 289).
[21:50:17] State -> SELL_SUBMIT_SELECTION
[21:50:18] Clicked 'sell_bottom_submit' bang fallback+offset tai (423, 289).
[21:50:19] State -> SELL_CONFIRM_POPUP_SUBMIT
[21:50:20] Clicked 'sell_popup_submit' bang fallback+offset tai (248, 260).
[21:50:20] State -> SELL_FINAL_CONFIRM
[21:50:22] Da o san man hinh chinh co nut 'Ban'.
[21:50:22] State -> OPEN_SELL_ENTRY
[21:50:23] Clicked 'sell_entry' bang template tai (428, 103).
[21:50:23] State -> OPEN_SELL_CART
[21:50:25] Da o san man hinh chinh co nut 'Ban'.
[21:50:25] State -> OPEN_SELL_ENTRY
[21:50:26] Clicked 'sell_entry' bang template tai (428, 103).
[21:50:26] State -> OPEN_SELL_CART
[21:50:27] Da o san man hinh chinh co nut 'Ban'.
[21:50:27] State -> OPEN_SELL_ENTRY
[21:50:28] Clicked 'sell_entry' bang template tai (428, 103).
[21:50:29] State -> OPEN_SELL_CART
[21:50:30] Da o san man hinh chinh co nut 'Ban'.
[21:50:30] State -> OPEN_SELL_ENTRY
[21:50:31] Clicked 'sell_entry' bang template tai (428, 103).
[21:50:32] State -> OPEN_SELL_CART
[21:50:33] Da o san man hinh chinh co nut 'Ban'.
[21:50:33] State -> OPEN_SELL_ENTRY
[21:50:34] Clicked 'sell_entry' bang fallback tai (426, 108).
[21:50:34] State -> OPEN_SELL_CART
[21:50:36] Clicked 'sell_cart' bang fallback tai (228, 102).
[21:50:36] State -> ADVANCE_SELL_NPC_DIALOG
[21:50:38] Clicked 'npc_dialog_continue' bang fallback+offset tai (274, 311).
[21:50:38] State -> OPEN_SELL_PRODUCE_OPTION
[21:50:40] Clicked 'sell_produce_option' bang fallback tai (415, 190).
[21:50:40] State -> SELL_AUTO_SELECT
[21:50:41] Da o san man hinh chinh co nut 'Ban'.
[21:50:41] State -> OPEN_SELL_ENTRY
[21:50:42] Clicked 'sell_entry' bang fallback tai (426, 108).
[21:50:43] State -> OPEN_SELL_CART
[21:50:44] Clicked 'sell_cart' bang fallback tai (228, 102).
[21:50:45] State -> ADVANCE_SELL_NPC_DIALOG
[21:50:46] Clicked 'npc_dialog_continue' bang fallback+offset tai (274, 311).
[21:50:46] State -> OPEN_SELL_PRODUCE_OPTION
[21:50:48] Clicked 'sell_produce_option' bang fallback tai (415, 190).
[21:50:48] State -> SELL_AUTO_SELECT
[21:50:49] Da gan cua so BlueStacks: 'BlueStacks App Player' tai (1392, 720) kich thuoc 525x310
[21:50:50] Clicked 'sell_auto_select' bang fallback tai (334, 287).
[21:50:50] State -> SELL_SUBMIT_SELECTION
[21:50:52] Clicked 'sell_bottom_submit' bang fallback+offset tai (421, 287).
[21:50:52] State -> SELL_CONFIRM_POPUP_SUBMIT
[21:50:53] Clicked 'sell_popup_submit' bang fallback+offset tai (247, 258).
[21:50:54] State -> SELL_FINAL_CONFIRM
[21:50:55] Clicked 'sell_final_confirm' bang fallback tai (313, 246).
[21:50:55] State -> SELL_SUCCESS_OK
[21:50:57] Da gan cua so BlueStacks: 'BlueStacks App Player' tai (1392, 720) kich thuoc 276x170
[21:50:57] Clicked 'sell_success_ok' bang fallback tai (130, 135).
[21:50:57] State -> SELL_CLOSE_SCREEN
[21:50:59] Clicked 'sell_screen_close' bang fallback tai (246, 27).
[21:50:59] State -> SELL_DISMISS_END_DIALOG
[21:51:00] Da gan cua so BlueStacks: 'BlueStacks App Player' tai (1392, 720) kich thuoc 469x279
[21:51:04] Da gan cua so BlueStacks: 'BlueStacks App Player' tai (1392, 720) kich thuoc 524x310
[21:51:04] Khong dong duoc hoi thoai ket thuc sau khi ban.
[21:51:04] State -> SESSION_DONE
[21:51:04] Hoan tat quy trinh tu dong.
[21:51:04] Hoan tat session. Lan kiem tra tiep theo sau 125.1 giay.
[21:51:04] State -> WAIT_FOR_CHECK
[21:51:08] Da gan cua so BlueStacks: 'BlueStacks App Player' tai (1392, 720) kich thuoc 523x309
[21:51:11] Da gan cua so BlueStacks: 'BlueStacks App Player' tai (1392, 720) kich thuoc 528x312
[21:51:45] Da gan cua so BlueStacks: 'BlueStacks App Player' tai (862, 602) kich thuoc 528x312
[21:51:48] Da gan cua so BlueStacks: 'BlueStacks App Player' tai (866, 603) kich thuoc 528x312
[21:53:09] State -> OPEN_HOME
[21:53:10] Bo qua fallback cho 'open_home' vi allow_fallback_clicks=false.
[21:53:11] Bo qua fallback cho 'open_home' vi allow_fallback_clicks=false.
[21:53:12] Bo qua fallback cho 'open_home' vi allow_fallback_clicks=false.
[21:53:13] Bo qua fallback cho 'open_home' vi allow_fallback_clicks=false.
[21:53:15] Bo qua fallback cho 'open_home' vi allow_fallback_clicks=false.
[21:53:15] Khong mo duoc 'Nha ta'. Lan kiem tra tiep theo sau 167.2 giay.
[21:53:15] State -> WAIT_FOR_CHECK
[21:53:16] Da gan cua so BlueStacks: 'BlueStacks App Player' tai (1388, 720) kich thuoc 528x312
[21:53:20] Da gan cua so BlueStacks: 'BlueStacks App Player' tai (1391, 720) kich thuoc 528x312
[21:56:02] State -> OPEN_HOME
[21:56:03] Bo qua fallback cho 'open_home' vi allow_fallback_clicks=false.
[21:56:04] Bo qua fallback cho 'open_home' vi allow_fallback_clicks=false.
[21:56:05] Bo qua fallback cho 'open_home' vi allow_fallback_clicks=false.
[21:56:07] Bo qua fallback cho 'open_home' vi allow_fallback_clicks=false.
[21:56:08] Bo qua fallback cho 'open_home' vi allow_fallback_clicks=false.
[21:56:08] Khong mo duoc 'Nha ta'. Lan kiem tra tiep theo sau 138.1 giay.
[21:56:08] State -> WAIT_FOR_CHECK
